2024-01-22 14:47:06.5541[TRACE]Receive [S1F13_E] ,TrxId[202401221447065490],SystemBytes[1747581664]
00 00 81 0D 00 00 68 29 FA E0 
01 02 41 07 41 31 32 4C 31 39     33 41 05 30 2E 30 2E 30 
S1F13 H2E Wbit(True) DeviceID(0) Systembytes(1747581664)
<L [2]
    <A [7] A12L193> * 
    <A [5] 0.0.0> * 
>

2024-01-22 14:47:06.5706[TRACE]Send [S1F13_H] Establish Communications Request,TrxId[2024012214472206517],SystemBytes[2]
00 01 81 0D 00 00 00 00 00 02 
01 00 
S1F13 H2E Wbit(True) DeviceID(1) Systembytes(2)
<L [0]
>

2024-01-22 14:47:06.5970[TRACE]Receive [S9F1_E] ,TrxId[202401221447065970],SystemBytes[2]
00 00 09 01 00 00 00 00 00 02 
21 0A 00 01 81 0D 00 00 00 00     00 02 
S9F1 H2E Wbit(False) DeviceID(0) Systembytes(2)
<BIN [10] 0 1 129 13 0 0 0 0 0 2> * 

2024-01-22 14:47:23.8046[TRACE]Send [S1F1_H] AreYouThereRequest,TrxId[2024012214472223741],SystemBytes[3]
00 01 81 01 00 00 00 00 00 03 

S1F1 H2E Wbit(True) DeviceID(1) Systembytes(3)

2024-01-22 14:47:23.8208[TRACE]Receive [S9F1_E] ,TrxId[202401221447238208],SystemBytes[3]
00 00 09 01 00 00 00 00 00 03 
21 0A 00 01 81 01 00 00 00 00     00 03 
S9F1 H2E Wbit(False) DeviceID(0) Systembytes(3)
<BIN [10] 0 1 129 1 0 0 0 0 0 3> * 

2024-01-22 14:47:51.5214[TRACE]Receive [S9F9_E] ,TrxId[202401221447515214],SystemBytes[3]
00 00 09 09 00 00 00 00 00 03 
21 0A 00 00 81 0D 00 00 68 29     FA E0 
S9F9 H2E Wbit(False) DeviceID(0) Systembytes(3)
<BIN [10] 0 0 129 13 0 0 104 41 250 224> * 

2024-01-22 14:47:51.5692[TRACE]Receive [S1F13_E] ,TrxId[202401221447515692],SystemBytes[2591948688]
00 00 81 0D 00 00 9A 7D FF 90 
01 02 41 07 41 31 32 4C 31 39     33 41 05 30 2E 30 2E 30 
S1F13 H2E Wbit(True) DeviceID(0) Systembytes(2591948688)
<L [2]
    <A [7] A12L193> * 
    <A [5] 0.0.0> * 
>

2024-01-22 14:47:51.5850[TRACE]T3 timeout S1F13_H,TrxId[2024012214472206517],SystemBytes[2]
 00 01 81 0D 00 00 00 00 00 02 
01 00 
S1F13 H2E Wbit(True) DeviceID(1) Systembytes(2)
<L [0]
>

2024-01-22 14:48:08.8005[TRACE]T3 timeout S1F1_H,TrxId[2024012214472223741],SystemBytes[3]
 00 01 81 01 00 00 00 00 00 03 

S1F1 H2E Wbit(True) DeviceID(1) Systembytes(3)

2024-01-22 14:48:24.4112[TRACE]Send [S1F1_H] AreYouThereRequest,TrxId[2024012214482224315],SystemBytes[5]
00 01 81 01 00 00 00 00 00 05 

S1F1 H2E Wbit(True) DeviceID(1) Systembytes(5)

2024-01-22 14:48:24.4271[TRACE]Receive [S9F1_E] ,TrxId[202401221448244271],SystemBytes[5]
00 00 09 01 00 00 00 00 00 05 
21 0A 00 01 81 01 00 00 00 00     00 05 
S9F1 H2E Wbit(False) DeviceID(0) Systembytes(5)
<BIN [10] 0 1 129 1 0 0 0 0 0 5> * 

2024-01-22 14:48:36.5545[TRACE]Receive [S9F9_E] ,TrxId[202401221448365545],SystemBytes[5]
00 00 09 09 00 00 00 00 00 05 
21 0A 00 00 81 0D 00 00 9A 7D     FF 90 
S9F9 H2E Wbit(False) DeviceID(0) Systembytes(5)
<BIN [10] 0 0 129 13 0 0 154 125 255 144> * 

2024-01-22 14:48:36.6025[TRACE]Receive [S1F13_E] ,TrxId[202401221448366025],SystemBytes[1909353858]
00 00 81 0D 00 00 71 CE 6D 82 
01 02 41 07 41 31 32 4C 31 39     33 41 05 30 2E 30 2E 30 
S1F13 H2E Wbit(True) DeviceID(0) Systembytes(1909353858)
<L [2]
    <A [7] A12L193> * 
    <A [5] 0.0.0> * 
>

2024-01-22 14:49:09.4110[TRACE]T3 timeout S1F1_H,TrxId[2024012214482224315],SystemBytes[5]
 00 01 81 01 00 00 00 00 00 05 

S1F1 H2E Wbit(True) DeviceID(1) Systembytes(5)

2024-01-22 14:49:21.5838[TRACE]Receive [S9F9_E] ,TrxId[202401221449215838],SystemBytes[6]
00 00 09 09 00 00 00 00 00 06 
21 0A 00 00 81 0D 00 00 71 CE     6D 82 
S9F9 H2E Wbit(False) DeviceID(0) Systembytes(6)
<BIN [10] 0 0 129 13 0 0 113 206 109 130> * 

2024-01-22 14:49:21.6148[TRACE]Receive [S1F13_E] ,TrxId[202401221449216148],SystemBytes[3185157954]
00 00 81 0D 00 00 BD D9 A7 42 
01 02 41 07 41 31 32 4C 31 39     33 41 05 30 2E 30 2E 30 
S1F13 H2E Wbit(True) DeviceID(0) Systembytes(3185157954)
<L [2]
    <A [7] A12L193> * 
    <A [5] 0.0.0> * 
>

2024-01-22 14:49:24.8965[TRACE]Send [S1F1_H] AreYouThereRequest,TrxId[2024012214492224881],SystemBytes[7]
00 01 81 01 00 00 00 00 00 07 

S1F1 H2E Wbit(True) DeviceID(1) Systembytes(7)

2024-01-22 14:49:24.9122[TRACE]Receive [S9F1_E] ,TrxId[202401221449249122],SystemBytes[7]
00 00 09 01 00 00 00 00 00 07 
21 0A 00 01 81 01 00 00 00 00     00 07 
S9F1 H2E Wbit(False) DeviceID(0) Systembytes(7)
<BIN [10] 0 1 129 1 0 0 0 0 0 7> * 

2024-01-22 14:50:06.5988[TRACE]Receive [S9F9_E] ,TrxId[202401221450065988],SystemBytes[8]
00 00 09 09 00 00 00 00 00 08 
21 0A 00 00 81 0D 00 00 BD D9     A7 42 
S9F9 H2E Wbit(False) DeviceID(0) Systembytes(8)
<BIN [10] 0 0 129 13 0 0 189 217 167 66> * 

2024-01-22 14:50:06.6626[TRACE]Receive [S1F13_E] ,TrxId[202401221450066626],SystemBytes[711870917]
00 00 81 0D 00 00 2A 6E 49 C5 
01 02 41 07 41 31 32 4C 31 39     33 41 05 30 2E 30 2E 30 
S1F13 H2E Wbit(True) DeviceID(0) Systembytes(711870917)
<L [2]
    <A [7] A12L193> * 
    <A [5] 0.0.0> * 
>

2024-01-22 14:50:09.9114[TRACE]T3 timeout S1F1_H,TrxId[2024012214492224881],SystemBytes[7]
 00 01 81 01 00 00 00 00 00 07 

S1F1 H2E Wbit(True) DeviceID(1) Systembytes(7)

2024-01-22 14:50:15.5342[TRACE]Send [S2F15_H] Set Equipment Constants,TrxId[202401221450155018],SystemBytes[9]
00 01 82 0F 00 00 00 00 00 09 
01 07 01 02 B1 04 00 00 04 E2     A9 02 07 E7 01 02 B1 04 00 00 
04 E3 A9 02 00 0C 01 02 B1 04     00 00 04 E4 A9 02 00 1F 01 02 
B1 04 00 00 04 E5 A9 02 00 0D     01 02 B1 04 00 00 04 E6 A9 02 
00 00 01 02 B1 04 00 00 04 E7     A9 02 00 00 01 02 B1 04 00 00 
08 02 25 01 01 
S2F15 H2E Wbit(True) DeviceID(1) Systembytes(9)
<L [7]
    <L [2]
        <U4 [1] 1250> *ECID 
        <U2 [1] 2023> *ECID 
    >
    <L [2]
        <U4 [1] 1251> *ECID 
        <U2 [1] 12> *ECID 
    >
    <L [2]
        <U4 [1] 1252> *ECID 
        <U2 [1] 31> *ECID 
    >
    <L [2]
        <U4 [1] 1253> *ECID 
        <U2 [1] 13> *ECID 
    >
    <L [2]
        <U4 [1] 1254> *ECID 
        <U2 [1] 0> *ECID 
    >
    <L [2]
        <U4 [1] 1255> *ECID 
        <U2 [1] 0> *ECID 
    >
    <L [2]
        <U4 [1] 2050> *ECID 
        <B [1] 1> *ECID 
    >
>

2024-01-22 14:50:15.5468[TRACE]Receive [S9F1_E] ,TrxId[202401221450155468],SystemBytes[9]
00 00 09 01 00 00 00 00 00 09 
21 0A 00 01 82 0F 00 00 00 00     00 09 
S9F1 H2E Wbit(False) DeviceID(0) Systembytes(9)
<BIN [10] 0 1 130 15 0 0 0 0 0 9> * 

2024-01-22 14:50:25.4556[TRACE]Send [S1F1_H] AreYouThereRequest,TrxId[2024012214502225432],SystemBytes[10]
00 01 81 01 00 00 00 00 00 0A 

S1F1 H2E Wbit(True) DeviceID(1) Systembytes(10)

2024-01-22 14:50:25.4709[TRACE]Receive [S9F1_E] ,TrxId[202401221450254709],SystemBytes[10]
00 00 09 01 00 00 00 00 00 0A 
21 0A 00 01 81 01 00 00 00 00     00 0A 
S9F1 H2E Wbit(False) DeviceID(0) Systembytes(10)
<BIN [10] 0 1 129 1 0 0 0 0 0 10> * 

2024-01-22 14:50:51.6447[TRACE]Receive [S9F9_E] ,TrxId[202401221450516447],SystemBytes[10]
00 00 09 09 00 00 00 00 00 0A 
21 0A 00 00 81 0D 00 00 2A 6E     49 C5 
S9F9 H2E Wbit(False) DeviceID(0) Systembytes(10)
<BIN [10] 0 0 129 13 0 0 42 110 73 197> * 

2024-01-22 14:50:51.6758[TRACE]Receive [S1F13_E] ,TrxId[202401221450516758],SystemBytes[1154801375]
00 00 81 0D 00 00 44 D4 DE DF 
01 02 41 07 41 31 32 4C 31 39     33 41 05 30 2E 30 2E 30 
S1F13 H2E Wbit(True) DeviceID(0) Systembytes(1154801375)
<L [2]
    <A [7] A12L193> * 
    <A [5] 0.0.0> * 
>

2024-01-22 14:51:00.5341[TRACE]T3 timeout S2F15_H,TrxId[202401221450155018],SystemBytes[9]
 00 01 82 0F 00 00 00 00 00 09 
01 07 01 02 B1 04 00 00 04 E2     A9 02 07 E7 01 02 B1 04 00 00 
04 E3 A9 02 00 0C 01 02 B1 04     00 00 04 E4 A9 02 00 1F 01 02 
B1 04 00 00 04 E5 A9 02 00 0D     01 02 B1 04 00 00 04 E6 A9 02 
00 00 01 02 B1 04 00 00 04 E7     A9 02 00 00 01 02 B1 04 00 00 
08 02 25 01 01 
S2F15 H2E Wbit(True) DeviceID(1) Systembytes(9)
<L [7]
    <L [2]
        <U4 [1] 1250> *ECID_1250 
        <U2 [1] 2023> *ECV 
    >
    <L [2]
        <U4 [1] 1251> *ECID_1251 
        <U2 [1] 12> *ECV 
    >
    <L [2]
        <U4 [1] 1252> *ECID_1252 
        <U2 [1] 31> *ECV 
    >
    <L [2]
        <U4 [1] 1253> *ECID_1253 
        <U2 [1] 13> *ECV 
    >
    <L [2]
        <U4 [1] 1254> *ECID_1254 
        <U2 [1] 00> *ECV 
    >
    <L [2]
        <U4 [1] 1255> *ECID_1255 
        <U2 [1] 00> *ECV 
    >
    <L [2]
        <U4 [1] 2050> *ECID_2050 
        <B [1] 1> *ECV 
    >
>

2024-01-22 14:51:02.8409[TRACE]Send [S2F15_H] Set Equipment Constants,TrxId[202401221451027778],SystemBytes[11]
00 01 82 0F 00 00 00 00 00 0B 
01 07 01 02 B1 04 00 00 04 E2     A9 02 07 E7 01 02 B1 04 00 00 
04 E3 A9 02 00 0C 01 02 B1 04     00 00 04 E4 A9 02 00 1F 01 02 
B1 04 00 00 04 E5 A9 02 00 0D     01 02 B1 04 00 00 04 E6 A9 02 
00 00 01 02 B1 04 00 00 04 E7     A9 02 00 00 01 02 B1 04 00 00 
08 02 25 01 01 
S2F15 H2E Wbit(True) DeviceID(1) Systembytes(11)
<L [7]
    <L [2]
        <U4 [1] 1250> *ECID 
        <U2 [1] 2023> *ECID 
    >
    <L [2]
        <U4 [1] 1251> *ECID 
        <U2 [1] 12> *ECID 
    >
    <L [2]
        <U4 [1] 1252> *ECID 
        <U2 [1] 31> *ECID 
    >
    <L [2]
        <U4 [1] 1253> *ECID 
        <U2 [1] 13> *ECID 
    >
    <L [2]
        <U4 [1] 1254> *ECID 
        <U2 [1] 0> *ECID 
    >
    <L [2]
        <U4 [1] 1255> *ECID 
        <U2 [1] 0> *ECID 
    >
    <L [2]
        <U4 [1] 2050> *ECID 
        <B [1] 1> *ECID 
    >
>

2024-01-22 14:51:02.8567[TRACE]Receive [S9F1_E] ,TrxId[202401221451028567],SystemBytes[11]
00 00 09 01 00 00 00 00 00 0B 
21 0A 00 01 82 0F 00 00 00 00     00 0B 
S9F1 H2E Wbit(False) DeviceID(0) Systembytes(11)
<BIN [10] 0 1 130 15 0 0 0 0 0 11> * 

2024-01-22 14:51:10.4567[TRACE]T3 timeout S1F1_H,TrxId[2024012214502225432],SystemBytes[10]
 00 01 81 01 00 00 00 00 00 0A 

S1F1 H2E Wbit(True) DeviceID(1) Systembytes(10)

2024-01-22 14:51:26.1320[TRACE]Send [S1F1_H] AreYouThereRequest,TrxId[2024012214512226020],SystemBytes[13]
00 01 81 01 00 00 00 00 00 0D 

S1F1 H2E Wbit(True) DeviceID(1) Systembytes(13)

2024-01-22 14:51:26.1477[TRACE]Receive [S9F1_E] ,TrxId[202401221451261477],SystemBytes[13]
00 00 09 01 00 00 00 00 00 0D 
21 0A 00 01 81 01 00 00 00 00     00 0D 
S9F1 H2E Wbit(False) DeviceID(0) Systembytes(13)
<BIN [10] 0 1 129 1 0 0 0 0 0 13> * 

2024-01-22 14:51:36.6750[TRACE]Receive [S9F9_E] ,TrxId[202401221451366750],SystemBytes[13]
00 00 09 09 00 00 00 00 00 0D 
21 0A 00 00 81 0D 00 00 44 D4     DE DF 
S9F9 H2E Wbit(False) DeviceID(0) Systembytes(13)
<BIN [10] 0 0 129 13 0 0 68 212 222 223> * 

2024-01-22 14:51:36.7079[TRACE]Receive [S1F13_E] ,TrxId[202401221451367079],SystemBytes[577212001]
00 00 81 0D 00 00 22 67 8E 61 
01 02 41 07 41 31 32 4C 31 39     33 41 05 30 2E 30 2E 30 
S1F13 H2E Wbit(True) DeviceID(0) Systembytes(577212001)
<L [2]
    <A [7] A12L193> * 
    <A [5] 0.0.0> * 
>

2024-01-22 14:51:47.8413[TRACE]T3 timeout S2F15_H,TrxId[202401221451027778],SystemBytes[11]
 00 01 82 0F 00 00 00 00 00 0B 
01 07 01 02 B1 04 00 00 04 E2     A9 02 07 E7 01 02 B1 04 00 00 
04 E3 A9 02 00 0C 01 02 B1 04     00 00 04 E4 A9 02 00 1F 01 02 
B1 04 00 00 04 E5 A9 02 00 0D     01 02 B1 04 00 00 04 E6 A9 02 
00 00 01 02 B1 04 00 00 04 E7     A9 02 00 00 01 02 B1 04 00 00 
08 02 25 01 01 
S2F15 H2E Wbit(True) DeviceID(1) Systembytes(11)
<L [7]
    <L [2]
        <U4 [1] 1250> *ECID_1250 
        <U2 [1] 2023> *ECV 
    >
    <L [2]
        <U4 [1] 1251> *ECID_1251 
        <U2 [1] 12> *ECV 
    >
    <L [2]
        <U4 [1] 1252> *ECID_1252 
        <U2 [1] 31> *ECV 
    >
    <L [2]
        <U4 [1] 1253> *ECID_1253 
        <U2 [1] 13> *ECV 
    >
    <L [2]
        <U4 [1] 1254> *ECID_1254 
        <U2 [1] 00> *ECV 
    >
    <L [2]
        <U4 [1] 1255> *ECID_1255 
        <U2 [1] 00> *ECV 
    >
    <L [2]
        <U4 [1] 2050> *ECID_2050 
        <B [1] 1> *ECV 
    >
>

2024-01-22 14:52:11.1261[TRACE]T3 timeout S1F1_H,TrxId[2024012214512226020],SystemBytes[13]
 00 01 81 01 00 00 00 00 00 0D 

S1F1 H2E Wbit(True) DeviceID(1) Systembytes(13)

2024-01-22 14:52:14.6170[TRACE]Send [S2F15_H] Set Equipment Constants,TrxId[202401221452145215],SystemBytes[15]
00 01 82 0F 00 00 00 00 00 0F 
01 01 01 02 B1 04 00 00 08 13     25 01 01 
S2F15 H2E Wbit(True) DeviceID(1) Systembytes(15)
<L [1]
    <L [2]
        <U4 [1] 2067> *ECID 
        <B [1] 1> *ECID 
    >
>

2024-01-22 14:52:14.6329[TRACE]Receive [S9F1_E] ,TrxId[202401221452146329],SystemBytes[15]
00 00 09 01 00 00 00 00 00 0F 
21 0A 00 01 82 0F 00 00 00 00     00 0F 
S9F1 H2E Wbit(False) DeviceID(0) Systembytes(15)
<BIN [10] 0 1 130 15 0 0 0 0 0 15> * 

2024-01-22 14:52:21.7120[TRACE]Receive [S9F9_E] ,TrxId[202401221452217120],SystemBytes[15]
00 00 09 09 00 00 00 00 00 0F 
21 0A 00 00 81 0D 00 00 22 67     8E 61 
S9F9 H2E Wbit(False) DeviceID(0) Systembytes(15)
<BIN [10] 0 0 129 13 0 0 34 103 142 97> * 

2024-01-22 14:52:21.7433[TRACE]Receive [S1F13_E] ,TrxId[202401221452217433],SystemBytes[1870594537]
00 00 81 0D 00 00 6F 7F 01 E9 
01 02 41 07 41 31 32 4C 31 39     33 41 05 30 2E 30 2E 30 
S1F13 H2E Wbit(True) DeviceID(0) Systembytes(1870594537)
<L [2]
    <A [7] A12L193> * 
    <A [5] 0.0.0> * 
>

2024-01-22 14:52:26.7292[TRACE]Send [S1F1_H] AreYouThereRequest,TrxId[2024012214522226633],SystemBytes[16]
00 01 81 01 00 00 00 00 00 10 

S1F1 H2E Wbit(True) DeviceID(1) Systembytes(16)

2024-01-22 14:52:26.7450[TRACE]Receive [S9F1_E] ,TrxId[202401221452267450],SystemBytes[16]
00 00 09 01 00 00 00 00 00 10 
21 0A 00 01 81 01 00 00 00 00     00 10 
S9F1 H2E Wbit(False) DeviceID(0) Systembytes(16)
<BIN [10] 0 1 129 1 0 0 0 0 0 16> * 

2024-01-22 14:52:38.3910[TRACE]Receive [S1F13_E] Establish Communications Request,TrxId[202401221452383903],SystemBytes[3881870738]
00 00 81 0D 00 00 E7 60 A5 92 
01 02 41 07 41 31 32 4C 31 39     33 41 05 30 2E 30 2E 30 
S1F13 E2H Wbit(True) DeviceID(0) Systembytes(3881870738)
<L [2]
    <A [7] A12L193> *MDLN 
    <A [5] 0.0.0> *SOFTREV 
>

2024-01-22 14:52:38.4379[TRACE]Send [S1F13_H] Establish Communications Request,TrxId[2024012214522238335],SystemBytes[2]
00 00 81 0D 00 00 00 00 00 02 
01 00 
S1F13 H2E Wbit(True) DeviceID(0) Systembytes(2)
<L [0]
>

2024-01-22 14:52:38.4379[TRACE]Send [S1F14_H] Establish Communications Request Acknowledge,TrxId[202401221452383903],SystemBytes[3881870738]
00 00 01 0E 00 00 E7 60 A5 92 
01 02 21 01 00 01 00 
S1F14 H2E Wbit(False) DeviceID(0) Systembytes(3881870738)
<L [2]
    <BIN [1] 0> *COMMACK 
    <L [0]
    >
>

2024-01-22 14:52:38.4538[TRACE]Receive [S1F14_E] Establish Communications Request Acknowledge,TrxId[2024012214522238335],SystemBytes[2]
00 00 01 0E 00 00 00 00 00 02 
01 02 21 01 00 01 02 41 07 41     31 32 4C 31 39 33 41 05 30 2E 
30 2E 30 
S1F14 E2H Wbit(False) DeviceID(0) Systembytes(2)
<L [2]
    <BIN [1] 0> *COMMACK 
    <L [2]
        <A [7] A12L193> *MDLN 
        <A [5] 0.0.0> *SOFTREV 
    >
>

2024-01-22 14:52:38.5492[TRACE]Send [S1F17_H] Request ON-LINE,TrxId[2024012214522238335],SystemBytes[3]
00 00 81 11 00 00 00 00 00 03 

S1F17 H2E Wbit(True) DeviceID(0) Systembytes(3)

2024-01-22 14:52:38.5648[TRACE]Receive [S1F18_E] ON-LINE Acknowledge,TrxId[2024012214522238335],SystemBytes[3]
00 00 81 12 00 00 00 00 00 03 
21 01 02 
S1F18 E2H Wbit(True) DeviceID(0) Systembytes(3)
<BIN [1] 2> *ONLACK 

2024-01-22 14:52:38.6273[TRACE]Receive [S6F11_E] Event Report Send,TrxId[202401221452386273],SystemBytes[3949242774]
00 00 86 0B 00 00 EB 64 A9 96 
01 03 A9 02 00 C6 B1 04 00 00     00 02 01 01 01 02 A9 02 00 04 
01 02 41 10 32 30 32 34 30 31     32 32 31 33 34 32 34 31 30 30 
A5 01 04 
S6F11 E2H Wbit(True) DeviceID(0) Systembytes(3949242774)
<L [3]
    <U2 [1] 198> *DATAID 
    <U4 [1] 2> *CEID 
    <L [1]
        <L [2]
            <U2 [1] 4> *RPTID 
            <L [2]
                <A [16] 2024012213424100> *VB 
                <U1 [1] 4> *VB 
            >
        >
    >
>

2024-01-22 14:52:38.6308[TRACE]Send [S1F15_H] Request OFF-LINE,TrxId[2024012214522238335],SystemBytes[4]
00 00 81 0F 00 00 00 00 00 04 

S1F15 H2E Wbit(True) DeviceID(0) Systembytes(4)

2024-01-22 14:52:38.6308[TRACE]Send [S6F12_H] Event Report Acknowledge,TrxId[202401221452386273],SystemBytes[3949242774]
00 00 06 0C 00 00 EB 64 A9 96 
21 01 00 
S6F12 H2E Wbit(False) DeviceID(0) Systembytes(3949242774)
<BIN [1] 0> *ACKC6 

2024-01-22 14:52:38.6592[TRACE]Receive [S1F16_E] OFF-LINE Acknowledge,TrxId[2024012214522238335],SystemBytes[4]
00 00 81 10 00 00 00 00 00 04 
21 01 00 
S1F16 E2H Wbit(True) DeviceID(0) Systembytes(4)
<BIN [1] 0> *OFLACK 

2024-01-22 14:52:38.6910[TRACE]Receive [S6F11_E] Event Report Send,TrxId[202401221452386910],SystemBytes[4016614810]
00 00 86 0B 00 00 EF 68 AD 9A 
01 03 A9 02 00 C6 B1 04 00 00     00 01 01 01 01 02 A9 02 00 04 
01 02 41 10 32 30 32 34 30 31     32 32 31 33 34 32 34 31 30 30 
A5 01 03 
S6F11 E2H Wbit(True) DeviceID(0) Systembytes(4016614810)
<L [3]
    <U2 [1] 198> *DATAID 
    <U4 [1] 1> *CEID 
    <L [1]
        <L [2]
            <U2 [1] 4> *RPTID 
            <L [2]
                <A [16] 2024012213424100> *VB 
                <U1 [1] 3> *VB 
            >
        >
    >
>

2024-01-22 14:52:38.7704[TRACE]Send [S1F17_H] Request ON-LINE,TrxId[2024012214522238335],SystemBytes[5]
00 00 81 11 00 00 00 00 00 05 

S1F17 H2E Wbit(True) DeviceID(0) Systembytes(5)

2024-01-22 14:52:38.7704[TRACE]Send [S6F12_H] Event Report Acknowledge,TrxId[202401221452386910],SystemBytes[4016614810]
00 00 06 0C 00 00 EF 68 AD 9A 
21 01 00 
S6F12 H2E Wbit(False) DeviceID(0) Systembytes(4016614810)
<BIN [1] 0> *ACKC6 

2024-01-22 14:52:38.7860[TRACE]Receive [S1F18_E] ON-LINE Acknowledge,TrxId[2024012214522238335],SystemBytes[5]
00 00 81 12 00 00 00 00 00 05 
21 01 00 
S1F18 E2H Wbit(True) DeviceID(0) Systembytes(5)
<BIN [1] 0> *ONLACK 

2024-01-22 14:52:38.8333[TRACE]Receive [S6F11_E] Event Report Send,TrxId[202401221452388333],SystemBytes[4151358882]
00 00 86 0B 00 00 F7 70 B5 A2 
01 03 A9 02 00 C6 B1 04 00 00     00 02 01 01 01 02 A9 02 00 04 
01 02 41 10 32 30 32 34 30 31     32 32 31 33 34 32 34 31 30 30 
A5 01 04 
S6F11 E2H Wbit(True) DeviceID(0) Systembytes(4151358882)
<L [3]
    <U2 [1] 198> *DATAID 
    <U4 [1] 2> *CEID 
    <L [1]
        <L [2]
            <U2 [1] 4> *RPTID 
            <L [2]
                <A [16] 2024012213424100> *VB 
                <U1 [1] 4> *VB 
            >
        >
    >
>

2024-01-22 14:52:38.8809[TRACE]Send [S2F31_H] Date and Time Set Request,TrxId[2024012214522238335],SystemBytes[6]
00 00 82 1F 00 00 00 00 00 06 
41 0C 32 30 32 34 30 31 32 32     31 34 35 32 
S2F31 H2E Wbit(True) DeviceID(0) Systembytes(6)
<A [12] 202401221452> *DATETIME 

2024-01-22 14:52:38.8809[TRACE]Send [S1F3_H] Selected Equipment Status Request,TrxId[2024012214522238335],SystemBytes[7]
00 00 81 03 00 00 00 00 00 07 
01 07 B1 04 00 00 03 E8 B1 04     00 00 03 EB B1 04 00 00 03 EC 
B1 04 00 00 03 ED B1 04 00 00     03 FC B1 04 00 00 04 06 B1 04 
00 00 04 1A 
S1F3 H2E Wbit(True) DeviceID(0) Systembytes(7)
<L [7]
    <U4 [1] 1000> *SVID 
    <U4 [1] 1003> *SVID 
    <U4 [1] 1004> *SVID 
    <U4 [1] 1005> *SVID 
    <U4 [1] 1020> *SVID 
    <U4 [1] 1030> *SVID 
    <U4 [1] 1050> *SVID 
>

2024-01-22 14:52:38.8809[TRACE]Send [S6F12_H] Event Report Acknowledge,TrxId[202401221452388333],SystemBytes[4151358882]
00 00 06 0C 00 00 F7 70 B5 A2 
21 01 00 
S6F12 H2E Wbit(False) DeviceID(0) Systembytes(4151358882)
<BIN [1] 0> *ACKC6 

2024-01-22 14:52:39.0090[TRACE]Receive [S2F32_E] ,TrxId[2024012214522238335],SystemBytes[6]
00 00 02 20 00 00 00 00 00 06 
21 01 00 
S2F32 E2H Wbit(False) DeviceID(0) Systembytes(6)
<BIN [1] 0> *TIACK 

2024-01-22 14:52:39.0883[TRACE]Receive [S9F9_E] Transaction Timer Timeout,TrxId[202401221452390883],SystemBytes[6]
00 00 09 09 00 00 00 00 00 06 
21 0A 00 00 86 0B 00 00 F7 70     B5 A2 
S9F9 E2H Wbit(False) DeviceID(0) Systembytes(6)
<BIN [10] 0 0 134 11 0 0 247 112 181 162> * 

2024-01-22 14:52:39.2170[TRACE]Receive [S1F4_E] Selected Equipment Status Data,TrxId[2024012214522238335],SystemBytes[7]
00 00 01 04 00 00 00 00 00 07 
01 07 01 00 01 00 01 00 01 00     01 00 01 00 01 00 
S1F4 E2H Wbit(False) DeviceID(0) Systembytes(7)
<L [7]
    <L [0]
    >
    <L [0]
    >
    <L [0]
    >
    <L [0]
    >
    <L [0]
    >
    <L [0]
    >
    <L [0]
    >
>

2024-01-22 14:52:39.4375[TRACE]Receive [S6F11_E] EquipmentInit,TrxId[202401221452394375],SystemBytes[425795381]
00 00 86 0B 00 00 19 61 1F 35 
01 03 A9 02 00 49 B1 04 00 00     01 90 01 01 01 02 A9 02 01 90 
01 0D A9 02 00 04 41 00 41 00     25 01 01 25 01 00 25 01 00 25 
01 00 25 01 00 25 01 00 25 01     00 25 01 01 25 01 01 25 01 01 
S6F11 E2H Wbit(True) DeviceID(0) Systembytes(425795381)
<L [3]
    <U2 [1] 73> *DATAID 
    <U4 [1] 400> *CEID 
    <L [1]
        <L [2]
            <U2 [1] 400> *RPTID 
            <L [13]
                <U2 [1] 4> *VB 
                <A [0] > *VB 
                <A [0] > *VB 
                <B [1] 1> *VB 
                <B [1] 0> *VB 
                <B [1] 0> *VB 
                <B [1] 0> *VB 
                <B [1] 0> *VB 
                <B [1] 0> *VB 
                <B [1] 0> *VB 
                <B [1] 1> *VB 
                <B [1] 1> *VB 
                <B [1] 1> *VB 
            >
        >
    >
>

2024-01-22 14:52:39.5475[TRACE]Send [S6F12_H] Event Report Acknowledge,TrxId[202401221452394375],SystemBytes[425795381]
00 00 06 0C 00 00 19 61 1F 35 
21 01 00 
S6F12 H2E Wbit(False) DeviceID(0) Systembytes(425795381)
<BIN [1] 0> *ACKC6 

2024-01-22 14:52:43.7534[TRACE]Send [S2F15_H] Set Equipment Constants,TrxId[202401221452436742],SystemBytes[8]
00 00 82 0F 00 00 00 00 00 08 
01 01 01 02 B1 04 00 00 08 13     25 01 01 
S2F15 H2E Wbit(True) DeviceID(0) Systembytes(8)
<L [1]
    <L [2]
        <U4 [1] 2067> *ECID 
        <B [1] 1> *ECID 
    >
>

2024-01-22 14:52:43.8008[TRACE]Receive [S2F16_E] ,TrxId[202401221452436742],SystemBytes[8]
00 00 02 10 00 00 00 00 00 08 
21 01 00 
S2F16 E2H Wbit(False) DeviceID(0) Systembytes(8)
<BIN [1] 0> *ECACK 

2024-01-22 14:52:59.6177[TRACE]T3 timeout S2F15_H,TrxId[202401221452145215],SystemBytes[15]
 00 01 82 0F 00 00 00 00 00 0F 
01 01 01 02 B1 04 00 00 08 13     25 01 01 
S2F15 H2E Wbit(True) DeviceID(1) Systembytes(15)
<L [1]
    <L [2]
        <U4 [1] 2067> *ECID_2067 
        <B [1] 1> *ECV 
    >
>

2024-01-22 14:53:11.7190[TRACE]T3 timeout S1F1_H,TrxId[2024012214522226633],SystemBytes[16]
 00 01 81 01 00 00 00 00 00 10 

S1F1 H2E Wbit(True) DeviceID(1) Systembytes(16)

2024-01-22 14:53:24.6262[TRACE]Send [S2F15_H] Set Equipment Constants,TrxId[202401221453245310],SystemBytes[9]
00 00 82 0F 00 00 00 00 00 09 
01 01 01 02 B1 04 00 00 08 13     25 01 01 
S2F15 H2E Wbit(True) DeviceID(0) Systembytes(9)
<L [1]
    <L [2]
        <U4 [1] 2067> *ECID 
        <B [1] 1> *ECID 
    >
>

2024-01-22 14:53:24.6581[TRACE]Receive [S2F16_E] ,TrxId[202401221453245310],SystemBytes[9]
00 00 02 10 00 00 00 00 00 09 
21 01 00 
S2F16 E2H Wbit(False) DeviceID(0) Systembytes(9)
<BIN [1] 0> *ECACK 

2024-01-22 14:53:27.3809[TRACE]Send [S1F1_H] AreYouThereRequest,TrxId[2024012214532227287],SystemBytes[10]
00 00 81 01 00 00 00 00 00 0A 

S1F1 H2E Wbit(True) DeviceID(0) Systembytes(10)

2024-01-22 14:53:27.3965[TRACE]Receive [S1F2_E] OnlineData,TrxId[2024012214532227287],SystemBytes[10]
00 00 01 02 00 00 00 00 00 0A 
01 02 41 07 41 31 32 4C 31 39     33 41 05 30 2E 30 2E 30 
S1F2 E2H Wbit(False) DeviceID(0) Systembytes(10)
<L [2]
    <A [7] A12L193> *MDLN 
    <A [5] 0.0.0> *SOFTREV 
>

2024-01-22 14:54:27.9566[TRACE]Send [S1F1_H] AreYouThereRequest,TrxId[2024012214542227909],SystemBytes[12]
00 00 81 01 00 00 00 00 00 0C 

S1F1 H2E Wbit(True) DeviceID(0) Systembytes(12)

2024-01-22 14:54:27.9729[TRACE]Receive [S1F2_E] OnlineData,TrxId[2024012214542227909],SystemBytes[12]
00 00 01 02 00 00 00 00 00 0C 
01 02 41 07 41 31 32 4C 31 39     33 41 05 30 2E 30 2E 30 
S1F2 E2H Wbit(False) DeviceID(0) Systembytes(12)
<L [2]
    <A [7] A12L193> *MDLN 
    <A [5] 0.0.0> *SOFTREV 
>

2024-01-22 14:55:08.7141[TRACE]Send [S2F15_H] Set Equipment Constants,TrxId[202401221455085882],SystemBytes[14]
00 00 82 0F 00 00 00 00 00 0E 
01 01 01 02 B1 04 00 00 08 13     25 01 01 
S2F15 H2E Wbit(True) DeviceID(0) Systembytes(14)
<L [1]
    <L [2]
        <U4 [1] 2067> *ECID 
        <B [1] 1> *ECID 
    >
>

2024-01-22 14:55:08.7623[TRACE]Receive [S2F16_E] ,TrxId[202401221455085882],SystemBytes[14]
00 00 02 10 00 00 00 00 00 0E 
21 01 00 
S2F16 E2H Wbit(False) DeviceID(0) Systembytes(14)
<BIN [1] 0> *ECACK 

2024-01-22 14:55:21.3739[TRACE]Send [S2F15_H] Set Equipment Constants,TrxId[202401221455213104],SystemBytes[15]
00 00 82 0F 00 00 00 00 00 0F 
01 01 01 02 B1 04 00 00 08 13     25 01 00 
S2F15 H2E Wbit(True) DeviceID(0) Systembytes(15)
<L [1]
    <L [2]
        <U4 [1] 2067> *ECID 
        <B [1] 0> *ECID 
    >
>

2024-01-22 14:55:21.4060[TRACE]Receive [S2F16_E] ,TrxId[202401221455213104],SystemBytes[15]
00 00 02 10 00 00 00 00 00 0F 
21 01 00 
S2F16 E2H Wbit(False) DeviceID(0) Systembytes(15)
<BIN [1] 0> *ECACK 

2024-01-22 14:55:21.5969[TRACE]Receive [S6F11_E] Event Report Send,TrxId[202401221455215969],SystemBytes[3703424263]
00 00 86 0B 00 00 DC BD C5 07 
01 03 A9 02 00 07 B1 04 00 00     00 80 01 01 01 02 A9 02 00 80 
01 01 25 01 00 
S6F11 E2H Wbit(True) DeviceID(0) Systembytes(3703424263)
<L [3]
    <U2 [1] 7> *DATAID 
    <U4 [1] 128> *CEID 
    <L [1]
        <L [2]
            <U2 [1] 128> *RPTID 
            <L [1]
                <B [1] 0> *VB 
            >
        >
    >
>

2024-01-22 14:55:21.7237[TRACE]Send [S6F12_H] Event Report Acknowledge,TrxId[202401221455215969],SystemBytes[3703424263]
00 00 06 0C 00 00 DC BD C5 07 
21 01 00 
S6F12 H2E Wbit(False) DeviceID(0) Systembytes(3703424263)
<BIN [1] 0> *ACKC6 

2024-01-22 14:55:28.5660[TRACE]Send [S1F1_H] AreYouThereRequest,TrxId[2024012214552228484],SystemBytes[16]
00 00 81 01 00 00 00 00 00 10 

S1F1 H2E Wbit(True) DeviceID(0) Systembytes(16)

2024-01-22 14:55:28.5964[TRACE]Receive [S1F2_E] OnlineData,TrxId[2024012214552228484],SystemBytes[16]
00 00 01 02 00 00 00 00 00 10 
01 02 41 07 41 31 32 4C 31 39     33 41 05 30 2E 30 2E 30 
S1F2 E2H Wbit(False) DeviceID(0) Systembytes(16)
<L [2]
    <A [7] A12L193> *MDLN 
    <A [5] 0.0.0> *SOFTREV 
>

2024-01-22 14:56:29.1278[TRACE]Send [S1F1_H] AreYouThereRequest,TrxId[2024012214562229127],SystemBytes[18]
00 00 81 01 00 00 00 00 00 12 

S1F1 H2E Wbit(True) DeviceID(0) Systembytes(18)

2024-01-22 14:56:29.1439[TRACE]Receive [S1F2_E] OnlineData,TrxId[2024012214562229127],SystemBytes[18]
00 00 01 02 00 00 00 00 00 12 
01 02 41 07 41 31 32 4C 31 39     33 41 05 30 2E 30 2E 30 
S1F2 E2H Wbit(False) DeviceID(0) Systembytes(18)
<L [2]
    <A [7] A12L193> *MDLN 
    <A [5] 0.0.0> *SOFTREV 
>

2024-01-22 14:57:29.8735[TRACE]Send [S1F1_H] AreYouThereRequest,TrxId[2024012214572229761],SystemBytes[20]
00 00 81 01 00 00 00 00 00 14 

S1F1 H2E Wbit(True) DeviceID(0) Systembytes(20)

2024-01-22 14:57:29.8894[TRACE]Receive [S1F2_E] OnlineData,TrxId[2024012214572229761],SystemBytes[20]
00 00 01 02 00 00 00 00 00 14 
01 02 41 07 41 31 32 4C 31 39     33 41 05 30 2E 30 2E 30 
S1F2 E2H Wbit(False) DeviceID(0) Systembytes(20)
<L [2]
    <A [7] A12L193> *MDLN 
    <A [5] 0.0.0> *SOFTREV 
>

2024-01-22 14:57:32.6440[TRACE]Send [S2F15_H] Set Equipment Constants,TrxId[202401221457326141],SystemBytes[21]
00 00 82 0F 00 00 00 00 00 15 
01 01 01 02 B1 04 00 00 08 13     25 01 01 
S2F15 H2E Wbit(True) DeviceID(0) Systembytes(21)
<L [1]
    <L [2]
        <U4 [1] 2067> *ECID 
        <B [1] 1> *ECID 
    >
>

2024-01-22 14:57:32.6758[TRACE]Receive [S2F16_E] ,TrxId[202401221457326141],SystemBytes[21]
00 00 02 10 00 00 00 00 00 15 
21 01 00 
S2F16 E2H Wbit(False) DeviceID(0) Systembytes(21)
<BIN [1] 0> *ECACK 

2024-01-22 14:57:32.9942[TRACE]Receive [S6F11_E] Event Report Send,TrxId[202401221457329942],SystemBytes[3830315692]
00 00 86 0B 00 00 E4 4D FA AC 
01 03 A9 02 00 98 B1 04 00 00     01 90 01 01 01 02 A9 02 01 90 
01 0D A9 02 00 04 41 00 41 00     25 01 01 25 01 00 25 01 00 25 
01 00 25 01 00 25 01 00 25 01     00 25 01 01 25 01 01 25 01 01 
S6F11 E2H Wbit(True) DeviceID(0) Systembytes(3830315692)
<L [3]
    <U2 [1] 152> *DATAID 
    <U4 [1] 400> *CEID 
    <L [1]
        <L [2]
            <U2 [1] 400> *RPTID 
            <L [13]
                <U2 [1] 4> *EquipmentStatus 
                <A [0] > *VB 
                <A [0] > *VB 
                <B [1] 1> *VB 
                <B [1] 0> *VB 
                <B [1] 0> *VB 
                <B [1] 0> *VB 
                <B [1] 0> *VB 
                <B [1] 0> *VB 
                <B [1] 0> *VB 
                <B [1] 1> *VB 
                <B [1] 1> *VB 
                <B [1] 1> *VB 
            >
        >
    >
>

2024-01-22 14:57:33.0927[TRACE]Send [S6F12_H] Event Report Acknowledge,TrxId[202401221457329942],SystemBytes[3830315692]
00 00 06 0C 00 00 E4 4D FA AC 
21 01 00 
S6F12 H2E Wbit(False) DeviceID(0) Systembytes(3830315692)
<BIN [1] 0> *ACKC6 

2024-01-22 14:57:33.1249[TRACE]Receive [S6F11_E] Event Report Send,TrxId[202401221457331249],SystemBytes[3897687728]
00 00 86 0B 00 00 E8 51 FE B0 
01 03 A9 02 00 98 B1 04 00 00     00 80 01 01 01 02 A9 02 00 80 
01 01 25 01 01 
S6F11 E2H Wbit(True) DeviceID(0) Systembytes(3897687728)
<L [3]
    <U2 [1] 152> *DATAID 
    <U4 [1] 128> *CEID 
    <L [1]
        <L [2]
            <U2 [1] 128> *RPTID 
            <L [1]
                <B [1] 1> *VB 
            >
        >
    >
>

2024-01-22 14:57:33.2041[TRACE]Send [S6F12_H] Event Report Acknowledge,TrxId[202401221457331249],SystemBytes[3897687728]
00 00 06 0C 00 00 E8 51 FE B0 
21 01 00 
S6F12 H2E Wbit(False) DeviceID(0) Systembytes(3897687728)
<BIN [1] 0> *ACKC6 

2024-01-22 14:58:11.3892[TRACE]Send [S2F15_H] Set Equipment Constants,TrxId[202401221458113746],SystemBytes[23]
00 00 82 0F 00 00 00 00 00 17 
01 07 01 02 B1 04 00 00 04 E2     A9 02 07 E7 01 02 B1 04 00 00 
04 E3 A9 02 00 0C 01 02 B1 04     00 00 04 E4 A9 02 00 1F 01 02 
B1 04 00 00 04 E5 A9 02 00 0D     01 02 B1 04 00 00 04 E6 A9 02 
00 00 01 02 B1 04 00 00 04 E7     A9 02 00 00 01 02 B1 04 00 00 
08 02 25 01 01 
S2F15 H2E Wbit(True) DeviceID(0) Systembytes(23)
<L [7]
    <L [2]
        <U4 [1] 1250> *ECID 
        <U2 [1] 2023> *ECID 
    >
    <L [2]
        <U4 [1] 1251> *ECID 
        <U2 [1] 12> *ECID 
    >
    <L [2]
        <U4 [1] 1252> *ECID 
        <U2 [1] 31> *ECID 
    >
    <L [2]
        <U4 [1] 1253> *ECID 
        <U2 [1] 13> *ECID 
    >
    <L [2]
        <U4 [1] 1254> *ECID 
        <U2 [1] 0> *ECID 
    >
    <L [2]
        <U4 [1] 1255> *ECID 
        <U2 [1] 0> *ECID 
    >
    <L [2]
        <U4 [1] 2050> *ECID 
        <B [1] 1> *ECID 
    >
>

2024-01-22 14:58:11.5166[TRACE]Receive [S2F16_E] ,TrxId[202401221458113746],SystemBytes[23]
00 00 02 10 00 00 00 00 00 17 
21 01 00 
S2F16 E2H Wbit(False) DeviceID(0) Systembytes(23)
<BIN [1] 0> *ECACK 

2024-01-22 14:58:30.4548[TRACE]Send [S1F1_H] AreYouThereRequest,TrxId[2024012214582230359],SystemBytes[24]
00 00 81 01 00 00 00 00 00 18 

S1F1 H2E Wbit(True) DeviceID(0) Systembytes(24)

2024-01-22 14:58:30.4707[TRACE]Receive [S1F2_E] OnlineData,TrxId[2024012214582230359],SystemBytes[24]
00 00 01 02 00 00 00 00 00 18 
01 02 41 07 41 31 32 4C 31 39     33 41 05 30 2E 30 2E 30 
S1F2 E2H Wbit(False) DeviceID(0) Systembytes(24)
<L [2]
    <A [7] A12L193> *MDLN 
    <A [5] 0.0.0> *SOFTREV 
>

2024-01-22 14:59:31.0149[TRACE]Send [S1F1_H] AreYouThereRequest,TrxId[2024012214592230917],SystemBytes[26]
00 00 81 01 00 00 00 00 00 1A 

S1F1 H2E Wbit(True) DeviceID(0) Systembytes(26)

2024-01-22 14:59:31.0307[TRACE]Receive [S1F2_E] OnlineData,TrxId[2024012214592230917],SystemBytes[26]
00 00 01 02 00 00 00 00 00 1A 
01 02 41 07 41 31 32 4C 31 39     33 41 05 30 2E 30 2E 30 
S1F2 E2H Wbit(False) DeviceID(0) Systembytes(26)
<L [2]
    <A [7] A12L193> *MDLN 
    <A [5] 0.0.0> *SOFTREV 
>

2024-01-22 14:59:50.6886[TRACE]Receive [S6F11_E] Event Report Send,TrxId[202401221459506886],SystemBytes[2878426787]
00 00 86 0B 00 00 AB 91 4E A3 
01 03 A9 02 00 7B B1 04 00 00     00 79 01 01 01 02 A9 02 00 78 
01 01 A9 02 00 02 
S6F11 E2H Wbit(True) DeviceID(0) Systembytes(2878426787)
<L [3]
    <U2 [1] 123> *DATAID 
    <U4 [1] 121> *CEID 
    <L [1]
        <L [2]
            <U2 [1] 120> *RPTID 
            <L [1]
                <U2 [1] 2> *VB 
            >
        >
    >
>

2024-01-22 14:59:50.7682[TRACE]Send [S6F12_H] Event Report Acknowledge,TrxId[202401221459506886],SystemBytes[2878426787]
00 00 06 0C 00 00 AB 91 4E A3 
21 01 00 
S6F12 H2E Wbit(False) DeviceID(0) Systembytes(2878426787)
<BIN [1] 0> *ACKC6 

