SECS Emulator v1.5  2001/09/05
HSMS Communication Started!
SECS Emulator v1.5  2001/09/05
HSMS Communication Started!
SECS Emulator v1.5  2001/09/05
HSMS Communication Started!
11:37:09.346: Receive S1F13(2371628636).
00 00 81 0D 00 00 8D 5C 2E 5C   01 02 41 07 41 31 32 4C 31 39   
33 41 05 30 2E 30 2E 30 
S1F13 W
<L[2]
  <A[7] "A12L193">
  <A[5] "0.0.0">
>
.
11:37:09.349: Send S1F14(2371628636).
00 00 01 0E 00 00 8D 5C 2E 5C   01 02 21 01 00 01 00 
S1F14
<L[2]
  <B[1] 0x00>
  <L[0]
  >
>
.
11:37:09.874: Receive S6F11(390712800).
00 00 86 0B 00 00 17 49 CD E0   01 03 A9 02 00 78 B1 04 00 00   
00 80 01 01 01 02 A9 02 00 80   01 01 25 01 01 
S6F11 W
<L[3]
  <U2[1] 120>
  <U4[1] 128>
  <L[1]
    <L[2]
      <U2[1] 128>
      <L[1]
        <Boolean[1] 0x01>
      >
    >
  >
>
.
11:37:09.923: Send S6F12(390712800).
00 00 06 0C 00 00 17 49 CD E0   25 01 00 
S6F12
<Boolean[1] 0x00>
.
11:37:09.973: Receive S6F11(525456872).
00 00 86 0B 00 00 1F 51 D5 E8   01 03 A9 02 00 78 B1 04 00 00   
00 7F 01 01 01 02 A9 02 00 7F   01 01 25 01 01 
S6F11 W
<L[3]
  <U2[1] 120>
  <U4[1] 127>
  <L[1]
    <L[2]
      <U2[1] 127>
      <L[1]
        <Boolean[1] 0x01>
      >
    >
  >
>
.
11:37:10.034: Send S6F12(525456872).
00 00 06 0C 00 00 1F 51 D5 E8   25 01 00 
S6F12
<Boolean[1] 0x00>
.
11:37:10.319: Receive S6F11(660200944).
00 00 86 0B 00 00 27 59 DD F0   01 03 A9 02 00 78 B1 04 00 00   
01 90 01 01 01 02 A9 02 01 90   01 0D A9 02 00 04 41 0C 20 20   
20 20 20 20 20 20 20 20 20 20   41 00 25 01 01 25 01 00 25 01   
00 25 01 00 25 01 00 25 01 00   25 01 00 25 01 01 25 01 00 25   
01 00 
S6F11 W
<L[3]
  <U2[1] 120>
  <U4[1] 400>
  <L[1]
    <L[2]
      <U2[1] 400>
      <L[13]
        <U2[1] 4>
        <A[12] "            ">
        <A[0] "">
        <Boolean[1] 0x01>
        <Boolean[1] 0x00>
        <Boolean[1] 0x00>
        <Boolean[1] 0x00>
        <Boolean[1] 0x00>
        <Boolean[1] 0x00>
        <Boolean[1] 0x00>
        <Boolean[1] 0x01>
        <Boolean[1] 0x00>
        <Boolean[1] 0x00>
      >
    >
  >
>
.
11:37:10.430: Send S6F12(660200944).
00 00 06 0C 00 00 27 59 DD F0   25 01 00 
S6F12
<Boolean[1] 0x00>
.
Linktest.req received!
Linktest.rsp received!
Linktest.req received!
Linktest.rsp received!
11:39:15.936: Send S2F15(2902018).
00 00 82 0F 00 00 00 2C 48 02   01 01 01 02 B1 04 00 00 08 13   
25 01 00 
S2F15 W
<L[1]
  <L[2]
    <U4[1] 2067>
    <Boolean[1] 0x00>
  >
>
.
11:39:15.957: Receive S2F16(2902018).
00 00 02 10 00 00 00 2C 48 02   21 01 00 
S2F16
<B[1] 0x00>
.
11:39:16.212: Receive S6F11(3215660417).
00 00 86 0B 00 00 BF AB 15 81   01 03 A9 02 00 F5 B1 04 00 00   
00 7F 01 01 01 02 A9 02 00 7F   01 01 25 01 00 
S6F11 W
<L[3]
  <U2[1] 245>
  <U4[1] 127>
  <L[1]
    <L[2]
      <U2[1] 127>
      <L[1]
        <Boolean[1] 0x00>
      >
    >
  >
>
.
11:39:16.262: Send S6F12(3215660417).
00 00 06 0C 00 00 BF AB 15 81   25 01 00 
S6F12
<Boolean[1] 0x00>
.
11:39:16.331: Receive S6F11(3283032453).
00 00 86 0B 00 00 C3 AF 19 85   01 03 A9 02 00 F5 B1 04 00 00   
00 80 01 01 01 02 A9 02 00 80   01 01 25 01 00 
S6F11 W
<L[3]
  <U2[1] 245>
  <U4[1] 128>
  <L[1]
    <L[2]
      <U2[1] 128>
      <L[1]
        <Boolean[1] 0x00>
      >
    >
  >
>
.
11:39:16.382: Send S6F12(3283032453).
00 00 06 0C 00 00 C3 AF 19 85   25 01 00 
S6F12
<Boolean[1] 0x00>
.
Linktest.req received!
Linktest.rsp received!
Linktest.req received!
Linktest.rsp received!
Linktest.req received!
11:41:43.571: Send S2F15(2902021).
00 00 82 0F 00 00 00 2C 48 05   01 01 01 02 B1 04 00 00 08 13   
25 01 01 
S2F15 W
<L[1]
  <L[2]
    <U4[1] 2067>
    <Boolean[1] 0x01>
  >
>
.
11:41:43.602: Receive S2F16(2902021).
00 00 02 10 00 00 00 2C 48 05   21 01 00 
S2F16
<B[1] 0x00>
.
11:41:43.824: Receive S6F11(2823511160).
00 00 86 0B 00 00 A8 4B 5C 78   01 03 A9 02 00 D0 B1 04 00 00   
00 7F 01 01 01 02 A9 02 00 7F   01 01 25 01 01 
S6F11 W
<L[3]
  <U2[1] 208>
  <U4[1] 127>
  <L[1]
    <L[2]
      <U2[1] 127>
      <L[1]
        <Boolean[1] 0x01>
      >
    >
  >
>
.
11:41:43.887: Send S6F12(2823511160).
00 00 06 0C 00 00 A8 4B 5C 78   25 01 00 
S6F12
<Boolean[1] 0x00>
.
11:41:43.919: Receive S6F11(2890883196).
00 00 86 0B 00 00 AC 4F 60 7C   01 03 A9 02 00 D0 B1 04 00 00   
00 80 01 01 01 02 A9 02 00 80   01 01 25 01 01 
S6F11 W
<L[3]
  <U2[1] 208>
  <U4[1] 128>
  <L[1]
    <L[2]
      <U2[1] 128>
      <L[1]
        <Boolean[1] 0x01>
      >
    >
  >
>
.
11:41:43.984: Send S6F12(2890883196).
00 00 06 0C 00 00 AC 4F 60 7C   25 01 00 
S6F12
<Boolean[1] 0x00>
.
11:41:44.269: Receive S6F11(3025627268).
00 00 86 0B 00 00 B4 57 68 84   01 03 A9 02 00 D0 B1 04 00 00   
01 90 01 01 01 02 A9 02 01 90   01 0D A9 02 00 04 41 0C 20 20   
20 20 20 20 20 20 20 20 20 20   41 00 25 01 01 25 01 00 25 01   
00 25 01 00 25 01 00 25 01 00   25 01 00 25 01 01 25 01 00 25   
01 00 
S6F11 W
<L[3]
  <U2[1] 208>
  <U4[1] 400>
  <L[1]
    <L[2]
      <U2[1] 400>
      <L[13]
        <U2[1] 4>
        <A[12] "            ">
        <A[0] "">
        <Boolean[1] 0x01>
        <Boolean[1] 0x00>
        <Boolean[1] 0x00>
        <Boolean[1] 0x00>
        <Boolean[1] 0x00>
        <Boolean[1] 0x00>
        <Boolean[1] 0x00>
        <Boolean[1] 0x01>
        <Boolean[1] 0x00>
        <Boolean[1] 0x00>
      >
    >
  >
>
.
11:41:44.415: Send S6F12(3025627268).
00 00 06 0C 00 00 B4 57 68 84   25 01 00 
S6F12
<Boolean[1] 0x00>
.
Linktest.rsp received!
Linktest.req received!
Linktest.rsp received!
Linktest.req received!
Linktest.rsp received!
11:44:10.191: Send S2F15(2902025).
00 00 82 0F 00 00 00 2C 48 09   01 07 01 02 B1 04 00 00 04 E2   
A9 02 07 E8 01 02 B1 04 00 00   04 E3 A9 02 00 01 01 02 B1 04   
00 00 04 E4 A9 02 00 1F 01 02   B1 04 00 00 04 E5 A9 02 00 0B   
01 02 B1 04 00 00 04 E6 A9 02   00 0B 01 02 B1 04 00 00 04 E7   
A9 02 00 0B 01 02 B1 04 00 00   08 02 25 01 01 
S2F15 W
<L[7]
  <L[2]
    <U4[1] 1250>
    <U2[1] 2024>
  >
  <L[2]
    <U4[1] 1251>
    <U2[1] 1>
  >
  <L[2]
    <U4[1] 1252>
    <U2[1] 31>
  >
  <L[2]
    <U4[1] 1253>
    <U2[1] 11>
  >
  <L[2]
    <U4[1] 1254>
    <U2[1] 11>
  >
  <L[2]
    <U4[1] 1255>
    <U2[1] 11>
  >
  <L[2]
    <U4[1] 2050>
    <Boolean[1] 0x01>
  >
>
.
11:44:10.323: Receive S2F16(2902025).
00 00 02 10 00 00 00 2C 48 09   21 01 00 
S2F16
<B[1] 0x00>
.
Linktest.req received!
Linktest.rsp received!
Linktest.req received!
11:45:51.470: Send S2F15(2902027).
00 00 82 0F 00 00 00 2C 48 0B   01 01 01 02 B1 04 00 00 08 13   
25 01 00 
S2F15 W
<L[1]
  <L[2]
    <U4[1] 2067>
    <Boolean[1] 0x00>
  >
>
.
11:45:51.514: Receive S2F16(2902027).
00 00 02 10 00 00 00 2C 48 0B   21 01 00 
S2F16
<B[1] 0x00>
.
11:45:51.673: Receive S6F11(2107256511).
00 00 86 0B 00 00 7D 9A 2E BF   01 03 A9 02 00 F3 B1 04 00 00   
00 7F 01 01 01 02 A9 02 00 7F   01 01 25 01 00 
S6F11 W
<L[3]
  <U2[1] 243>
  <U4[1] 127>
  <L[1]
    <L[2]
      <U2[1] 127>
      <L[1]
        <Boolean[1] 0x00>
      >
    >
  >
>
.
11:45:51.737: Send S6F12(2107256511).
00 00 06 0C 00 00 7D 9A 2E BF   25 01 00 
S6F12
<Boolean[1] 0x00>
.
11:45:51.769: Receive S6F11(2242000583).
00 00 86 0B 00 00 85 A2 36 C7   01 03 A9 02 00 F3 B1 04 00 00   
00 80 01 01 01 02 A9 02 00 80   01 01 25 01 00 
S6F11 W
<L[3]
  <U2[1] 243>
  <U4[1] 128>
  <L[1]
    <L[2]
      <U2[1] 128>
      <L[1]
        <Boolean[1] 0x00>
      >
    >
  >
>
.
11:45:51.833: Send S6F12(2242000583).
00 00 06 0C 00 00 85 A2 36 C7   25 01 00 
S6F12
<Boolean[1] 0x00>
.
Linktest.rsp received!
11:46:15.677: Send S2F15(2902029).
00 00 82 0F 00 00 00 2C 48 0D   01 01 01 02 B1 04 00 00 08 13   
25 01 01 
S2F15 W
<L[1]
  <L[2]
    <U4[1] 2067>
    <Boolean[1] 0x01>
  >
>
.
11:46:15.709: Receive S2F16(2902029).
00 00 02 10 00 00 00 2C 48 0D   21 01 00 
S2F16
<B[1] 0x00>
.
11:46:15.997: Receive S6F11(3531102695).
00 00 86 0B 00 00 D2 78 59 E7   01 03 A9 02 00 07 B1 04 00 00   
00 7F 01 01 01 02 A9 02 00 7F   01 01 25 01 01 
S6F11 W
<L[3]
  <U2[1] 7>
  <U4[1] 127>
  <L[1]
    <L[2]
      <U2[1] 127>
      <L[1]
        <Boolean[1] 0x01>
      >
    >
  >
>
.
11:46:16.074: Send S6F12(3531102695).
00 00 06 0C 00 00 D2 78 59 E7   25 01 00 
S6F12
<Boolean[1] 0x00>
.
11:46:16.137: Receive S6F11(3665846767).
00 00 86 0B 00 00 DA 80 61 EF   01 03 A9 02 00 07 B1 04 00 00   
00 80 01 01 01 02 A9 02 00 80   01 01 25 01 01 
S6F11 W
<L[3]
  <U2[1] 7>
  <U4[1] 128>
  <L[1]
    <L[2]
      <U2[1] 128>
      <L[1]
        <Boolean[1] 0x01>
      >
    >
  >
>
.
11:46:16.201: Send S6F12(3665846767).
00 00 06 0C 00 00 DA 80 61 EF   25 01 00 
S6F12
<Boolean[1] 0x00>
.
11:46:16.457: Receive S6F11(3733218803).
00 00 86 0B 00 00 DE 84 65 F3   01 03 A9 02 00 07 B1 04 00 00   
01 90 01 01 01 02 A9 02 01 90   01 0D A9 02 00 04 41 0C 20 20   
20 20 20 20 20 20 20 20 20 20   41 00 25 01 01 25 01 00 25 01   
00 25 01 00 25 01 00 25 01 00   25 01 00 25 01 01 25 01 00 25   
01 00 
S6F11 W
<L[3]
  <U2[1] 7>
  <U4[1] 400>
  <L[1]
    <L[2]
      <U2[1] 400>
      <L[13]
        <U2[1] 4>
        <A[12] "            ">
        <A[0] "">
        <Boolean[1] 0x01>
        <Boolean[1] 0x00>
        <Boolean[1] 0x00>
        <Boolean[1] 0x00>
        <Boolean[1] 0x00>
        <Boolean[1] 0x00>
        <Boolean[1] 0x00>
        <Boolean[1] 0x01>
        <Boolean[1] 0x00>
        <Boolean[1] 0x00>
      >
    >
  >
>
.
11:46:16.586: Send S6F12(3733218803).
00 00 06 0C 00 00 DE 84 65 F3   25 01 00 
S6F12
<Boolean[1] 0x00>
.
11:46:29.295: Send S2F15(2902030).
00 00 82 0F 00 00 00 2C 48 0E   01 07 01 02 B1 04 00 00 04 E2   
A9 02 07 E8 01 02 B1 04 00 00   04 E3 A9 02 00 01 01 02 B1 04   
00 00 04 E4 A9 02 00 1F 01 02   B1 04 00 00 04 E5 A9 02 00 0B   
01 02 B1 04 00 00 04 E6 A9 02   00 0B 01 02 B1 04 00 00 04 E7   
A9 02 00 0B 01 02 B1 04 00 00   08 02 25 01 01 
S2F15 W
<L[7]
  <L[2]
    <U4[1] 1250>
    <U2[1] 2024>
  >
  <L[2]
    <U4[1] 1251>
    <U2[1] 1>
  >
  <L[2]
    <U4[1] 1252>
    <U2[1] 31>
  >
  <L[2]
    <U4[1] 1253>
    <U2[1] 11>
  >
  <L[2]
    <U4[1] 1254>
    <U2[1] 11>
  >
  <L[2]
    <U4[1] 1255>
    <U2[1] 11>
  >
  <L[2]
    <U4[1] 2050>
    <Boolean[1] 0x01>
  >
>
.
11:46:29.412: Receive S2F16(2902030).
00 00 02 10 00 00 00 2C 48 0E   21 01 00 
S2F16
<B[1] 0x00>
.
Linktest.req received!
Linktest.rsp received!
11:47:18.065: Receive S5F1(3958632298).
00 00 85 01 00 00 EB F3 EF 6A   01 03 21 01 86 A9 02 00 2B 41   
08 41 6C 61 72 6D 5F 34 33 
S5F1 W
<L[3]
  <B[1] 0x86>
  <U2[1] 43>
  <A[8] "Alarm_43">
>
.
Linktest.req received!
11:47:54.341: Send S2F15(2902032).
00 00 82 0F 00 00 00 2C 48 10   01 07 01 02 B1 04 00 00 04 E2   
A9 02 07 E8 01 02 B1 04 00 00   04 E3 A9 02 00 01 01 02 B1 04   
00 00 04 E4 A9 02 00 1F 01 02   B1 04 00 00 04 E5 A9 02 00 0B   
01 02 B1 04 00 00 04 E6 A9 02   00 0B 01 02 B1 04 00 00 04 E7   
A9 02 00 0B 01 02 B1 04 00 00   08 02 25 01 01 
S2F15 W
<L[7]
  <L[2]
    <U4[1] 1250>
    <U2[1] 2024>
  >
  <L[2]
    <U4[1] 1251>
    <U2[1] 1>
  >
  <L[2]
    <U4[1] 1252>
    <U2[1] 31>
  >
  <L[2]
    <U4[1] 1253>
    <U2[1] 11>
  >
  <L[2]
    <U4[1] 1254>
    <U2[1] 11>
  >
  <L[2]
    <U4[1] 1255>
    <U2[1] 11>
  >
  <L[2]
    <U4[1] 2050>
    <Boolean[1] 0x01>
  >
>
.
11:48:03.078: Receive S9F9(2902032).
00 00 09 09 00 00 00 2C 48 10   21 0A 00 00 85 01 00 00 EB F3   
EF 6A 
S9F9
<B[10] 0x00 0x00 0x85 0x01 0x00 0x00 0xEB 0xF3 0xEF 0x6A>
.
Linktest.rsp received!
11:48:36.825: Send S2F15(2902034).
00 00 82 0F 00 00 00 2C 48 12   01 01 01 02 B1 04 00 00 08 13   
25 01 01 
S2F15 W
<L[1]
  <L[2]
    <U4[1] 2067>
    <Boolean[1] 0x01>
  >
>
.
11:48:36.856: Receive S2F16(2902034).
00 00 02 10 00 00 00 2C 48 12   21 01 00 
S2F16
<B[1] 0x00>
.
11:48:37.138: Receive S6F11(3500178422).
00 00 86 0B 00 00 D0 A0 7B F6   01 03 A9 02 00 A2 B1 04 00 00   
00 6E 01 01 01 02 A9 02 00 6E   01 04 25 01 01 25 01 00 25 01   
00 25 01 00 
S6F11 W
<L[3]
  <U2[1] 162>
  <U4[1] 110>
  <L[1]
    <L[2]
      <U2[1] 110>
      <L[4]
        <Boolean[1] 0x01>
        <Boolean[1] 0x00>
        <Boolean[1] 0x00>
        <Boolean[1] 0x00>
      >
    >
  >
>
.
11:48:37.185: Send S6F12(3500178422).
00 00 06 0C 00 00 D0 A0 7B F6   25 01 00 
S6F12
<Boolean[1] 0x00>
.
11:48:37.233: Receive S6F11(3702294274).
00 00 86 0B 00 00 DC AC 87 02   01 03 A9 02 00 A2 B1 04 00 00   
00 80 01 01 01 02 A9 02 00 80   01 01 25 01 01 
S6F11 W
<L[3]
  <U2[1] 162>
  <U4[1] 128>
  <L[1]
    <L[2]
      <U2[1] 128>
      <L[1]
        <Boolean[1] 0x01>
      >
    >
  >
>
.
11:48:37.282: Send S6F12(3702294274).
00 00 06 0C 00 00 DC AC 87 02   25 01 00 
S6F12
<Boolean[1] 0x00>
.
11:48:37.302: Receive S6F11(3567550458).
00 00 86 0B 00 00 D4 A4 7F FA   01 03 A9 02 00 A2 B1 04 00 00   
00 7F 01 01 01 02 A9 02 00 7F   01 01 25 01 01 
S6F11 W
<L[3]
  <U2[1] 162>
  <U4[1] 127>
  <L[1]
    <L[2]
      <U2[1] 127>
      <L[1]
        <Boolean[1] 0x01>
      >
    >
  >
>
.
11:48:37.344: Send S6F12(3567550458).
00 00 06 0C 00 00 D4 A4 7F FA   25 01 00 
S6F12
<Boolean[1] 0x00>
.
11:48:37.676: Receive S6F11(1199030774).
00 00 86 0B 00 00 47 77 C1 F6   01 03 A9 02 00 92 B1 04 00 00   
01 90 01 01 01 02 A9 02 01 90   01 0D A9 02 00 04 41 0C 20 20   
20 20 20 20 20 20 20 20 20 20   41 00 25 01 01 25 01 00 25 01   
00 25 01 00 25 01 00 25 01 00   25 01 00 25 01 01 25 01 00 25   
01 00 
S6F11 W
<L[3]
  <U2[1] 146>
  <U4[1] 400>
  <L[1]
    <L[2]
      <U2[1] 400>
      <L[13]
        <U2[1] 4>
        <A[12] "            ">
        <A[0] "">
        <Boolean[1] 0x01>
        <Boolean[1] 0x00>
        <Boolean[1] 0x00>
        <Boolean[1] 0x00>
        <Boolean[1] 0x00>
        <Boolean[1] 0x00>
        <Boolean[1] 0x00>
        <Boolean[1] 0x01>
        <Boolean[1] 0x00>
        <Boolean[1] 0x00>
      >
    >
  >
>
.
11:48:37.785: Send S6F12(1199030774).
00 00 06 0C 00 00 47 77 C1 F6   25 01 00 
S6F12
<Boolean[1] 0x00>
.
11:48:39.351: T3 Timeout(2902032).
11:48:52.883: Send S2F15(2902035).
00 00 82 0F 00 00 00 2C 48 13   01 07 01 02 B1 04 00 00 04 E2   
A9 02 07 E8 01 02 B1 04 00 00   04 E3 A9 02 00 01 01 02 B1 04   
00 00 04 E4 A9 02 00 1F 01 02   B1 04 00 00 04 E5 A9 02 00 0B   
01 02 B1 04 00 00 04 E6 A9 02   00 0B 01 02 B1 04 00 00 04 E7   
A9 02 00 0B 01 02 B1 04 00 00   08 02 25 01 01 
S2F15 W
<L[7]
  <L[2]
    <U4[1] 1250>
    <U2[1] 2024>
  >
  <L[2]
    <U4[1] 1251>
    <U2[1] 1>
  >
  <L[2]
    <U4[1] 1252>
    <U2[1] 31>
  >
  <L[2]
    <U4[1] 1253>
    <U2[1] 11>
  >
  <L[2]
    <U4[1] 1254>
    <U2[1] 11>
  >
  <L[2]
    <U4[1] 1255>
    <U2[1] 11>
  >
  <L[2]
    <U4[1] 2050>
    <Boolean[1] 0x01>
  >
>
.
11:48:53.001: Receive S2F16(2902035).
00 00 02 10 00 00 00 2C 48 13   21 01 00 
S2F16
<B[1] 0x00>
.
Linktest.rsp received!
Linktest.req received!
Linktest.rsp received!
Linktest.req received!
Linktest.rsp received!
Linktest.req received!
11:51:39.759: Send S2F15(2902039).
00 00 82 0F 00 00 00 2C 48 17   01 07 01 02 B1 04 00 00 04 E2   
A9 02 07 E8 01 02 B1 04 00 00   04 E3 A9 02 00 01 01 02 B1 04   
00 00 04 E4 A9 02 00 1F 01 02   B1 04 00 00 04 E5 A9 02 00 0B   
01 02 B1 04 00 00 04 E6 A9 02   00 0B 01 02 B1 04 00 00 04 E7   
A9 02 00 0B 01 02 B1 04 00 00   08 02 25 01 00 
S2F15 W
<L[7]
  <L[2]
    <U4[1] 1250>
    <U2[1] 2024>
  >
  <L[2]
    <U4[1] 1251>
    <U2[1] 1>
  >
  <L[2]
    <U4[1] 1252>
    <U2[1] 31>
  >
  <L[2]
    <U4[1] 1253>
    <U2[1] 11>
  >
  <L[2]
    <U4[1] 1254>
    <U2[1] 11>
  >
  <L[2]
    <U4[1] 1255>
    <U2[1] 11>
  >
  <L[2]
    <U4[1] 2050>
    <Boolean[1] 0x00>
  >
>
.
11:51:39.891: Receive S2F16(2902039).
00 00 02 10 00 00 00 2C 48 17   21 01 00 
S2F16
<B[1] 0x00>
.
Linktest.rsp received!
11:52:24.146: Send S2F15(2902041).
00 00 82 0F 00 00 00 2C 48 19   01 07 01 02 B1 04 00 00 04 E2   
A9 02 07 E8 01 02 B1 04 00 00   04 E3 A9 02 00 01 01 02 B1 04   
00 00 04 E4 A9 02 00 1F 01 02   B1 04 00 00 04 E5 A9 02 00 0B   
01 02 B1 04 00 00 04 E6 A9 02   00 0B 01 02 B1 04 00 00 04 E7   
A9 02 00 0B 01 02 B1 04 00 00   08 02 25 01 01 
S2F15 W
<L[7]
  <L[2]
    <U4[1] 1250>
    <U2[1] 2024>
  >
  <L[2]
    <U4[1] 1251>
    <U2[1] 1>
  >
  <L[2]
    <U4[1] 1252>
    <U2[1] 31>
  >
  <L[2]
    <U4[1] 1253>
    <U2[1] 11>
  >
  <L[2]
    <U4[1] 1254>
    <U2[1] 11>
  >
  <L[2]
    <U4[1] 1255>
    <U2[1] 11>
  >
  <L[2]
    <U4[1] 2050>
    <Boolean[1] 0x01>
  >
>
.
11:52:24.305: Receive S2F16(2902041).
00 00 02 10 00 00 00 2C 48 19   21 01 00 
S2F16
<B[1] 0x00>
.
Linktest.req received!
Linktest.rsp received!
Linktest.req received!
Linktest.rsp received!
Linktest.req received!
Linktest.rsp received!
Linktest.req received!
Linktest.rsp received!
Linktest.req received!
Linktest.rsp received!
Linktest.req received!
Linktest.rsp received!
Linktest.req received!
Linktest.rsp received!
Linktest.req received!
Linktest.rsp received!
Linktest.req received!
Linktest.rsp received!
12:01:23.783: Send S2F15(2902051).
00 00 82 0F 00 00 00 2C 48 23   01 01 01 02 B1 04 00 00 08 02   
25 01 00 
S2F15 W
<L[1]
  <L[2]
    <U4[1] 2050>
    <Boolean[1] 0x00>
  >
>
.
12:01:23.834: Receive S2F16(2902051).
00 00 02 10 00 00 00 2C 48 23   21 01 00 
S2F16
<B[1] 0x00>
.
12:01:28.882: Receive S5F1(840850437).
00 00 85 01 00 00 32 1E 5C 05   01 03 21 01 86 A9 02 01 02 41   
09 41 6C 61 72 6D 5F 32 35 38 
S5F1 W
<L[3]
  <B[1] 0x86>
  <U2[1] 258>
  <A[9] "Alarm_258">
>
.
12:01:51.455: Send S5F2(840850437).
00 00 05 02 00 00 32 1E 5C 05   25 01 00 
S5F2
<Boolean[1] 0x00>
.
Linktest.rsp received!
Linktest.req received!
12:02:49.157: Send S2F15(2902053).
00 00 82 0F 00 00 00 2C 48 25   01 07 01 02 B1 04 00 00 04 E2   
A9 02 07 E8 01 02 B1 04 00 00   04 E3 A9 02 00 01 01 02 B1 04   
00 00 04 E4 A9 02 00 1F 01 02   B1 04 00 00 04 E5 A9 02 00 0B   
01 02 B1 04 00 00 04 E6 A9 02   00 0B 01 02 B1 04 00 00 04 E7   
A9 02 00 0B 01 02 B1 04 00 00   08 02 25 01 01 
S2F15 W
<L[7]
  <L[2]
    <U4[1] 1250>
    <U2[1] 2024>
  >
  <L[2]
    <U4[1] 1251>
    <U2[1] 1>
  >
  <L[2]
    <U4[1] 1252>
    <U2[1] 31>
  >
  <L[2]
    <U4[1] 1253>
    <U2[1] 11>
  >
  <L[2]
    <U4[1] 1254>
    <U2[1] 11>
  >
  <L[2]
    <U4[1] 1255>
    <U2[1] 11>
  >
  <L[2]
    <U4[1] 2050>
    <Boolean[1] 0x01>
  >
>
.
12:02:49.262: Receive S2F16(2902053).
00 00 02 10 00 00 00 2C 48 25   21 01 00 
S2F16
<B[1] 0x00>
.
12:03:07.093: Receive S5F1(3705486245).
00 00 85 01 00 00 DC DD 3B A5   01 03 21 01 86 A9 02 00 89 41   
09 41 6C 61 72 6D 5F 31 33 37 
S5F1 W
<L[3]
  <B[1] 0x86>
  <U2[1] 137>
  <A[9] "Alarm_137">
>
.
12:03:07.123: Send S5F2(3705486245).
00 00 05 02 00 00 DC DD 3B A5   25 01 00 
S5F2
<Boolean[1] 0x00>
.
12:03:07.156: Receive S5F1(3772858281).
00 00 85 01 00 00 E0 E1 3F A9   01 03 21 01 86 A9 02 00 C7 41   
09 41 6C 61 72 6D 5F 31 39 39 
S5F1 W
<L[3]
  <B[1] 0x86>
  <U2[1] 199>
  <A[9] "Alarm_199">
>
.
12:03:07.203: Send S5F2(3772858281).
00 00 05 02 00 00 E0 E1 3F A9   25 01 00 
S5F2
<Boolean[1] 0x00>
.
12:03:07.219: Receive S5F1(3840230317).
00 00 85 01 00 00 E4 E5 43 AD   01 03 21 01 86 A9 02 00 C8 41   
09 41 6C 61 72 6D 5F 32 30 30 
S5F1 W
<L[3]
  <B[1] 0x86>
  <U2[1] 200>
  <A[9] "Alarm_200">
>
.
12:03:07.252: Send S5F2(3840230317).
00 00 05 02 00 00 E4 E5 43 AD   25 01 00 
S5F2
<Boolean[1] 0x00>
.
Linktest.rsp received!
12:03:15.688: Receive S5F1(1025171703).
00 00 85 01 00 00 3D 1A E0 F7   01 03 21 01 06 A9 02 01 02 41   
09 41 6C 61 72 6D 5F 32 35 38 
S5F1 W
<L[3]
  <B[1] 0x06>
  <U2[1] 258>
  <A[9] "Alarm_258">
>
.
12:03:15.719: Send S5F2(1025171703).
00 00 05 02 00 00 3D 1A E0 F7   25 01 00 
S5F2
<Boolean[1] 0x00>
.
12:03:15.751: Receive S5F1(1092543739).
00 00 85 01 00 00 41 1E E4 FB   01 03 21 01 06 A9 02 00 89 41   
09 41 6C 61 72 6D 5F 31 33 37 
S5F1 W
<L[3]
  <B[1] 0x06>
  <U2[1] 137>
  <A[9] "Alarm_137">
>
.
12:03:15.799: Send S5F2(1092543739).
00 00 05 02 00 00 41 1E E4 FB   25 01 00 
S5F2
<Boolean[1] 0x00>
.
12:03:15.817: Receive S5F1(1159915775).
00 00 85 01 00 00 45 22 E8 FF   01 03 21 01 06 A9 02 00 C7 41   
09 41 6C 61 72 6D 5F 31 39 39 
S5F1 W
<L[3]
  <B[1] 0x06>
  <U2[1] 199>
  <A[9] "Alarm_199">
>
.
12:03:15.832: Send S5F2(1159915775).
00 00 05 02 00 00 45 22 E8 FF   25 01 00 
S5F2
<Boolean[1] 0x00>
.
12:03:15.862: Receive S5F1(1227287555).
00 00 85 01 00 00 49 26 EC 03   01 03 21 01 06 A9 02 00 C8 41   
09 41 6C 61 72 6D 5F 32 30 30 
S5F1 W
<L[3]
  <B[1] 0x06>
  <U2[1] 200>
  <A[9] "Alarm_200">
>
.
12:03:15.879: Send S5F2(1227287555).
00 00 05 02 00 00 49 26 EC 03   25 01 00 
S5F2
<Boolean[1] 0x00>
.
12:03:17.339: Receive S6F11(2524766962).
00 00 86 0B 00 00 96 7C E2 F2   01 03 A9 02 00 32 B1 04 00 00   
00 72 01 01 01 02 A9 02 00 72   01 01 25 01 01 
S6F11 W
<L[3]
  <U2[1] 50>
  <U4[1] 114>
  <L[1]
    <L[2]
      <U2[1] 114>
      <L[1]
        <Boolean[1] 0x01>
      >
    >
  >
>
.
12:03:17.404: Send S6F12(2524766962).
00 00 06 0C 00 00 96 7C E2 F2   25 01 00 
S6F12
<Boolean[1] 0x00>
.
12:03:19.146: Receive S5F1(3775179852).
00 00 85 01 00 00 E1 04 AC 4C   01 03 21 01 86 A9 02 00 89 41   
09 41 6C 61 72 6D 5F 31 33 37 
S5F1 W
<L[3]
  <B[1] 0x86>
  <U2[1] 137>
  <A[9] "Alarm_137">
>
.
12:03:19.184: Send S5F2(3775179852).
00 00 05 02 00 00 E1 04 AC 4C   25 01 00 
S5F2
<Boolean[1] 0x00>
.
12:03:19.214: Receive S5F1(3842551888).
00 00 85 01 00 00 E5 08 B0 50   01 03 21 01 86 A9 02 00 C7 41   
09 41 6C 61 72 6D 5F 31 39 39 
S5F1 W
<L[3]
  <B[1] 0x86>
  <U2[1] 199>
  <A[9] "Alarm_199">
>
.
12:03:19.259: Send S5F2(3842551888).
00 00 05 02 00 00 E5 08 B0 50   25 01 00 
S5F2
<Boolean[1] 0x00>
.
12:03:19.276: Receive S5F1(3909923924).
00 00 85 01 00 00 E9 0C B4 54   01 03 21 01 86 A9 02 00 C8 41   
09 41 6C 61 72 6D 5F 32 30 30 
S5F1 W
<L[3]
  <B[1] 0x86>
  <U2[1] 200>
  <A[9] "Alarm_200">
>
.
12:03:19.323: Send S5F2(3909923924).
00 00 05 02 00 00 E9 0C B4 54   25 01 00 
S5F2
<Boolean[1] 0x00>
.
12:03:24.695: Receive S5F1(1819731609).
00 00 85 01 00 00 6C 76 E6 99   01 03 21 01 86 A9 02 01 07 41   
09 41 6C 61 72 6D 5F 32 36 33 
S5F1 W
<L[3]
  <B[1] 0x86>
  <U2[1] 263>
  <A[9] "Alarm_263">
>
.
12:03:24.747: Send S5F2(1819731609).
00 00 05 02 00 00 6C 76 E6 99   25 01 00 
S5F2
<Boolean[1] 0x00>
.
12:03:24.789: Receive S6F11(1954475681).
00 00 86 0B 00 00 74 7E EE A1   01 03 A9 02 00 C9 B1 04 00 00   
00 79 01 01 01 02 A9 02 00 78   01 01 A9 02 00 02 
S6F11 W
<L[3]
  <U2[1] 201>
  <U4[1] 121>
  <L[1]
    <L[2]
      <U2[1] 120>
      <L[1]
        <U2[1] 2>
      >
    >
  >
>
.
12:03:24.859: Send S6F12(1954475681).
00 00 06 0C 00 00 74 7E EE A1   25 01 00 
S6F12
<Boolean[1] 0x00>
.
Linktest.req received!
12:03:59.006: Receive S6F11(2589839422).
00 00 86 0B 00 00 9A 5D D0 3E   01 03 A9 02 00 5A B1 04 00 00   
00 7B 01 01 01 02 A9 02 00 78   01 01 A9 02 00 04 
S6F11 W
<L[3]
  <U2[1] 90>
  <U4[1] 123>
  <L[1]
    <L[2]
      <U2[1] 120>
      <L[1]
        <U2[1] 4>
      >
    >
  >
>
.
12:03:59.086: Send S6F12(2589839422).
00 00 06 0C 00 00 9A 5D D0 3E   25 01 00 
S6F12
<Boolean[1] 0x00>
.
12:03:59.118: Receive S6F11(1535685046).
00 00 86 0B 00 00 5B 88 B1 B6   01 03 A9 02 00 CA B1 04 00 00   
00 72 01 01 01 02 A9 02 00 72   01 01 25 01 00 
S6F11 W
<L[3]
  <U2[1] 202>
  <U4[1] 114>
  <L[1]
    <L[2]
      <U2[1] 114>
      <L[1]
        <Boolean[1] 0x00>
      >
    >
  >
>
.
12:03:59.184: Send S6F12(1535685046).
00 00 06 0C 00 00 5B 88 B1 B6   25 01 00 
S6F12
<Boolean[1] 0x00>
.
Linktest.rsp received!
Linktest.req received!
Linktest.rsp received!
Linktest.req received!
12:05:40.022: Receive S5F1(3015563165).
00 00 85 01 00 00 B3 BD D7 9D   01 03 21 01 06 A9 02 00 89 41   
09 41 6C 61 72 6D 5F 31 33 37 
S5F1 W
<L[3]
  <B[1] 0x06>
  <U2[1] 137>
  <A[9] "Alarm_137">
>
.
12:05:40.070: Send S5F2(3015563165).
00 00 05 02 00 00 B3 BD D7 9D   25 01 00 
S5F2
<Boolean[1] 0x00>
.
12:05:40.103: Receive S5F1(3082935201).
00 00 85 01 00 00 B7 C1 DB A1   01 03 21 01 06 A9 02 00 C7 41   
09 41 6C 61 72 6D 5F 31 39 39 
S5F1 W
<L[3]
  <B[1] 0x06>
  <U2[1] 199>
  <A[9] "Alarm_199">
>
.
12:05:40.132: Send S5F2(3082935201).
00 00 05 02 00 00 B7 C1 DB A1   25 01 00 
S5F2
<Boolean[1] 0x00>
.
12:05:40.157: Receive S5F1(708180037).
00 00 85 01 00 00 2A 35 F8 45   01 03 21 01 06 A9 02 00 C8 41   
09 41 6C 61 72 6D 5F 32 30 30 
S5F1 W
<L[3]
  <B[1] 0x06>
  <U2[1] 200>
  <A[9] "Alarm_200">
>
.
12:05:40.185: Send S5F2(708180037).
00 00 05 02 00 00 2A 35 F8 45   25 01 00 
S5F2
<Boolean[1] 0x00>
.
12:05:40.209: Receive S5F1(775552073).
00 00 85 01 00 00 2E 39 FC 49   01 03 21 01 06 A9 02 01 07 41   
09 41 6C 61 72 6D 5F 32 36 33 
S5F1 W
<L[3]
  <B[1] 0x06>
  <U2[1] 263>
  <A[9] "Alarm_263">
>
.
12:05:40.242: Send S5F2(775552073).
00 00 05 02 00 00 2E 39 FC 49   25 01 00 
S5F2
<Boolean[1] 0x00>
.
12:05:43.361: Receive S5F1(352878633).
00 00 85 01 00 00 15 08 80 29   01 03 21 01 86 A9 02 00 89 41   
09 41 6C 61 72 6D 5F 31 33 37 
S5F1 W
<L[3]
  <B[1] 0x86>
  <U2[1] 137>
  <A[9] "Alarm_137">
>
.
12:05:43.398: Send S5F2(352878633).
00 00 05 02 00 00 15 08 80 29   25 01 00 
S5F2
<Boolean[1] 0x00>
.
12:05:43.429: Receive S5F1(420250669).
00 00 85 01 00 00 19 0C 84 2D   01 03 21 01 86 A9 02 00 C7 41   
09 41 6C 61 72 6D 5F 31 39 39 
S5F1 W
<L[3]
  <B[1] 0x86>
  <U2[1] 199>
  <A[9] "Alarm_199">
>
.
12:05:43.446: Send S5F2(420250669).
00 00 05 02 00 00 19 0C 84 2D   25 01 00 
S5F2
<Boolean[1] 0x00>
.
12:05:43.462: Receive S5F1(487622705).
00 00 85 01 00 00 1D 10 88 31   01 03 21 01 86 A9 02 00 C8 41   
09 41 6C 61 72 6D 5F 32 30 30 
S5F1 W
<L[3]
  <B[1] 0x86>
  <U2[1] 200>
  <A[9] "Alarm_200">
>
.
12:05:43.480: Send S5F2(487622705).
00 00 05 02 00 00 1D 10 88 31   25 01 00 
S5F2
<Boolean[1] 0x00>
.
12:06:06.248: Receive S5F1(3504495443).
00 00 85 01 00 00 D0 E2 5B 53   01 03 21 01 06 A9 02 00 89 41   
09 41 6C 61 72 6D 5F 31 33 37 
S5F1 W
<L[3]
  <B[1] 0x06>
  <U2[1] 137>
  <A[9] "Alarm_137">
>
.
12:06:06.294: Send S5F2(3504495443).
00 00 05 02 00 00 D0 E2 5B 53   25 01 00 
S5F2
<Boolean[1] 0x00>
.
12:06:06.318: Receive S5F1(3571867479).
00 00 85 01 00 00 D4 E6 5F 57   01 03 21 01 06 A9 02 00 C7 41   
09 41 6C 61 72 6D 5F 31 39 39 
S5F1 W
<L[3]
  <B[1] 0x06>
  <U2[1] 199>
  <A[9] "Alarm_199">
>
.
12:06:06.350: Send S5F2(3571867479).
00 00 05 02 00 00 D4 E6 5F 57   25 01 00 
S5F2
<Boolean[1] 0x00>
.
12:06:06.374: Receive S5F1(3639239515).
00 00 85 01 00 00 D8 EA 63 5B   01 03 21 01 06 A9 02 00 C8 41   
09 41 6C 61 72 6D 5F 32 30 30 
S5F1 W
<L[3]
  <B[1] 0x06>
  <U2[1] 200>
  <A[9] "Alarm_200">
>
.
12:06:06.392: Send S5F2(3639239515).
00 00 05 02 00 00 D8 EA 63 5B   25 01 00 
S5F2
<Boolean[1] 0x00>
.
Linktest.rsp received!
Linktest.req received!
Linktest.rsp received!
12:07:20.135: Receive S5F1(2449132083).
00 00 85 01 00 00 91 FA CA 33   01 03 21 01 86 A9 02 00 65 41   
09 41 6C 61 72 6D 5F 31 30 31 
S5F1 W
<L[3]
  <B[1] 0x86>
  <U2[1] 101>
  <A[9] "Alarm_101">
>
.
12:07:20.183: Send S5F2(2449132083).
00 00 05 02 00 00 91 FA CA 33   25 01 00 
S5F2
<Boolean[1] 0x00>
.
12:07:20.198: Receive S5F1(2516504119).
00 00 85 01 00 00 95 FE CE 37   01 03 21 01 86 A9 02 00 C3 41   
09 41 6C 61 72 6D 5F 31 39 35 
S5F1 W
<L[3]
  <B[1] 0x86>
  <U2[1] 195>
  <A[9] "Alarm_195">
>
.
12:07:20.239: Send S5F2(2516504119).
00 00 05 02 00 00 95 FE CE 37   25 01 00 
S5F2
<Boolean[1] 0x00>
.
12:07:20.278: Receive S6F11(2634470975).
00 00 86 0B 00 00 9D 06 D6 3F   01 03 A9 02 00 0F B1 04 00 00   
00 78 01 01 01 02 A9 02 00 78   01 01 A9 02 00 01 
S6F11 W
<L[3]
  <U2[1] 15>
  <U4[1] 120>
  <L[1]
    <L[2]
      <U2[1] 120>
      <L[1]
        <U2[1] 1>
      >
    >
  >
>
.
12:07:20.343: Send S6F12(2634470975).
00 00 06 0C 00 00 9D 06 D6 3F   25 01 00 
S6F12
<Boolean[1] 0x00>
.
12:07:22.082: Receive S5F1(364258559).
00 00 85 01 00 00 15 B6 24 FF   01 03 21 01 86 A9 02 00 25 41   
08 41 6C 61 72 6D 5F 33 37 
S5F1 W
<L[3]
  <B[1] 0x86>
  <U2[1] 37>
  <A[8] "Alarm_37">
>
.
12:07:22.116: Send S5F2(364258559).
00 00 05 02 00 00 15 B6 24 FF   25 01 00 
S5F2
<Boolean[1] 0x00>
.
12:07:40.392: Receive S5F1(2900173718).
00 00 85 01 00 00 AC DD 23 96   01 03 21 01 06 A9 02 00 25 41   
08 41 6C 61 72 6D 5F 33 37 
S5F1 W
<L[3]
  <B[1] 0x06>
  <U2[1] 37>
  <A[8] "Alarm_37">
>
.
12:07:40.450: Send S5F2(2900173718).
00 00 05 02 00 00 AC DD 23 96   25 01 00 
S5F2
<Boolean[1] 0x00>
.
12:07:40.470: Receive S5F1(2967545754).
00 00 85 01 00 00 B0 E1 27 9A   01 03 21 01 06 A9 02 00 65 41   
09 41 6C 61 72 6D 5F 31 30 31 
S5F1 W
<L[3]
  <B[1] 0x06>
  <U2[1] 101>
  <A[9] "Alarm_101">
>
.
12:07:40.503: Send S5F2(2967545754).
00 00 05 02 00 00 B0 E1 27 9A   25 01 00 
S5F2
<Boolean[1] 0x00>
.
12:07:40.534: Receive S5F1(3034917790).
00 00 85 01 00 00 B4 E5 2B 9E   01 03 21 01 06 A9 02 00 C3 41   
09 41 6C 61 72 6D 5F 31 39 35 
S5F1 W
<L[3]
  <B[1] 0x06>
  <U2[1] 195>
  <A[9] "Alarm_195">
>
.
12:07:40.551: Send S5F2(3034917790).
00 00 05 02 00 00 B4 E5 2B 9E   25 01 00 
S5F2
<Boolean[1] 0x00>
.
12:07:40.616: Receive S6F11(3169661862).
00 00 86 0B 00 00 BC ED 33 A6   01 03 A9 02 00 5E B1 04 00 00   
00 7B 01 01 01 02 A9 02 00 78   01 01 A9 02 00 04 
S6F11 W
<L[3]
  <U2[1] 94>
  <U4[1] 123>
  <L[1]
    <L[2]
      <U2[1] 120>
      <L[1]
        <U2[1] 4>
      >
    >
  >
>
.
12:07:40.687: Send S6F12(3169661862).
00 00 06 0C 00 00 BC ED 33 A6   25 01 00 
S6F12
<Boolean[1] 0x00>
.
12:07:42.499: Receive S6F11(2415755167).
00 00 86 0B 00 00 8F FD 7F 9F   01 03 A9 02 00 4F B1 04 00 00   
00 72 01 01 01 02 A9 02 00 72   01 01 25 01 00 
S6F11 W
<L[3]
  <U2[1] 79>
  <U4[1] 114>
  <L[1]
    <L[2]
      <U2[1] 114>
      <L[1]
        <Boolean[1] 0x00>
      >
    >
  >
>
.
12:07:42.567: Send S6F12(2415755167).
00 00 06 0C 00 00 8F FD 7F 9F   25 01 00 
S6F12
<Boolean[1] 0x00>
.
12:07:42.661: Receive S6F11(2533722023).
00 00 86 0B 00 00 97 05 87 A7   01 03 A9 02 00 4F B1 04 00 00   
00 72 01 01 01 02 A9 02 00 72   01 01 25 01 00 
S6F11 W
<L[3]
  <U2[1] 79>
  <U4[1] 114>
  <L[1]
    <L[2]
      <U2[1] 114>
      <L[1]
        <Boolean[1] 0x00>
      >
    >
  >
>
.
12:07:42.717: Send S6F12(2533722023).
00 00 06 0C 00 00 97 05 87 A7   25 01 00 
S6F12
<Boolean[1] 0x00>
.
12:08:09.145: Receive S6F11(1360175669).
00 00 86 0B 00 00 51 12 A2 35   01 03 A9 02 00 D5 B1 04 00 00   
00 7D 01 01 01 02 A9 02 00 78   01 01 A9 02 00 06 
S6F11 W
<L[3]
  <U2[1] 213>
  <U4[1] 125>
  <L[1]
    <L[2]
      <U2[1] 120>
      <L[1]
        <U2[1] 6>
      >
    >
  >
>
.
12:08:09.217: Send S6F12(1360175669).
00 00 06 0C 00 00 51 12 A2 35   25 01 00 
S6F12
<Boolean[1] 0x00>
.
Linktest.rsp received!
12:08:16.921: Receive S6F11(2386918593).
00 00 86 0B 00 00 8E 45 7C C1   01 03 A9 02 00 59 B1 04 00 00   
00 7B 01 01 01 02 A9 02 00 78   01 01 A9 02 00 04 
S6F11 W
<L[3]
  <U2[1] 89>
  <U4[1] 123>
  <L[1]
    <L[2]
      <U2[1] 120>
      <L[1]
        <U2[1] 4>
      >
    >
  >
>
.
12:08:16.985: Send S6F12(2386918593).
00 00 06 0C 00 00 8E 45 7C C1   25 01 00 
S6F12
<Boolean[1] 0x00>
.
Linktest.req received!
Linktest.rsp received!
Linktest.req received!
Linktest.rsp received!
Linktest.req received!
Linktest.rsp received!
Linktest.req received!
Linktest.rsp received!
Linktest.req received!
Linktest.rsp received!
Linktest.req received!
12:13:43.467: Send S5F5(2902065).
00 00 85 05 00 00 00 2C 48 31   A9 02 00 00 
S5F5 W
<U2[1] 0>
.
12:13:43.476: Receive S5F6(2902065).
00 00 05 06 00 00 00 2C 48 31   01 01 01 03 21 01 00 A9 02 00   
00 41 00 
S5F6
<L[1]
  <L[3]
    <B[1] 0x00>
    <U2[1] 0>
    <A[0] "">
  >
>
.
SECS Emulator v1.5  2001/09/05
HSMS Communication Started!
12:22:07.361: Receive S1F13(3109322309).
00 00 81 0D 00 00 B9 54 7E 45   01 02 41 07 41 31 32 4C 31 39   
33 41 05 30 2E 30 2E 30 
S1F13 W
<L[2]
  <A[7] "A12L193">
  <A[5] "0.0.0">
>
.
12:22:07.380: Send S1F14(3109322309).
00 00 01 0E 00 00 B9 54 7E 45   01 02 21 01 00 01 00 
S1F14
<L[2]
  <B[1] 0x00>
  <L[0]
  >
>
.
12:22:07.912: Receive S6F11(3244066381).
00 00 86 0B 00 00 C1 5C 86 4D   01 03 A9 02 00 6D B1 04 00 00   
00 80 01 01 01 02 A9 02 00 80   01 01 25 01 01 
S6F11 W
<L[3]
  <U2[1] 109>
  <U4[1] 128>
  <L[1]
    <L[2]
      <U2[1] 128>
      <L[1]
        <Boolean[1] 0x01>
      >
    >
  >
>
.
12:22:07.959: Send S6F12(3244066381).
00 00 06 0C 00 00 C1 5C 86 4D   25 01 00 
S6F12
<Boolean[1] 0x00>
.
12:22:08.008: Receive S6F11(3378810453).
00 00 86 0B 00 00 C9 64 8E 55   01 03 A9 02 00 6D B1 04 00 00   
00 7F 01 01 01 02 A9 02 00 7F   01 01 25 01 01 
S6F11 W
<L[3]
  <U2[1] 109>
  <U4[1] 127>
  <L[1]
    <L[2]
      <U2[1] 127>
      <L[1]
        <Boolean[1] 0x01>
      >
    >
  >
>
.
12:22:08.054: Send S6F12(3378810453).
00 00 06 0C 00 00 C9 64 8E 55   25 01 00 
S6F12
<Boolean[1] 0x00>
.
12:22:08.335: Receive S6F11(1052022434).
00 00 86 0B 00 00 3E B4 96 A2   01 03 A9 02 00 B2 B1 04 00 00   
01 90 01 01 01 02 A9 02 01 90   01 0D A9 02 00 02 41 0C 20 20   
20 20 20 20 20 20 20 20 20 20   41 00 25 01 01 25 01 00 25 01   
00 25 01 00 25 01 00 25 01 00   25 01 00 25 01 01 25 01 00 25   
01 00 
S6F11 W
<L[3]
  <U2[1] 178>
  <U4[1] 400>
  <L[1]
    <L[2]
      <U2[1] 400>
      <L[13]
        <U2[1] 2>
        <A[12] "            ">
        <A[0] "">
        <Boolean[1] 0x01>
        <Boolean[1] 0x00>
        <Boolean[1] 0x00>
        <Boolean[1] 0x00>
        <Boolean[1] 0x00>
        <Boolean[1] 0x00>
        <Boolean[1] 0x00>
        <Boolean[1] 0x01>
        <Boolean[1] 0x00>
        <Boolean[1] 0x00>
      >
    >
  >
>
.
12:22:08.429: Send S6F12(1052022434).
00 00 06 0C 00 00 3E B4 96 A2   25 01 00 
S6F12
<Boolean[1] 0x00>
.
12:22:12.658: Receive S6F11(2301225423).
00 00 86 0B 00 00 89 29 E9 CF   01 03 A9 02 00 D3 B1 04 00 00   
00 7B 01 01 01 02 A9 02 00 78   01 01 A9 02 00 04 
S6F11 W
<L[3]
  <U2[1] 211>
  <U4[1] 123>
  <L[1]
    <L[2]
      <U2[1] 120>
      <L[1]
        <U2[1] 4>
      >
    >
  >
>
.
12:22:12.705: Send S6F12(2301225423).
00 00 06 0C 00 00 89 29 E9 CF   25 01 00 
S6F12
<Boolean[1] 0x00>
.
12:22:12.736: Receive S6F11(2368597459).
00 00 86 0B 00 00 8D 2D ED D3   01 03 A9 02 00 D3 B1 04 00 00   
00 72 01 01 01 02 A9 02 00 72   01 01 25 01 00 
S6F11 W
<L[3]
  <U2[1] 211>
  <U4[1] 114>
  <L[1]
    <L[2]
      <U2[1] 114>
      <L[1]
        <Boolean[1] 0x00>
      >
    >
  >
>
.
12:22:12.785: Send S6F12(2368597459).
00 00 06 0C 00 00 8D 2D ED D3   25 01 00 
S6F12
<Boolean[1] 0x00>
.
12:22:21.568: Receive S6F11(3323514495).
00 00 86 0B 00 00 C6 18 CE 7F   01 03 A9 02 00 77 B1 04 00 00   
00 72 01 01 01 02 A9 02 00 72   01 01 25 01 01 
S6F11 W
<L[3]
  <U2[1] 119>
  <U4[1] 114>
  <L[1]
    <L[2]
      <U2[1] 114>
      <L[1]
        <Boolean[1] 0x01>
      >
    >
  >
>
.
12:22:21.630: Send S6F12(3323514495).
00 00 06 0C 00 00 C6 18 CE 7F   25 01 00 
S6F12
<Boolean[1] 0x00>
.
12:22:21.908: Receive S6F11(3458258567).
00 00 86 0B 00 00 CE 20 D6 87   01 03 A9 02 00 77 B1 04 00 00   
00 79 01 01 01 02 A9 02 00 78   01 01 A9 02 00 02 
S6F11 W
<L[3]
  <U2[1] 119>
  <U4[1] 121>
  <L[1]
    <L[2]
      <U2[1] 120>
      <L[1]
        <U2[1] 2>
      >
    >
  >
>
.
12:22:21.958: Send S6F12(3458258567).
00 00 06 0C 00 00 CE 20 D6 87   25 01 00 
S6F12
<Boolean[1] 0x00>
.
12:22:37.481: Send S2F13(5600016).
00 00 82 0D 00 00 00 55 73 10   01 16 B1 04 00 00 04 B0 B1 04   
00 00 04 B1 B1 04 00 00 04 B2   B1 04 00 00 04 B3 B1 04 00 00   
04 BA B1 04 00 00 04 C4 B1 04   00 00 04 CE B1 04 00 00 04 E2   
B1 04 00 00 04 E3 B1 04 00 00   04 E4 B1 04 00 00 04 E5 B1 04   
00 00 04 E6 B1 04 00 00 04 E7   B1 04 00 00 08 02 B1 04 00 00   
08 05 B1 04 00 00 08 06 B1 04   00 00 08 08 B1 04 00 00 08 09   
B1 04 00 00 08 0A B1 04 00 00   08 0F B1 04 00 00 08 11 B1 04   
00 00 08 13 
S2F13 W
<L[22]
  <U4[1] 1200>
  <U4[1] 1201>
  <U4[1] 1202>
  <U4[1] 1203>
  <U4[1] 1210>
  <U4[1] 1220>
  <U4[1] 1230>
  <U4[1] 1250>
  <U4[1] 1251>
  <U4[1] 1252>
  <U4[1] 1253>
  <U4[1] 1254>
  <U4[1] 1255>
  <U4[1] 2050>
  <U4[1] 2053>
  <U4[1] 2054>
  <U4[1] 2056>
  <U4[1] 2057>
  <U4[1] 2058>
  <U4[1] 2063>
  <U4[1] 2065>
  <U4[1] 2067>
>
.
12:22:37.978: Receive S2F14(5600016).
00 00 02 0E 00 00 00 55 73 10   01 16 A9 02 00 00 A9 02 00 00   
A9 02 00 00 A9 02 00 00 41 0C   20 20 20 20 20 20 20 20 20 20   
20 20 41 0C 20 20 20 20 20 20   20 20 20 20 20 20 41 00 A9 02   
07 E8 A9 02 00 01 A9 02 00 1F   A9 02 00 0B A9 02 00 0B A9 02   
00 0B 25 01 01 25 01 00 25 01   00 25 01 00 25 01 00 25 01 00   
25 01 00 25 01 00 25 01 01 
S2F14
<L[22]
  <U2[1] 0>
  <U2[1] 0>
  <U2[1] 0>
  <U2[1] 0>
  <A[12] "            ">
  <A[12] "            ">
  <A[0] "">
  <U2[1] 2024>
  <U2[1] 1>
  <U2[1] 31>
  <U2[1] 11>
  <U2[1] 11>
  <U2[1] 11>
  <Boolean[1] 0x01>
  <Boolean[1] 0x00>
  <Boolean[1] 0x00>
  <Boolean[1] 0x00>
  <Boolean[1] 0x00>
  <Boolean[1] 0x00>
  <Boolean[1] 0x00>
  <Boolean[1] 0x00>
  <Boolean[1] 0x01>
>
.
Linktest.rsp received!
Linktest.req received!
Linktest.rsp received!
Linktest.req received!
Linktest.rsp received!
Linktest.req received!
Linktest.rsp received!
12:26:31.316: Receive S5F1(528272487).
00 00 85 01 00 00 1F 7C CC 67   01 03 21 01 06 A9 02 00 89 41   
09 41 6C 61 72 6D 5F 31 33 37 
S5F1 W
<L[3]
  <B[1] 0x06>
  <U2[1] 137>
  <A[9] "Alarm_137">
>
.
12:26:31.347: Send S5F2(528272487).
00 00 05 02 00 00 1F 7C CC 67   25 01 00 
S5F2
<Boolean[1] 0x00>
.
12:26:31.378: Receive S5F1(595644523).
00 00 85 01 00 00 23 80 D0 6B   01 03 21 01 06 A9 02 00 C7 41   
09 41 6C 61 72 6D 5F 31 39 39 
S5F1 W
<L[3]
  <B[1] 0x06>
  <U2[1] 199>
  <A[9] "Alarm_199">
>
.
12:26:31.396: Send S5F2(595644523).
00 00 05 02 00 00 23 80 D0 6B   25 01 00 
S5F2
<Boolean[1] 0x00>
.
12:26:31.428: Receive S5F1(663016559).
00 00 85 01 00 00 27 84 D4 6F   01 03 21 01 06 A9 02 00 C8 41   
09 41 6C 61 72 6D 5F 32 30 30 
S5F1 W
<L[3]
  <B[1] 0x06>
  <U2[1] 200>
  <A[9] "Alarm_200">
>
.
12:26:31.444: Send S5F2(663016559).
00 00 05 02 00 00 27 84 D4 6F   25 01 00 
S5F2
<Boolean[1] 0x00>
.
12:26:33.899: Receive S6F11(3212857360).
00 00 86 0B 00 00 BF 80 50 10   01 03 A9 02 00 E0 B1 04 00 00   
00 72 01 01 01 02 A9 02 00 72   01 01 25 01 00 
S6F11 W
<L[3]
  <U2[1] 224>
  <U4[1] 114>
  <L[1]
    <L[2]
      <U2[1] 114>
      <L[1]
        <Boolean[1] 0x00>
      >
    >
  >
>
.
12:26:33.963: Send S6F12(3212857360).
00 00 06 0C 00 00 BF 80 50 10   25 01 00 
S6F12
<Boolean[1] 0x00>
.
12:26:34.090: Receive S6F11(3347601432).
00 00 86 0B 00 00 C7 88 58 18   01 03 A9 02 00 E0 B1 04 00 00   
00 7B 01 01 01 02 A9 02 00 78   01 01 A9 02 00 04 
S6F11 W
<L[3]
  <U2[1] 224>
  <U4[1] 123>
  <L[1]
    <L[2]
      <U2[1] 120>
      <L[1]
        <U2[1] 4>
      >
    >
  >
>
.
12:26:34.156: Send S6F12(3347601432).
00 00 06 0C 00 00 C7 88 58 18   25 01 00 
S6F12
<Boolean[1] 0x00>
.
12:26:35.051: Receive S5F1(163505741).
00 00 85 01 00 00 09 BE E6 4D   01 03 21 01 06 A9 02 01 07 41   
09 41 6C 61 72 6D 5F 32 36 33 
S5F1 W
<L[3]
  <B[1] 0x06>
  <U2[1] 263>
  <A[9] "Alarm_263">
>
.
12:26:35.081: Send S5F2(163505741).
00 00 05 02 00 00 09 BE E6 4D   25 01 00 
S5F2
<Boolean[1] 0x00>
.
12:26:51.536: Receive S5F1(1092712655).
00 00 85 01 00 00 41 21 78 CF   01 03 21 01 86 A9 02 00 65 41   
09 41 6C 61 72 6D 5F 31 30 31 
S5F1 W
<L[3]
  <B[1] 0x86>
  <U2[1] 101>
  <A[9] "Alarm_101">
>
.
12:26:51.573: Send S5F2(1092712655).
00 00 05 02 00 00 41 21 78 CF   25 01 00 
S5F2
<Boolean[1] 0x00>
.
12:26:51.707: Receive S6F11(1227456727).
00 00 86 0B 00 00 49 29 80 D7   01 03 A9 02 00 8F B1 04 00 00   
00 78 01 01 01 02 A9 02 00 78   01 01 A9 02 00 01 
S6F11 W
<L[3]
  <U2[1] 143>
  <U4[1] 120>
  <L[1]
    <L[2]
      <U2[1] 120>
      <L[1]
        <U2[1] 1>
      >
    >
  >
>
.
12:26:51.772: Send S6F12(1227456727).
00 00 06 0C 00 00 49 29 80 D7   25 01 00 
S6F12
<Boolean[1] 0x00>
.
12:26:57.002: Receive S5F1(3715770966).
00 00 85 01 00 00 DD 7A 2A 56   01 03 21 01 06 A9 02 00 65 41   
09 41 6C 61 72 6D 5F 31 30 31 
S5F1 W
<L[3]
  <B[1] 0x06>
  <U2[1] 101>
  <A[9] "Alarm_101">
>
.
12:26:57.035: Send S5F2(3715770966).
00 00 05 02 00 00 DD 7A 2A 56   25 01 00 
S5F2
<Boolean[1] 0x00>
.
12:26:57.357: Receive S6F11(976160836).
00 00 86 0B 00 00 3A 2F 08 44   01 03 A9 02 00 F0 B1 04 00 00   
00 7B 01 01 01 02 A9 02 00 78   01 01 A9 02 00 04 
S6F11 W
<L[3]
  <U2[1] 240>
  <U4[1] 123>
  <L[1]
    <L[2]
      <U2[1] 120>
      <L[1]
        <U2[1] 4>
      >
    >
  >
>
.
12:26:57.418: Send S6F12(976160836).
00 00 06 0C 00 00 3A 2F 08 44   25 01 00 
S6F12
<Boolean[1] 0x00>
.
Linktest.rsp received!
12:27:32.667: Receive S6F11(803190795).
00 00 86 0B 00 00 2F DF B8 0B   01 03 A9 02 00 AF B1 04 00 00   
00 72 01 01 01 02 A9 02 00 72   01 01 25 01 00 
S6F11 W
<L[3]
  <U2[1] 175>
  <U4[1] 114>
  <L[1]
    <L[2]
      <U2[1] 114>
      <L[1]
        <Boolean[1] 0x00>
      >
    >
  >
>
.
12:27:32.732: Send S6F12(803190795).
00 00 06 0C 00 00 2F DF B8 0B   25 01 00 
S6F12
<Boolean[1] 0x00>
.
12:27:32.829: Receive S6F11(937934867).
00 00 86 0B 00 00 37 E7 C0 13   01 03 A9 02 00 AF B1 04 00 00   
00 72 01 01 01 02 A9 02 00 72   01 01 25 01 00 
S6F11 W
<L[3]
  <U2[1] 175>
  <U4[1] 114>
  <L[1]
    <L[2]
      <U2[1] 114>
      <L[1]
        <Boolean[1] 0x00>
      >
    >
  >
>
.
12:27:32.891: Send S6F12(937934867).
00 00 06 0C 00 00 37 E7 C0 13   25 01 00 
S6F12
<Boolean[1] 0x00>
.
12:27:34.104: Receive S6F11(3331585322).
00 00 86 0B 00 00 C6 93 F5 2A   01 03 A9 02 00 BE B1 04 00 00   
00 72 01 01 01 02 A9 02 00 72   01 01 25 01 01 
S6F11 W
<L[3]
  <U2[1] 190>
  <U4[1] 114>
  <L[1]
    <L[2]
      <U2[1] 114>
      <L[1]
        <Boolean[1] 0x01>
      >
    >
  >
>
.
12:27:34.169: Send S6F12(3331585322).
00 00 06 0C 00 00 C6 93 F5 2A   25 01 00 
S6F12
<Boolean[1] 0x00>
.
12:27:34.684: Receive S5F1(3718194279).
00 00 85 01 00 00 DD 9F 24 67   01 03 21 01 86 A9 02 01 07 41   
09 41 6C 61 72 6D 5F 32 36 33 
S5F1 W
<L[3]
  <B[1] 0x86>
  <U2[1] 263>
  <A[9] "Alarm_263">
>
.
12:27:34.726: Send S5F2(3718194279).
00 00 05 02 00 00 DD 9F 24 67   25 01 00 
S5F2
<Boolean[1] 0x00>
.
12:27:34.965: Receive S6F11(3852938351).
00 00 86 0B 00 00 E5 A7 2C 6F   01 03 A9 02 00 F7 B1 04 00 00   
00 79 01 01 01 02 A9 02 00 78   01 01 A9 02 00 02 
S6F11 W
<L[3]
  <U2[1] 247>
  <U4[1] 121>
  <L[1]
    <L[2]
      <U2[1] 120>
      <L[1]
        <U2[1] 2>
      >
    >
  >
>
.
12:27:35.014: Send S6F12(3852938351).
00 00 06 0C 00 00 E5 A7 2C 6F   25 01 00 
S6F12
<Boolean[1] 0x00>
.
12:27:36.100: Receive S5F1(102742764).
00 00 85 01 00 00 06 1F BA EC   01 03 21 01 86 A9 02 00 C7 41   
09 41 6C 61 72 6D 5F 31 39 39 
S5F1 W
<L[3]
  <B[1] 0x86>
  <U2[1] 199>
  <A[9] "Alarm_199">
>
.
12:27:36.132: Send S5F2(102742764).
00 00 05 02 00 00 06 1F BA EC   25 01 00 
S5F2
<Boolean[1] 0x00>
.
12:27:36.150: Receive S5F1(1701154419).
00 00 85 01 00 00 65 65 8E 73   01 03 21 01 86 A9 02 00 C8 41   
09 41 6C 61 72 6D 5F 32 30 30 
S5F1 W
<L[3]
  <B[1] 0x86>
  <U2[1] 200>
  <A[9] "Alarm_200">
>
.
12:27:36.178: Send S5F2(1701154419).
00 00 05 02 00 00 65 65 8E 73   25 01 00 
S5F2
<Boolean[1] 0x00>
.
12:27:36.230: Receive S6F11(1903270527).
00 00 86 0B 00 00 71 71 9A 7F   01 03 A9 02 00 F3 B1 04 00 00   
00 7B 01 01 01 02 A9 02 00 78   01 01 A9 02 00 04 
S6F11 W
<L[3]
  <U2[1] 243>
  <U4[1] 123>
  <L[1]
    <L[2]
      <U2[1] 120>
      <L[1]
        <U2[1] 4>
      >
    >
  >
>
.
12:27:36.293: Send S6F12(1903270527).
00 00 06 0C 00 00 71 71 9A 7F   25 01 00 
S6F12
<Boolean[1] 0x00>
.
12:27:36.325: Receive S6F11(1970642563).
00 00 86 0B 00 00 75 75 9E 83   01 03 A9 02 00 F3 B1 04 00 00   
00 72 01 01 01 02 A9 02 00 72   01 01 25 01 00 
S6F11 W
<L[3]
  <U2[1] 243>
  <U4[1] 114>
  <L[1]
    <L[2]
      <U2[1] 114>
      <L[1]
        <Boolean[1] 0x00>
      >
    >
  >
>
.
12:27:36.374: Send S6F12(1970642563).
00 00 06 0C 00 00 75 75 9E 83   25 01 00 
S6F12
<Boolean[1] 0x00>
.
12:27:55.815: Receive S5F1(3294153697).
00 00 85 01 00 00 C4 58 CB E1   01 03 21 01 06 A9 02 01 07 41   
09 41 6C 61 72 6D 5F 32 36 33 
S5F1 W
<L[3]
  <B[1] 0x06>
  <U2[1] 263>
  <A[9] "Alarm_263">
>
.
12:27:55.860: Send S5F2(3294153697).
00 00 05 02 00 00 C4 58 CB E1   25 01 00 
S5F2
<Boolean[1] 0x00>
.
12:27:55.892: Receive S5F1(3361525733).
00 00 85 01 00 00 C8 5C CF E5   01 03 21 01 06 A9 02 00 C7 41   
09 41 6C 61 72 6D 5F 31 39 39 
S5F1 W
<L[3]
  <B[1] 0x06>
  <U2[1] 199>
  <A[9] "Alarm_199">
>
.
12:27:55.924: Send S5F2(3361525733).
00 00 05 02 00 00 C8 5C CF E5   25 01 00 
S5F2
<Boolean[1] 0x00>
.
12:27:55.955: Receive S5F1(3428897769).
00 00 85 01 00 00 CC 60 D3 E9   01 03 21 01 06 A9 02 00 C8 41   
09 41 6C 61 72 6D 5F 32 30 30 
S5F1 W
<L[3]
  <B[1] 0x06>
  <U2[1] 200>
  <A[9] "Alarm_200">
>
.
12:27:56.051: Send S5F2(3428897769).
00 00 05 02 00 00 CC 60 D3 E9   25 01 00 
S5F2
<Boolean[1] 0x00>
.
Linktest.rsp received!
Linktest.req received!
Linktest.rsp received!
12:29:09.052: Receive S6F11(600060527).
00 00 86 0B 00 00 23 C4 32 6F   01 03 A9 02 00 C3 B1 04 00 00   
00 6F 01 01 01 02 A9 02 00 6E   01 04 25 01 00 25 01 01 25 01   
00 25 01 00 
S6F11 W
<L[3]
  <U2[1] 195>
  <U4[1] 111>
  <L[1]
    <L[2]
      <U2[1] 110>
      <L[4]
        <Boolean[1] 0x00>
        <Boolean[1] 0x01>
        <Boolean[1] 0x00>
        <Boolean[1] 0x00>
      >
    >
  >
>
.
12:29:09.526: Send S6F12(600060527).
00 00 06 0C 00 00 23 C4 32 6F   25 01 00 
S6F12
<Boolean[1] 0x00>
.
12:29:09.636: Receive S6F11(667432563).
00 00 86 0B 00 00 27 C8 36 73   01 03 A9 02 00 C3 B1 04 00 00   
00 6B 01 01 01 02 A9 02 00 6B   01 01 25 01 01 
S6F11 W
<L[3]
  <U2[1] 195>
  <U4[1] 107>
  <L[1]
    <L[2]
      <U2[1] 107>
      <L[1]
        <Boolean[1] 0x01>
      >
    >
  >
>
.
12:29:09.966: Send S6F12(667432563).
00 00 06 0C 00 00 27 C8 36 73   25 01 00 
S6F12
<Boolean[1] 0x00>
.
12:29:16.162: Receive S5F1(1972373431).
00 00 85 01 00 00 75 90 07 B7   01 03 21 01 86 A9 02 00 C3 41   
09 41 6C 61 72 6D 5F 31 39 35 
S5F1 W
<L[3]
  <B[1] 0x86>
  <U2[1] 195>
  <A[9] "Alarm_195">
>
.
12:29:16.289: Send S5F2(1972373431).
00 00 05 02 00 00 75 90 07 B7   25 01 00 
S5F2
<Boolean[1] 0x00>
.
12:29:35.149: Receive S5F1(3740877472).
00 00 85 01 00 00 DE F9 42 A0   01 03 21 01 06 A9 02 00 C3 41   
09 41 6C 61 72 6D 5F 31 39 35 
S5F1 W
<L[3]
  <B[1] 0x06>
  <U2[1] 195>
  <A[9] "Alarm_195">
>
.
12:29:35.280: Send S5F2(3740877472).
00 00 05 02 00 00 DE F9 42 A0   25 01 00 
S5F2
<Boolean[1] 0x00>
.
12:29:36.114: Receive S5F1(3808249508).
00 00 85 01 00 00 E2 FD 46 A4   01 03 21 01 86 A9 02 00 C8 41   
09 41 6C 61 72 6D 5F 32 30 30 
S5F1 W
<L[3]
  <B[1] 0x86>
  <U2[1] 200>
  <A[9] "Alarm_200">
>
.
12:29:36.256: Send S5F2(3808249508).
00 00 05 02 00 00 E2 FD 46 A4   25 01 00 
S5F2
<Boolean[1] 0x00>
.
12:29:38.549: Receive S6F11(2269749191).
00 00 86 0B 00 00 87 49 9F C7   01 03 A9 02 00 03 B1 04 00 00   
00 72 01 01 01 02 A9 02 00 72   01 01 25 01 01 
S6F11 W
<L[3]
  <U2[1] 3>
  <U4[1] 114>
  <L[1]
    <L[2]
      <U2[1] 114>
      <L[1]
        <Boolean[1] 0x01>
      >
    >
  >
>
.
12:29:38.884: Send S6F12(2269749191).
00 00 06 0C 00 00 87 49 9F C7   25 01 00 
S6F12
<Boolean[1] 0x00>
.
12:29:38.978: Receive S6F11(2404493263).
00 00 86 0B 00 00 8F 51 A7 CF   01 03 A9 02 00 03 B1 04 00 00   
00 79 01 01 01 02 A9 02 00 78   01 01 A9 02 00 02 
S6F11 W
<L[3]
  <U2[1] 3>
  <U4[1] 121>
  <L[1]
    <L[2]
      <U2[1] 120>
      <L[1]
        <U2[1] 2>
      >
    >
  >
>
.
12:29:39.320: Send S6F12(2404493263).
00 00 06 0C 00 00 8F 51 A7 CF   25 01 00 
S6F12
<Boolean[1] 0x00>
.
12:29:39.649: Receive S5F1(1859639118).
00 00 85 01 00 00 6E D7 D7 4E   01 03 21 01 06 A9 02 00 C8 41   
09 41 6C 61 72 6D 5F 32 30 30 
S5F1 W
<L[3]
  <B[1] 0x06>
  <U2[1] 200>
  <A[9] "Alarm_200">
>
.
12:29:39.768: Send S5F2(1859639118).
00 00 05 02 00 00 6E D7 D7 4E   25 01 00 
S5F2
<Boolean[1] 0x00>
.
12:30:06.280: Receive S6F11(2978859276).
00 00 86 0B 00 00 B1 8D C9 0C   01 03 A9 02 00 34 B1 04 00 00   
00 65 01 01 01 02 A9 02 00 65   01 02 41 0C 44 55 4D 4D 59 20   
20 20 20 20 20 20 41 00 
S6F11 W
<L[3]
  <U2[1] 52>
  <U4[1] 101>
  <L[1]
    <L[2]
      <U2[1] 101>
      <L[2]
        <A[12] "DUMMY       ">
        <A[0] "">
      >
    >
  >
>
.
12:30:06.559: Send S6F12(2978859276).
00 00 06 0C 00 00 B1 8D C9 0C   25 01 00 
S6F12
<Boolean[1] 0x00>
.
12:30:06.623: Send S2F15(5600024).
00 00 82 0F 00 00 00 55 73 18   01 08 01 02 B1 04 00 00 04 BA   
41 0C 31 32 33 34 35 36 37 38   39 30 31 32 01 02 B1 04 00 00   
04 C4 41 0C 31 32 33 34 35 36   37 38 39 30 31 32 01 02 B1 04   
00 00 04 B0 A9 02 00 01 01 02   B1 04 00 00 04 B1 A9 02 00 03   
01 02 B1 04 00 00 04 B3 A9 02   00 01 01 02 B1 04 00 00 04 CE   
41 07 4D 65 73 73 61 67 65 01   02 B1 04 00 00 08 05 25 01 01   
01 02 B1 04 00 00 04 B6 91 04   44 26 80 00 
S2F15 W
<L[8]
  <L[2]
    <U4[1] 1210>
    <A[12] "123456789012">
  >
  <L[2]
    <U4[1] 1220>
    <A[12] "123456789012">
  >
  <L[2]
    <U4[1] 1200>
    <U2[1] 1>
  >
  <L[2]
    <U4[1] 1201>
    <U2[1] 3>
  >
  <L[2]
    <U4[1] 1203>
    <U2[1] 1>
  >
  <L[2]
    <U4[1] 1230>
    <A[7] "Message">
  >
  <L[2]
    <U4[1] 2053>
    <Boolean[1] 0x01>
  >
  <L[2]
    <U4[1] 1206>
    <F4[1] 666>
  >
>
.
12:30:07.205: Receive S2F16(5600024).
00 00 02 10 00 00 00 55 73 18   21 01 00 
S2F16
<B[1] 0x00>
.
12:30:07.253: Receive S6F11(3113603348).
00 00 86 0B 00 00 B9 95 D1 14   01 03 A9 02 00 34 B1 04 00 00   
00 68 01 01 01 02 A9 02 00 68   01 01 25 01 01 
S6F11 W
<L[3]
  <U2[1] 52>
  <U4[1] 104>
  <L[1]
    <L[2]
      <U2[1] 104>
      <L[1]
        <Boolean[1] 0x01>
      >
    >
  >
>
.
12:30:07.488: Send S6F12(3113603348).
00 00 06 0C 00 00 B9 95 D1 14   25 01 00 
S6F12
<Boolean[1] 0x00>
.
Linktest.rsp received!
Linktest.req received!
12:30:47.095: Receive S6F11(2987186889).
00 00 86 0B 00 00 B2 0C DA C9   01 03 A9 02 00 DD B1 04 00 00   
00 72 01 01 01 02 A9 02 00 72   01 01 25 01 00 
S6F11 W
<L[3]
  <U2[1] 221>
  <U4[1] 114>
  <L[1]
    <L[2]
      <U2[1] 114>
      <L[1]
        <Boolean[1] 0x00>
      >
    >
  >
>
.
12:30:47.364: Send S6F12(2987186889).
00 00 06 0C 00 00 B2 0C DA C9   25 01 00 
S6F12
<Boolean[1] 0x00>
.
12:30:47.430: Receive S5F1(3054558925).
00 00 85 01 00 00 B6 10 DE CD   01 03 21 01 86 A9 02 00 06 41   
07 41 6C 61 72 6D 5F 36 
S5F1 W
<L[3]
  <B[1] 0x86>
  <U2[1] 6>
  <A[7] "Alarm_6">
>
.
12:30:47.560: Send S5F2(3054558925).
00 00 05 02 00 00 B6 10 DE CD   25 01 00 
S5F2
<Boolean[1] 0x00>
.
12:30:47.637: Receive S6F11(1034540830).
00 00 86 0B 00 00 3D A9 D7 1E   01 03 A9 02 00 26 B1 04 00 00   
00 78 01 01 01 02 A9 02 00 78   01 01 A9 02 00 01 
S6F11 W
<L[3]
  <U2[1] 38>
  <U4[1] 120>
  <L[1]
    <L[2]
      <U2[1] 120>
      <L[1]
        <U2[1] 1>
      >
    >
  >
>
.
12:30:47.867: Send S6F12(1034540830).
00 00 06 0C 00 00 3D A9 D7 1E   25 01 00 
S6F12
<Boolean[1] 0x00>
.
12:31:03.862: Receive S5F1(1495554462).
00 00 85 01 00 00 59 24 59 9E   01 03 21 01 06 A9 02 00 06 41   
07 41 6C 61 72 6D 5F 36 
S5F1 W
<L[3]
  <B[1] 0x06>
  <U2[1] 6>
  <A[7] "Alarm_6">
>
.
12:31:03.998: Send S5F2(1495554462).
00 00 05 02 00 00 59 24 59 9E   25 01 00 
S5F2
<Boolean[1] 0x00>
.
12:31:04.101: Receive S6F11(1630298534).
00 00 86 0B 00 00 61 2C 61 A6   01 03 A9 02 00 A2 B1 04 00 00   
00 7B 01 01 01 02 A9 02 00 78   01 01 A9 02 00 04 
S6F11 W
<L[3]
  <U2[1] 162>
  <U4[1] 123>
  <L[1]
    <L[2]
      <U2[1] 120>
      <L[1]
        <U2[1] 4>
      >
    >
  >
>
.
12:31:04.342: Send S6F12(1630298534).
00 00 06 0C 00 00 61 2C 61 A6   25 01 00 
S6F12
<Boolean[1] 0x00>
.
Linktest.rsp received!
12:31:20.578: Receive S5F1(2832830192).
00 00 85 01 00 00 A8 D9 8E F0   01 03 21 01 86 A9 02 00 0D 41   
08 41 6C 61 72 6D 5F 31 33 
S5F1 W
<L[3]
  <B[1] 0x86>
  <U2[1] 13>
  <A[8] "Alarm_13">
>
.
12:31:20.730: Send S5F2(2832830192).
00 00 05 02 00 00 A8 D9 8E F0   25 01 00 
S5F2
<Boolean[1] 0x00>
.
12:31:20.804: Receive S6F11(2967574264).
00 00 86 0B 00 00 B0 E1 96 F8   01 03 A9 02 00 E8 B1 04 00 00   
00 78 01 01 01 02 A9 02 00 78   01 01 A9 02 00 01 
S6F11 W
<L[3]
  <U2[1] 232>
  <U4[1] 120>
  <L[1]
    <L[2]
      <U2[1] 120>
      <L[1]
        <U2[1] 1>
      >
    >
  >
>
.
12:31:21.043: Send S6F12(2967574264).
00 00 06 0C 00 00 B0 E1 96 F8   25 01 00 
S6F12
<Boolean[1] 0x00>
.
Linktest.req received!
12:32:02.056: Receive S6F11(1090244182).
00 00 86 0B 00 00 40 FB CE 56   01 03 A9 02 00 3A B1 04 00 00   
00 6B 01 01 01 02 A9 02 00 6B   01 01 25 01 01 
S6F11 W
<L[3]
  <U2[1] 58>
  <U4[1] 107>
  <L[1]
    <L[2]
      <U2[1] 107>
      <L[1]
        <Boolean[1] 0x01>
      >
    >
  >
>
.
12:32:02.311: Send S6F12(1090244182).
00 00 06 0C 00 00 40 FB CE 56   25 01 00 
S6F12
<Boolean[1] 0x00>
.
12:32:02.372: Receive S6F11(3203604460).
00 00 86 0B 00 00 BE F3 1F EC   01 03 A9 02 00 C8 B1 04 00 00   
00 6B 01 01 01 02 A9 02 00 6B   01 01 25 01 01 
S6F11 W
<L[3]
  <U2[1] 200>
  <U4[1] 107>
  <L[1]
    <L[2]
      <U2[1] 107>
      <L[1]
        <Boolean[1] 0x01>
      >
    >
  >
>
.
12:32:02.628: Send S6F12(3203604460).
00 00 06 0C 00 00 BE F3 1F EC   25 01 00 
S6F12
<Boolean[1] 0x00>
.
Linktest.rsp received!
12:32:26.044: Receive S6F11(623225336).
00 00 86 0B 00 00 25 25 A9 F8   01 03 A9 02 00 CC B1 04 00 00   
00 7B 01 01 01 02 A9 02 00 78   01 01 A9 02 00 04 
S6F11 W
<L[3]
  <U2[1] 204>
  <U4[1] 123>
  <L[1]
    <L[2]
      <U2[1] 120>
      <L[1]
        <U2[1] 4>
      >
    >
  >
>
.
12:32:26.325: Send S6F12(623225336).
00 00 06 0C 00 00 25 25 A9 F8   25 01 00 
S6F12
<Boolean[1] 0x00>
.
12:32:26.403: Receive S5F1(521785706).
00 00 85 01 00 00 1F 19 D1 6A   01 03 21 01 06 A9 02 00 0D 41   
08 41 6C 61 72 6D 5F 31 33 
S5F1 W
<L[3]
  <B[1] 0x06>
  <U2[1] 13>
  <A[8] "Alarm_13">
>
.
12:32:26.528: Send S5F2(521785706).
00 00 05 02 00 00 1F 19 D1 6A   25 01 00 
S5F2
<Boolean[1] 0x00>
.
12:32:28.778: Receive S6F11(8992599).
00 00 86 0B 00 00 00 89 37 57   01 03 A9 02 00 1F B1 04 00 00   
00 72 01 01 01 02 A9 02 00 72   01 01 25 01 00 
S6F11 W
<L[3]
  <U2[1] 31>
  <U4[1] 114>
  <L[1]
    <L[2]
      <U2[1] 114>
      <L[1]
        <Boolean[1] 0x00>
      >
    >
  >
>
.
12:32:29.097: Send S6F12(8992599).
00 00 06 0C 00 00 00 89 37 57   25 01 00 
S6F12
<Boolean[1] 0x00>
.
12:32:29.207: Receive S6F11(4243867458).
00 00 86 0B 00 00 FC F4 47 42   01 03 A9 02 00 02 B1 04 00 00   
00 72 01 01 01 02 A9 02 00 72   01 01 25 01 00 
S6F11 W
<L[3]
  <U2[1] 2>
  <U4[1] 114>
  <L[1]
    <L[2]
      <U2[1] 114>
      <L[1]
        <Boolean[1] 0x00>
      >
    >
  >
>
.
12:32:29.482: Send S6F12(4243867458).
00 00 06 0C 00 00 FC F4 47 42   25 01 00 
S6F12
<Boolean[1] 0x00>
.
12:32:30.169: Receive S6F11(2817794042).
00 00 86 0B 00 00 A7 F4 1F FA   01 03 A9 02 00 B2 B1 04 00 00   
00 72 01 01 01 02 A9 02 00 72   01 01 25 01 01 
S6F11 W
<L[3]
  <U2[1] 178>
  <U4[1] 114>
  <L[1]
    <L[2]
      <U2[1] 114>
      <L[1]
        <Boolean[1] 0x01>
      >
    >
  >
>
.
12:32:30.415: Send S6F12(2817794042).
00 00 06 0C 00 00 A7 F4 1F FA   25 01 00 
S6F12
<Boolean[1] 0x00>
.
12:32:30.648: Receive S6F11(2952537858).
00 00 86 0B 00 00 AF FC 27 02   01 03 A9 02 00 B2 B1 04 00 00   
00 79 01 01 01 02 A9 02 00 78   01 01 A9 02 00 02 
S6F11 W
<L[3]
  <U2[1] 178>
  <U4[1] 121>
  <L[1]
    <L[2]
      <U2[1] 120>
      <L[1]
        <U2[1] 2>
      >
    >
  >
>
.
12:32:30.918: Send S6F12(2952537858).
00 00 06 0C 00 00 AF FC 27 02   25 01 00 
S6F12
<Boolean[1] 0x00>
.
12:32:31.550: Receive S5F1(1934084546).
00 00 85 01 00 00 73 47 C9 C2   01 03 21 01 86 A9 02 00 C8 41   
09 41 6C 61 72 6D 5F 32 30 30 
S5F1 W
<L[3]
  <B[1] 0x86>
  <U2[1] 200>
  <A[9] "Alarm_200">
>
.
12:32:31.704: Send S5F2(1934084546).
00 00 05 02 00 00 73 47 C9 C2   25 01 00 
S5F2
<Boolean[1] 0x00>
.
12:32:35.484: Receive S6F11(2124174109).
00 00 86 0B 00 00 7E 9C 53 1D   01 03 A9 02 00 C1 B1 04 00 00   
00 78 01 01 01 02 A9 02 00 78   01 01 A9 02 00 01 
S6F11 W
<L[3]
  <U2[1] 193>
  <U4[1] 120>
  <L[1]
    <L[2]
      <U2[1] 120>
      <L[1]
        <U2[1] 1>
      >
    >
  >
>
.
12:32:35.817: Send S6F12(2124174109).
00 00 06 0C 00 00 7E 9C 53 1D   25 01 00 
S6F12
<Boolean[1] 0x00>
.
12:32:35.898: Receive S5F1(2258918181).
00 00 85 01 00 00 86 A4 5B 25   01 03 21 01 86 A9 02 00 06 41   
07 41 6C 61 72 6D 5F 36 
S5F1 W
<L[3]
  <B[1] 0x86>
  <U2[1] 6>
  <A[7] "Alarm_6">
>
.
12:32:36.075: Send S5F2(2258918181).
00 00 05 02 00 00 86 A4 5B 25   25 01 00 
S5F2
<Boolean[1] 0x00>
.
12:32:36.136: Receive S6F11(2326290217).
00 00 86 0B 00 00 8A A8 5F 29   01 03 A9 02 00 C1 B1 04 00 00   
00 72 01 01 01 02 A9 02 00 72   01 01 25 01 00 
S6F11 W
<L[3]
  <U2[1] 193>
  <U4[1] 114>
  <L[1]
    <L[2]
      <U2[1] 114>
      <L[1]
        <Boolean[1] 0x00>
      >
    >
  >
>
.
12:32:36.439: Send S6F12(2326290217).
00 00 06 0C 00 00 8A A8 5F 29   25 01 00 
S6F12
<Boolean[1] 0x00>
.
12:33:01.748: Receive S5F1(2353826775).
00 00 85 01 00 00 8C 4C 8B D7   01 03 21 01 06 A9 02 00 06 41   
07 41 6C 61 72 6D 5F 36 
S5F1 W
<L[3]
  <B[1] 0x06>
  <U2[1] 6>
  <A[7] "Alarm_6">
>
.
12:33:01.883: Send S5F2(2353826775).
00 00 05 02 00 00 8C 4C 8B D7   25 01 00 
S5F2
<Boolean[1] 0x00>
.
12:33:01.948: Receive S5F1(2421198811).
00 00 85 01 00 00 90 50 8F DB   01 03 21 01 06 A9 02 00 C8 41   
09 41 6C 61 72 6D 5F 32 30 30 
S5F1 W
<L[3]
  <B[1] 0x06>
  <U2[1] 200>
  <A[9] "Alarm_200">
>
.
12:33:02.159: Send S5F2(2421198811).
00 00 05 02 00 00 90 50 8F DB   25 01 00 
S5F2
<Boolean[1] 0x00>
.
12:33:02.236: Receive S6F11(2419654726).
00 00 86 0B 00 00 90 39 00 46   01 03 A9 02 00 CE B1 04 00 00   
00 7B 01 01 01 02 A9 02 00 78   01 01 A9 02 00 04 
S6F11 W
<L[3]
  <U2[1] 206>
  <U4[1] 123>
  <L[1]
    <L[2]
      <U2[1] 120>
      <L[1]
        <U2[1] 4>
      >
    >
  >
>
.
12:33:02.504: Send S6F12(2419654726).
00 00 06 0C 00 00 90 39 00 46   25 01 00 
S6F12
<Boolean[1] 0x00>
.
Linktest.rsp received!
12:33:22.297: Receive S5F1(874644050).
00 00 85 01 00 00 34 22 02 52   01 03 21 01 86 A9 02 00 0D 41   
08 41 6C 61 72 6D 5F 31 33 
S5F1 W
<L[3]
  <B[1] 0x86>
  <U2[1] 13>
  <A[8] "Alarm_13">
>
.
12:33:22.425: Send S5F2(874644050).
00 00 05 02 00 00 34 22 02 52   25 01 00 
S5F2
<Boolean[1] 0x00>
.
12:33:22.489: Receive S6F11(1009388122).
00 00 86 0B 00 00 3C 2A 0A 5A   01 03 A9 02 00 D6 B1 04 00 00   
00 78 01 01 01 02 A9 02 00 78   01 01 A9 02 00 01 
S6F11 W
<L[3]
  <U2[1] 214>
  <U4[1] 120>
  <L[1]
    <L[2]
      <U2[1] 120>
      <L[1]
        <U2[1] 1>
      >
    >
  >
>
.
12:33:22.728: Send S6F12(1009388122).
00 00 06 0C 00 00 3C 2A 0A 5A   25 01 00 
S6F12
<Boolean[1] 0x00>
.
Linktest.req received!
Linktest.rsp received!
Linktest.req received!
Linktest.rsp received!
12:35:08.098: Receive S6F11(771881426).
00 00 86 0B 00 00 2E 01 F9 D2   01 03 A9 02 00 3E B1 04 00 00   
00 6B 01 01 01 02 A9 02 00 6B   01 01 25 01 00 
S6F11 W
<L[3]
  <U2[1] 62>
  <U4[1] 107>
  <L[1]
    <L[2]
      <U2[1] 107>
      <L[1]
        <Boolean[1] 0x00>
      >
    >
  >
>
.
12:35:08.348: Send S6F12(771881426).
00 00 06 0C 00 00 2E 01 F9 D2   25 01 00 
S6F12
<Boolean[1] 0x00>
.
12:35:08.519: Receive S6F11(3719724376).
00 00 86 0B 00 00 DD B6 7D 58   01 03 A9 02 00 BC B1 04 00 00   
00 6E 01 01 01 02 A9 02 00 6E   01 04 25 01 01 25 01 00 25 01   
00 25 01 00 
S6F11 W
<L[3]
  <U2[1] 188>
  <U4[1] 110>
  <L[1]
    <L[2]
      <U2[1] 110>
      <L[4]
        <Boolean[1] 0x01>
        <Boolean[1] 0x00>
        <Boolean[1] 0x00>
        <Boolean[1] 0x00>
      >
    >
  >
>
.
12:35:08.765: Send S6F12(3719724376).
00 00 06 0C 00 00 DD B6 7D 58   25 01 00 
S6F12
<Boolean[1] 0x00>
.
Linktest.req received!
Linktest.rsp received!
Linktest.req received!
Linktest.rsp received!
12:37:09.682: Receive S6F11(3491157992).
00 00 86 0B 00 00 D0 16 D7 E8   01 03 A9 02 00 3C B1 04 00 00   
00 72 01 01 01 02 A9 02 00 72   01 01 25 01 00 
S6F11 W
<L[3]
  <U2[1] 60>
  <U4[1] 114>
  <L[1]
    <L[2]
      <U2[1] 114>
      <L[1]
        <Boolean[1] 0x00>
      >
    >
  >
>
.
12:37:09.983: Send S6F12(3491157992).
00 00 06 0C 00 00 D0 16 D7 E8   25 01 00 
S6F12
<Boolean[1] 0x00>
.
12:37:10.052: Receive S6F11(3625902064).
00 00 86 0B 00 00 D8 1E DF F0   01 03 A9 02 00 3C B1 04 00 00   
00 72 01 01 01 02 A9 02 00 72   01 01 25 01 00 
S6F11 W
<L[3]
  <U2[1] 60>
  <U4[1] 114>
  <L[1]
    <L[2]
      <U2[1] 114>
      <L[1]
        <Boolean[1] 0x00>
      >
    >
  >
>
.
12:37:10.316: Send S6F12(3625902064).
00 00 06 0C 00 00 D8 1E DF F0   25 01 00 
S6F12
<Boolean[1] 0x00>
.
12:37:13.099: Receive S5F1(526958723).
00 00 85 01 00 00 1F 68 C0 83   01 03 21 01 06 A9 02 00 0D 41   
08 41 6C 61 72 6D 5F 31 33 
S5F1 W
<L[3]
  <B[1] 0x06>
  <U2[1] 13>
  <A[8] "Alarm_13">
>
.
12:37:13.275: Send S5F2(526958723).
00 00 05 02 00 00 1F 68 C0 83   25 01 00 
S5F2
<Boolean[1] 0x00>
.
12:37:13.356: Receive S6F11(1937061316).
00 00 86 0B 00 00 73 75 35 C4   01 03 A9 02 00 04 B1 04 00 00   
00 7B 01 01 01 02 A9 02 00 78   01 01 A9 02 00 04 
S6F11 W
<L[3]
  <U2[1] 4>
  <U4[1] 123>
  <L[1]
    <L[2]
      <U2[1] 120>
      <L[1]
        <U2[1] 4>
      >
    >
  >
>
.
12:37:13.632: Send S6F12(1937061316).
00 00 06 0C 00 00 73 75 35 C4   25 01 00 
S6F12
<Boolean[1] 0x00>
.
12:37:17.993: Receive S6F11(1364083250).
00 00 86 0B 00 00 51 4E 42 32   01 03 A9 02 00 6A B1 04 00 00   
00 72 01 01 01 02 A9 02 00 72   01 01 25 01 00 
S6F11 W
<L[3]
  <U2[1] 106>
  <U4[1] 114>
  <L[1]
    <L[2]
      <U2[1] 114>
      <L[1]
        <Boolean[1] 0x00>
      >
    >
  >
>
.
12:37:18.296: Send S6F12(1364083250).
00 00 06 0C 00 00 51 4E 42 32   25 01 00 
S6F12
<Boolean[1] 0x00>
.
12:37:18.377: Receive S6F11(1417994436).
00 00 86 0B 00 00 54 84 E0 C4   01 03 A9 02 00 F4 B1 04 00 00   
00 72 01 01 01 02 A9 02 00 72   01 01 25 01 00 
S6F11 W
<L[3]
  <U2[1] 244>
  <U4[1] 114>
  <L[1]
    <L[2]
      <U2[1] 114>
      <L[1]
        <Boolean[1] 0x00>
      >
    >
  >
>
.
12:37:18.664: Send S6F12(1417994436).
00 00 06 0C 00 00 54 84 E0 C4   25 01 00 
S6F12
<Boolean[1] 0x00>
.
12:37:19.568: Receive S6F11(2813386319).
00 00 86 0B 00 00 A7 B0 DE 4F   01 03 A9 02 00 77 B1 04 00 00   
00 72 01 01 01 02 A9 02 00 72   01 01 25 01 01 
S6F11 W
<L[3]
  <U2[1] 119>
  <U4[1] 114>
  <L[1]
    <L[2]
      <U2[1] 114>
      <L[1]
        <Boolean[1] 0x01>
      >
    >
  >
>
.
12:37:19.858: Send S6F12(2813386319).
00 00 06 0C 00 00 A7 B0 DE 4F   25 01 00 
S6F12
<Boolean[1] 0x00>
.
12:37:20.221: Receive S6F11(72865342).
00 00 86 0B 00 00 04 57 D6 3E   01 03 A9 02 00 5E B1 04 00 00   
00 79 01 01 01 02 A9 02 00 78   01 01 A9 02 00 02 
S6F11 W
<L[3]
  <U2[1] 94>
  <U4[1] 121>
  <L[1]
    <L[2]
      <U2[1] 120>
      <L[1]
        <U2[1] 2>
      >
    >
  >
>
.
12:37:20.505: Send S6F12(72865342).
00 00 06 0C 00 00 04 57 D6 3E   25 01 00 
S6F12
<Boolean[1] 0x00>
.
Linktest.req received!
12:37:51.526: Receive S6F11(3905017872).
00 00 86 0B 00 00 E8 C1 D8 10   01 03 A9 02 00 24 B1 04 00 00   
00 72 01 01 01 02 A9 02 00 72   01 01 25 01 00 
S6F11 W
<L[3]
  <U2[1] 36>
  <U4[1] 114>
  <L[1]
    <L[2]
      <U2[1] 114>
      <L[1]
        <Boolean[1] 0x00>
      >
    >
  >
>
.
12:37:51.763: Send S6F12(3905017872).
00 00 06 0C 00 00 E8 C1 D8 10   25 01 00 
S6F12
<Boolean[1] 0x00>
.
12:37:51.825: Receive S6F11(4039761944).
00 00 86 0B 00 00 F0 C9 E0 18   01 03 A9 02 00 24 B1 04 00 00   
00 7B 01 01 01 02 A9 02 00 78   01 01 A9 02 00 04 
S6F11 W
<L[3]
  <U2[1] 36>
  <U4[1] 123>
  <L[1]
    <L[2]
      <U2[1] 120>
      <L[1]
        <U2[1] 4>
      >
    >
  >
>
.
12:37:52.124: Send S6F12(4039761944).
00 00 06 0C 00 00 F0 C9 E0 18   25 01 00 
S6F12
<Boolean[1] 0x00>
.
Linktest.rsp received!
Linktest.req received!
12:38:42.087: Receive S6F11(2746601356).
00 00 86 0B 00 00 A3 B5 CF 8C   01 03 A9 02 00 88 B1 04 00 00   
00 6F 01 01 01 02 A9 02 00 6E   01 04 25 01 00 25 01 01 25 01   
00 25 01 00 
S6F11 W
<L[3]
  <U2[1] 136>
  <U4[1] 111>
  <L[1]
    <L[2]
      <U2[1] 110>
      <L[4]
        <Boolean[1] 0x00>
        <Boolean[1] 0x01>
        <Boolean[1] 0x00>
        <Boolean[1] 0x00>
      >
    >
  >
>
.
12:38:42.393: Send S6F12(2746601356).
00 00 06 0C 00 00 A3 B5 CF 8C   25 01 00 
S6F12
<Boolean[1] 0x00>
.
12:38:42.455: Receive S6F11(2813973392).
00 00 86 0B 00 00 A7 B9 D3 90   01 03 A9 02 00 88 B1 04 00 00   
00 6B 01 01 01 02 A9 02 00 6B   01 01 25 01 01 
S6F11 W
<L[3]
  <U2[1] 136>
  <U4[1] 107>
  <L[1]
    <L[2]
      <U2[1] 107>
      <L[1]
        <Boolean[1] 0x01>
      >
    >
  >
>
.
12:38:42.770: Send S6F12(2813973392).
00 00 06 0C 00 00 A7 B9 D3 90   25 01 00 
S6F12
<Boolean[1] 0x00>
.
12:38:42.853: Receive S6F11(968944180).
00 00 86 0B 00 00 39 C0 EA 34   01 03 A9 02 00 20 B1 04 00 00   
00 6B 01 01 01 02 A9 02 00 6B   01 01 25 01 00 
S6F11 W
<L[3]
  <U2[1] 32>
  <U4[1] 107>
  <L[1]
    <L[2]
      <U2[1] 107>
      <L[1]
        <Boolean[1] 0x00>
      >
    >
  >
>
.
12:38:43.151: Send S6F12(968944180).
00 00 06 0C 00 00 39 C0 EA 34   25 01 00 
S6F12
<Boolean[1] 0x00>
.
12:38:43.245: Receive S6F11(1036316216).
00 00 86 0B 00 00 3D C4 EE 38   01 03 A9 02 00 20 B1 04 00 00   
00 71 01 01 01 02 A9 02 00 6E   01 04 25 01 00 25 01 00 25 01   
00 25 01 01 
S6F11 W
<L[3]
  <U2[1] 32>
  <U4[1] 113>
  <L[1]
    <L[2]
      <U2[1] 110>
      <L[4]
        <Boolean[1] 0x00>
        <Boolean[1] 0x00>
        <Boolean[1] 0x00>
        <Boolean[1] 0x01>
      >
    >
  >
>
.
12:38:43.629: Send S6F12(1036316216).
00 00 06 0C 00 00 3D C4 EE 38   25 01 00 
S6F12
<Boolean[1] 0x00>
.
12:38:44.851: Receive S6F11(3655894036).
00 00 86 0B 00 00 D9 E8 84 14   01 03 A9 02 00 F4 B1 04 00 00   
00 6E 01 01 01 02 A9 02 00 6E   01 04 25 01 01 25 01 00 25 01   
00 25 01 00 
S6F11 W
<L[3]
  <U2[1] 244>
  <U4[1] 110>
  <L[1]
    <L[2]
      <U2[1] 110>
      <L[4]
        <Boolean[1] 0x01>
        <Boolean[1] 0x00>
        <Boolean[1] 0x00>
        <Boolean[1] 0x00>
      >
    >
  >
>
.
12:38:45.102: Send S6F12(3655894036).
00 00 06 0C 00 00 D9 E8 84 14   25 01 00 
S6F12
<Boolean[1] 0x00>
.
Linktest.rsp received!
12:39:13.801: Receive S5F1(1234457422).
00 00 85 01 00 00 49 94 53 4E   01 03 21 01 86 A9 02 00 C8 41   
09 41 6C 61 72 6D 5F 32 30 30 
S5F1 W
<L[3]
  <B[1] 0x86>
  <U2[1] 200>
  <A[9] "Alarm_200">
>
.
12:39:13.943: Send S5F2(1234457422).
00 00 05 02 00 00 49 94 53 4E   25 01 00 
S5F2
<Boolean[1] 0x00>
.
12:39:19.439: Receive S5F1(132263713).
00 00 85 01 00 00 07 E2 2F 21   01 03 21 01 06 A9 02 00 C8 41   
09 41 6C 61 72 6D 5F 32 30 30 
S5F1 W
<L[3]
  <B[1] 0x06>
  <U2[1] 200>
  <A[9] "Alarm_200">
>
.
12:39:19.590: Send S5F2(132263713).
00 00 05 02 00 00 07 E2 2F 21   25 01 00 
S5F2
<Boolean[1] 0x00>
.
12:39:35.228: Receive S5F1(3718093909).
00 00 85 01 00 00 DD 9D 9C 55   01 03 21 01 86 A9 02 00 C8 41   
09 41 6C 61 72 6D 5F 32 30 30 
S5F1 W
<L[3]
  <B[1] 0x86>
  <U2[1] 200>
  <A[9] "Alarm_200">
>
.
12:39:35.373: Send S5F2(3718093909).
00 00 05 02 00 00 DD 9D 9C 55   25 01 00 
S5F2
<Boolean[1] 0x00>
.
12:39:40.824: Receive S6F11(2457706686).
00 00 86 0B 00 00 92 7D A0 BE   01 03 A9 02 00 8A B1 04 00 00   
00 7D 01 01 01 02 A9 02 00 78   01 01 A9 02 00 06 
S6F11 W
<L[3]
  <U2[1] 138>
  <U4[1] 125>
  <L[1]
    <L[2]
      <U2[1] 120>
      <L[1]
        <U2[1] 6>
      >
    >
  >
>
.
12:39:41.154: Send S6F12(2457706686).
00 00 06 0C 00 00 92 7D A0 BE   25 01 00 
S6F12
<Boolean[1] 0x00>
.
12:39:45.221: Receive S6F11(2260863681).
00 00 86 0B 00 00 86 C2 0A C1   01 03 A9 02 00 85 B1 04 00 00   
00 7B 01 01 01 02 A9 02 00 78   01 01 A9 02 00 04 
S6F11 W
<L[3]
  <U2[1] 133>
  <U4[1] 123>
  <L[1]
    <L[2]
      <U2[1] 120>
      <L[1]
        <U2[1] 4>
      >
    >
  >
>
.
12:39:45.515: Send S6F12(2260863681).
00 00 06 0C 00 00 86 C2 0A C1   25 01 00 
S6F12
<Boolean[1] 0x00>
.
12:40:04.976: Receive S5F1(388464793).
00 00 85 01 00 00 17 27 80 99   01 03 21 01 06 A9 02 00 C8 41   
09 41 6C 61 72 6D 5F 32 30 30 
S5F1 W
<L[3]
  <B[1] 0x06>
  <U2[1] 200>
  <A[9] "Alarm_200">
>
.
12:40:05.182: Send S5F2(388464793).
00 00 05 02 00 00 17 27 80 99   25 01 00 
S5F2
<Boolean[1] 0x00>
.
12:40:05.897: Receive S5F1(1283459698).
00 00 85 01 00 00 4C 80 0A 72   01 03 21 01 86 A9 02 00 C8 41   
09 41 6C 61 72 6D 5F 32 30 30 
S5F1 W
<L[3]
  <B[1] 0x86>
  <U2[1] 200>
  <A[9] "Alarm_200">
>
.
12:40:06.104: Send S5F2(1283459698).
00 00 05 02 00 00 4C 80 0A 72   25 01 00 
S5F2
<Boolean[1] 0x00>
.
Linktest.rsp received!
12:40:36.302: Receive S5F1(1173634093).
00 00 85 01 00 00 45 F4 3C 2D   01 03 21 01 06 A9 02 00 C8 41   
09 41 6C 61 72 6D 5F 32 30 30 
S5F1 W
<L[3]
  <B[1] 0x06>
  <U2[1] 200>
  <A[9] "Alarm_200">
>
.
12:40:36.480: Send S5F2(1173634093).
00 00 05 02 00 00 45 F4 3C 2D   25 01 00 
S5F2
<Boolean[1] 0x00>
.
12:40:37.584: Receive S5F1(1549395713).
00 00 85 01 00 00 5C 59 E7 01   01 03 21 01 86 A9 02 00 C8 41   
09 41 6C 61 72 6D 5F 32 30 30 
S5F1 W
<L[3]
  <B[1] 0x86>
  <U2[1] 200>
  <A[9] "Alarm_200">
>
.
12:40:37.679: Send S5F2(1549395713).
00 00 05 02 00 00 5C 59 E7 01   25 01 00 
S5F2
<Boolean[1] 0x00>
.
12:40:42.182: Receive S5F1(2120095804).
00 00 85 01 00 00 7E 5E 18 3C   01 03 21 01 06 A9 02 00 C8 41   
09 41 6C 61 72 6D 5F 32 30 30 
S5F1 W
<L[3]
  <B[1] 0x06>
  <U2[1] 200>
  <A[9] "Alarm_200">
>
.
12:40:42.324: Send S5F2(2120095804).
00 00 05 02 00 00 7E 5E 18 3C   25 01 00 
S5F2
<Boolean[1] 0x00>
.
Linktest.rsp received!
12:41:11.590: Receive S5F1(2435174726).
00 00 85 01 00 00 91 25 D1 46   01 03 21 01 86 A9 02 00 C8 41   
09 41 6C 61 72 6D 5F 32 30 30 
S5F1 W
<L[3]
  <B[1] 0x86>
  <U2[1] 200>
  <A[9] "Alarm_200">
>
.
12:41:11.763: Send S5F2(2435174726).
00 00 05 02 00 00 91 25 D1 46   25 01 00 
S5F2
<Boolean[1] 0x00>
.
12:41:17.835: Receive S6F11(4189662228).
00 00 86 0B 00 00 F9 B9 2C 14   01 03 A9 02 00 B8 B1 04 00 00   
00 72 01 01 01 02 A9 02 00 72   01 01 25 01 01 
S6F11 W
<L[3]
  <U2[1] 184>
  <U4[1] 114>
  <L[1]
    <L[2]
      <U2[1] 114>
      <L[1]
        <Boolean[1] 0x01>
      >
    >
  >
>
.
12:41:18.133: Send S6F12(4189662228).
00 00 06 0C 00 00 F9 B9 2C 14   25 01 00 
S6F12
<Boolean[1] 0x00>
.
12:41:18.229: Receive S5F1(4257034264).
00 00 85 01 00 00 FD BD 30 18   01 03 21 01 86 A9 02 01 07 41   
09 41 6C 61 72 6D 5F 32 36 33 
S5F1 W
<L[3]
  <B[1] 0x86>
  <U2[1] 263>
  <A[9] "Alarm_263">
>
.
12:41:18.406: Send S5F2(4257034264).
00 00 05 02 00 00 FD BD 30 18   25 01 00 
S5F2
<Boolean[1] 0x00>
.
12:41:18.487: Receive S6F11(468157056).
00 00 86 0B 00 00 1B E7 82 80   01 03 A9 02 00 18 B1 04 00 00   
00 79 01 01 01 02 A9 02 00 78   01 01 A9 02 00 02 
S6F11 W
<L[3]
  <U2[1] 24>
  <U4[1] 121>
  <L[1]
    <L[2]
      <U2[1] 120>
      <L[1]
        <U2[1] 2>
      >
    >
  >
>
.
12:41:18.802: Send S6F12(468157056).
00 00 06 0C 00 00 1B E7 82 80   25 01 00 
S6F12
<Boolean[1] 0x00>
.
12:41:19.740: Receive S5F1(556713366).
00 00 85 01 00 00 21 2E C5 96   01 03 21 01 06 A9 02 00 C8 41   
09 41 6C 61 72 6D 5F 32 30 30 
S5F1 W
<L[3]
  <B[1] 0x06>
  <U2[1] 200>
  <A[9] "Alarm_200">
>
.
12:41:19.881: Send S5F2(556713366).
00 00 05 02 00 00 21 2E C5 96   25 01 00 
S5F2
<Boolean[1] 0x00>
.
12:41:23.063: Receive S5F1(544389976).
00 00 85 01 00 00 20 72 BB 58   01 03 21 01 86 A9 02 00 D5 41   
09 41 6C 61 72 6D 5F 32 31 33 
S5F1 W
<L[3]
  <B[1] 0x86>
  <U2[1] 213>
  <A[9] "Alarm_213">
>
.
12:41:23.239: Send S5F2(544389976).
00 00 05 02 00 00 20 72 BB 58   25 01 00 
S5F2
<Boolean[1] 0x00>
.
12:41:23.316: Receive S5F1(988063695).
00 00 85 01 00 00 3A E4 A7 CF   01 03 21 01 06 A9 02 00 D5 41   
09 41 6C 61 72 6D 5F 32 31 33 
S5F1 W
<L[3]
  <B[1] 0x06>
  <U2[1] 213>
  <A[9] "Alarm_213">
>
.
12:41:23.461: Send S5F2(988063695).
00 00 05 02 00 00 3A E4 A7 CF   25 01 00 
S5F2
<Boolean[1] 0x00>
.
12:41:29.334: Receive S5F1(241632427).
00 00 85 01 00 00 0E 67 04 AB   01 03 21 01 86 A9 02 00 D5 41   
09 41 6C 61 72 6D 5F 32 31 33 
S5F1 W
<L[3]
  <B[1] 0x86>
  <U2[1] 213>
  <A[9] "Alarm_213">
>
.
12:41:29.494: Send S5F2(241632427).
00 00 05 02 00 00 0E 67 04 AB   25 01 00 
S5F2
<Boolean[1] 0x00>
.
12:41:32.669: Receive S5F1(2051772868).
00 00 85 01 00 00 7A 4B 91 C4   01 03 21 01 06 A9 02 00 D5 41   
09 41 6C 61 72 6D 5F 32 31 33 
S5F1 W
<L[3]
  <B[1] 0x06>
  <U2[1] 213>
  <A[9] "Alarm_213">
>
.
12:41:32.836: Send S5F2(2051772868).
00 00 05 02 00 00 7A 4B 91 C4   25 01 00 
S5F2
<Boolean[1] 0x00>
.
12:41:57.890: Receive S5F1(3629780793).
00 00 85 01 00 00 D8 5A 0F 39   01 03 21 01 06 A9 02 01 07 41   
09 41 6C 61 72 6D 5F 32 36 33 
S5F1 W
<L[3]
  <B[1] 0x06>
  <U2[1] 263>
  <A[9] "Alarm_263">
>
.
12:41:58.066: Send S5F2(3629780793).
00 00 05 02 00 00 D8 5A 0F 39   25 01 00 
S5F2
<Boolean[1] 0x00>
.
12:41:58.176: Receive S6F11(3084775326).
00 00 86 0B 00 00 B7 DD EF 9E   01 03 A9 02 00 12 B1 04 00 00   
00 6F 01 01 01 02 A9 02 00 6E   01 04 25 01 00 25 01 01 25 01   
00 25 01 00 
S6F11 W
<L[3]
  <U2[1] 18>
  <U4[1] 111>
  <L[1]
    <L[2]
      <U2[1] 110>
      <L[4]
        <Boolean[1] 0x00>
        <Boolean[1] 0x01>
        <Boolean[1] 0x00>
        <Boolean[1] 0x00>
      >
    >
  >
>
.
12:41:58.494: Send S6F12(3084775326).
00 00 06 0C 00 00 B7 DD EF 9E   25 01 00 
S6F12
<Boolean[1] 0x00>
.
12:41:58.564: Receive S6F11(3152147362).
00 00 86 0B 00 00 BB E1 F3 A2   01 03 A9 02 00 12 B1 04 00 00   
00 6B 01 01 01 02 A9 02 00 6B   01 01 25 01 01 
S6F11 W
<L[3]
  <U2[1] 18>
  <U4[1] 107>
  <L[1]
    <L[2]
      <U2[1] 107>
      <L[1]
        <Boolean[1] 0x01>
      >
    >
  >
>
.
12:41:58.796: Send S6F12(3152147362).
00 00 06 0C 00 00 BB E1 F3 A2   25 01 00 
S6F12
<Boolean[1] 0x00>
.
12:42:07.016: Receive S6F11(3792727578).
00 00 86 0B 00 00 E2 10 6E 1A   01 03 A9 02 00 82 B1 04 00 00   
00 65 01 01 01 02 A9 02 00 65   01 02 41 0C 44 55 4D 4D 59 20   
20 20 20 20 20 20 41 00 
S6F11 W
<L[3]
  <U2[1] 130>
  <U4[1] 101>
  <L[1]
    <L[2]
      <U2[1] 101>
      <L[2]
        <A[12] "DUMMY       ">
        <A[0] "">
      >
    >
  >
>
.
12:42:07.274: Send S6F12(3792727578).
00 00 06 0C 00 00 E2 10 6E 1A   25 01 00 
S6F12
<Boolean[1] 0x00>
.
12:42:07.335: Send S2F15(5600038).
00 00 82 0F 00 00 00 55 73 26   01 08 01 02 B1 04 00 00 04 BA   
41 0C 31 32 33 34 35 36 37 38   39 30 31 32 01 02 B1 04 00 00   
04 C4 41 0C 31 32 33 34 35 36   37 38 39 30 31 32 01 02 B1 04   
00 00 04 B0 A9 02 00 01 01 02   B1 04 00 00 04 B1 A9 02 00 03   
01 02 B1 04 00 00 04 B3 A9 02   00 01 01 02 B1 04 00 00 04 CE   
41 07 4D 65 73 73 61 67 65 01   02 B1 04 00 00 08 05 25 01 01   
01 02 B1 04 00 00 04 B6 91 04   44 26 80 00 
S2F15 W
<L[8]
  <L[2]
    <U4[1] 1210>
    <A[12] "123456789012">
  >
  <L[2]
    <U4[1] 1220>
    <A[12] "123456789012">
  >
  <L[2]
    <U4[1] 1200>
    <U2[1] 1>
  >
  <L[2]
    <U4[1] 1201>
    <U2[1] 3>
  >
  <L[2]
    <U4[1] 1203>
    <U2[1] 1>
  >
  <L[2]
    <U4[1] 1230>
    <A[7] "Message">
  >
  <L[2]
    <U4[1] 2053>
    <Boolean[1] 0x01>
  >
  <L[2]
    <U4[1] 1206>
    <F4[1] 666>
  >
>
.
Linktest.rsp received!
12:42:08.143: Receive S2F16(5600038).
00 00 02 10 00 00 00 55 73 26   21 01 00 
S2F16
<B[1] 0x00>
.
12:42:08.249: Receive S6F11(3291091061).
00 00 86 0B 00 00 C4 2A 10 75   01 03 A9 02 00 D5 B1 04 00 00   
00 68 01 01 01 02 A9 02 00 68   01 01 25 01 01 
S6F11 W
<L[3]
  <U2[1] 213>
  <U4[1] 104>
  <L[1]
    <L[2]
      <U2[1] 104>
      <L[1]
        <Boolean[1] 0x01>
      >
    >
  >
>
.
12:42:08.565: Send S6F12(3291091061).
00 00 06 0C 00 00 C4 2A 10 75   25 01 00 
S6F12
<Boolean[1] 0x00>
.
Linktest.req received!
12:42:47.840: Receive S5F1(371964071).
00 00 85 01 00 00 16 2B B8 A7   01 03 21 01 86 A9 02 00 06 41   
07 41 6C 61 72 6D 5F 36 
S5F1 W
<L[3]
  <B[1] 0x86>
  <U2[1] 6>
  <A[7] "Alarm_6">
>
.
12:42:48.001: Send S5F2(371964071).
00 00 05 02 00 00 16 2B B8 A7   25 01 00 
S5F2
<Boolean[1] 0x00>
.
12:42:48.078: Receive S6F11(574080179).
00 00 86 0B 00 00 22 37 C4 B3   01 03 A9 02 00 FF B1 04 00 00   
00 72 01 01 01 02 A9 02 00 72   01 01 25 01 00 
S6F11 W
<L[3]
  <U2[1] 255>
  <U4[1] 114>
  <L[1]
    <L[2]
      <U2[1] 114>
      <L[1]
        <Boolean[1] 0x00>
      >
    >
  >
>
.
12:42:48.433: Send S6F12(574080179).
00 00 06 0C 00 00 22 37 C4 B3   25 01 00 
S6F12
<Boolean[1] 0x00>
.
12:42:48.493: Receive S6F11(641452215).
00 00 86 0B 00 00 26 3B C8 B7   01 03 A9 02 00 FF B1 04 00 00   
00 78 01 01 01 02 A9 02 00 78   01 01 A9 02 00 01 
S6F11 W
<L[3]
  <U2[1] 255>
  <U4[1] 120>
  <L[1]
    <L[2]
      <U2[1] 120>
      <L[1]
        <U2[1] 1>
      >
    >
  >
>
.
12:42:48.783: Send S6F12(641452215).
00 00 06 0C 00 00 26 3B C8 B7   25 01 00 
S6F12
<Boolean[1] 0x00>
.
12:42:55.819: Receive S5F1(679012708).
00 00 85 01 00 00 28 78 E9 64   01 03 21 01 06 A9 02 00 06 41   
07 41 6C 61 72 6D 5F 36 
S5F1 W
<L[3]
  <B[1] 0x06>
  <U2[1] 6>
  <A[7] "Alarm_6">
>
.
12:42:55.963: Send S5F2(679012708).
00 00 05 02 00 00 28 78 E9 64   25 01 00 
S5F2
<Boolean[1] 0x00>
.
12:42:56.014: Receive S6F11(813756780).
00 00 86 0B 00 00 30 80 F1 6C   01 03 A9 02 00 A8 B1 04 00 00   
00 7B 01 01 01 02 A9 02 00 78   01 01 A9 02 00 04 
S6F11 W
<L[3]
  <U2[1] 168>
  <U4[1] 123>
  <L[1]
    <L[2]
      <U2[1] 120>
      <L[1]
        <U2[1] 4>
      >
    >
  >
>
.
12:42:56.245: Send S6F12(813756780).
00 00 06 0C 00 00 30 80 F1 6C   25 01 00 
S6F12
<Boolean[1] 0x00>
.
Linktest.rsp received!
12:43:20.812: Receive S6F11(58318851).
00 00 86 0B 00 00 03 79 E0 03   01 03 A9 02 00 37 B1 04 00 00   
00 6B 01 01 01 02 A9 02 00 6B   01 01 25 01 00 
S6F11 W
<L[3]
  <U2[1] 55>
  <U4[1] 107>
  <L[1]
    <L[2]
      <U2[1] 107>
      <L[1]
        <Boolean[1] 0x00>
      >
    >
  >
>
.
12:43:21.088: Send S6F12(58318851).
00 00 06 0C 00 00 03 79 E0 03   25 01 00 
S6F12
<Boolean[1] 0x00>
.
12:43:24.957: Receive S6F11(1396610562).
00 00 86 0B 00 00 53 3E 96 02   01 03 A9 02 00 2E B1 04 00 00   
00 6B 01 01 01 02 A9 02 00 6B   01 01 25 01 01 
S6F11 W
<L[3]
  <U2[1] 46>
  <U4[1] 107>
  <L[1]
    <L[2]
      <U2[1] 107>
      <L[1]
        <Boolean[1] 0x01>
      >
    >
  >
>
.
12:43:25.277: Send S6F12(1396610562).
00 00 06 0C 00 00 53 3E 96 02   25 01 00 
S6F12
<Boolean[1] 0x00>
.
12:43:47.220: Receive S6F11(1017862343).
00 00 86 0B 00 00 3C AB 58 C7   01 03 A9 02 00 EB B1 04 00 00   
00 6B 01 01 01 02 A9 02 00 6B   01 01 25 01 00 
S6F11 W
<L[3]
  <U2[1] 235>
  <U4[1] 107>
  <L[1]
    <L[2]
      <U2[1] 107>
      <L[1]
        <Boolean[1] 0x00>
      >
    >
  >
>
.
12:43:47.542: Send S6F12(1017862343).
00 00 06 0C 00 00 3C AB 58 C7   25 01 00 
S6F12
<Boolean[1] 0x00>
.
Linktest.rsp received!
Linktest.req received!
Linktest.rsp received!
12:45:20.534: Receive S6F11(2526621).
00 00 86 0B 00 00 00 26 8D 9D   01 03 A9 02 00 B5 B1 04 00 00   
00 6E 01 01 01 02 A9 02 00 6E   01 04 25 01 01 25 01 00 25 01   
00 25 01 00 
S6F11 W
<L[3]
  <U2[1] 181>
  <U4[1] 110>
  <L[1]
    <L[2]
      <U2[1] 110>
      <L[4]
        <Boolean[1] 0x01>
        <Boolean[1] 0x00>
        <Boolean[1] 0x00>
        <Boolean[1] 0x00>
      >
    >
  >
>
.
12:45:20.854: Send S6F12(2526621).
00 00 06 0C 00 00 00 26 8D 9D   25 01 00 
S6F12
<Boolean[1] 0x00>
.
Linktest.req received!
Linktest.rsp received!
Linktest.req received!
Linktest.rsp received!
Linktest.req received!
Linktest.rsp received!
Linktest.req received!
13:03:25.204: T6 Timeout.
