2024-01-29 12:15:35.6953[TRACE]RECV-S1F13 Wbit=[True] Systembytes=[845902978].
Header=00 00 81 0D 00 00 32 6B 74 82  
 01 02 41 07 41 31 32 4C 31 39     33 41 05 30 2E 30 2E 30  
     <L,2 
        <A,7 , 'A12L193'>,
        <A,5 , '0.0.0'>,
    >


2024-01-29 12:15:35.7281[TRACE]SEND-S1F14 Wbit=[False] Systembytes=[845902978].
Header=00 00 01 0E 00 00 32 6B 74 82  
 01 02 21 01 00 01 00  
     <L,2 
        <B,1 , '0'>,
        <L,0 
        >
    >


2024-01-29 12:15:36.1489[TRACE]RECV-S6F11 Wbit=[True] Systembytes=[2973546455].
Header=00 00 86 0B 00 00 B1 3C B7 D7  
 01 03 A9 02 00 4B B1 04 00 00     00 80 01 01 01 02 A9 02 00 80 
01 01 25 01 01  
     <L,3 
        <U2,1 , '75'>,
        <U4,1 , '128'>,
        <L,1 
            <L,2 
                <U2,1 , '128'>,
                <L,1 
                    <BOOL,1 , '1'>,
                >
            >
        >
    >


2024-01-29 12:15:36.1646[TRACE]SEND-S6F12 Wbit=[False] Systembytes=[2973546455].
Header=00 00 06 0C 00 00 B1 3C B7 D7  
 21 01 00  
     <B,1 , '0'>,


2024-01-29 12:15:36.2366[TRACE]RECV-S6F11 Wbit=[True] Systembytes=[3108290527].
Header=00 00 86 0B 00 00 B9 44 BF DF  
 01 03 A9 02 00 4B B1 04 00 00     00 7F 01 01 01 02 A9 02 00 7F 
01 01 25 01 01  
     <L,3 
        <U2,1 , '75'>,
        <U4,1 , '127'>,
        <L,1 
            <L,2 
                <U2,1 , '127'>,
                <L,1 
                    <BOOL,1 , '1'>,
                >
            >
        >
    >


2024-01-29 12:15:36.2678[TRACE]SEND-S6F12 Wbit=[False] Systembytes=[3108290527].
Header=00 00 06 0C 00 00 B9 44 BF DF  
 21 01 00  
     <B,1 , '0'>,


2024-01-29 12:15:36.5647[TRACE]RECV-S6F11 Wbit=[True] Systembytes=[3243034599].
Header=00 00 86 0B 00 00 C1 4C C7 E7  
 01 03 A9 02 00 4B B1 04 00 00     01 90 01 01 01 02 A9 02 01 90 
01 0D A9 02 00 04 41 0C 20 20     20 20 20 20 20 20 20 20 20 20 
41 00 25 01 01 25 01 00 25 01     00 25 01 00 25 01 00 25 01 00 
25 01 00 25 01 01 25 01 00 25     01 00  
     <L,3 
        <U2,1 , '75'>,
        <U4,1 , '400'>,
        <L,1 
            <L,2 
                <U2,1 , '400'>,
                <L,13 
                    <U2,1 , '4'>,
                    <A,12 , '            '>,
                    <A,0 , ''>,
                    <BOOL,1 , '1'>,
                    <BOOL,1 , '0'>,
                    <BOOL,1 , '0'>,
                    <BOOL,1 , '0'>,
                    <BOOL,1 , '0'>,
                    <BOOL,1 , '0'>,
                    <BOOL,1 , '0'>,
                    <BOOL,1 , '1'>,
                    <BOOL,1 , '0'>,
                    <BOOL,1 , '0'>,
                >
            >
        >
    >


2024-01-29 12:15:36.5803[TRACE]SEND-S6F12 Wbit=[False] Systembytes=[3243034599].
Header=00 00 06 0C 00 00 C1 4C C7 E7  
 21 01 00  
     <B,1 , '0'>,


2024-01-29 12:15:56.4176[TRACE]SEND-S5F5 Wbit=[True] Systembytes=[2].
Header=00 00 85 05 00 00 00 00 00 02  
 41 00  
     <A,0 , ''>,


2024-01-29 12:15:56.4176[TRACE]RECV-S9F7 Wbit=[False] Systembytes=[2].
Header=00 00 09 07 00 00 00 00 00 02  
 21 0A 00 00 85 05 00 00 00 00     00 02  
     <B,10 , '0 0 133 5 0 0 0 0 0 2'>,


2024-01-29 12:17:33.1768[TRACE]SEND-S5F5 Wbit=[True] Systembytes=[4].
Header=00 00 85 05 00 00 00 00 00 04  
 A9 00  
     <U2,0 , ''>,


2024-01-29 12:17:33.2246[TRACE]RECV-S5F6 Wbit=[False] Systembytes=[4].
Header=00 00 05 06 00 00 00 00 00 04  
 02 01 07 01 03 21 01 06 A9 02     00 01 41 07 41 6C 61 72 6D 5F 
31 01 03 21 01 06 A9 02 00 02     41 07 41 6C 61 72 6D 5F 32 01 
03 21 01 06 A9 02 00 03 41 07     41 6C 61 72 6D 5F 33 01 03 21 
01 06 A9 02 00 04 41 07 41 6C     61 72 6D 5F 34 01 03 21 01 06 
A9 02 00 05 41 07 41 6C 61 72     6D 5F 35 01 03 21 01 06 A9 02 
00 06 41 07 41 6C 61 72 6D 5F     36 01 03 21 01 06 A9 02 00 07 
41 07 41 6C 61 72 6D 5F 37 01     03 21 01 06 A9 02 00 08 41 07 
41 6C 61 72 6D 5F 38 01 03 21     01 06 A9 02 00 09 41 07 41 6C 
61 72 6D 5F 39 01 03 21 01 06     A9 02 00 0A 41 08 41 6C 61 72 
6D 5F 31 30 01 03 21 01 06 A9     02 00 0B 41 08 41 6C 61 72 6D 
5F 31 31 01 03 21 01 06 A9 02     00 0C 41 08 41 6C 61 72 6D 5F 
31 32 01 03 21 01 06 A9 02 00     0D 41 08 41 6C 61 72 6D 5F 31 
33 01 03 21 01 06 A9 02 00 0E     41 08 41 6C 61 72 6D 5F 31 34 
01 03 21 01 06 A9 02 00 0F 41     08 41 6C 61 72 6D 5F 31 35 01 
03 21 01 06 A9 02 00 10 41 08     41 6C 61 72 6D 5F 31 36 01 03 
21 01 06 A9 02 00 11 41 08 41     6C 61 72 6D 5F 31 37 01 03 21 
01 06 A9 02 00 12 41 08 41 6C     61 72 6D 5F 31 38 01 03 21 01 
06 A9 02 00 13 41 08 41 6C 61     72 6D 5F 31 39 01 03 21 01 06 
A9 02 00 14 41 08 41 6C 61 72     6D 5F 32 30 01 03 21 01 06 A9 
02 00 15 41 08 41 6C 61 72 6D     5F 32 31 01 03 21 01 06 A9 02 
00 16 41 08 41 6C 61 72 6D 5F     32 32 01 03 21 01 06 A9 02 00 
17 41 08 41 6C 61 72 6D 5F 32     33 01 03 21 01 06 A9 02 00 18 
41 08 41 6C 61 72 6D 5F 32 34     01 03 21 01 06 A9 02 00 19 41 
08 41 6C 61 72 6D 5F 32 35 01     03 21 01 06 A9 02 00 1A 41 08 
41 6C 61 72 6D 5F 32 36 01 03     21 01 06 A9 02 00 1B 41 08 41 
6C 61 72 6D 5F 32 37 01 03 21     01 06 A9 02 00 1C 41 08 41 6C 
61 72 6D 5F 32 38 01 03 21 01     06 A9 02 00 1D 41 08 41 6C 61 
72 6D 5F 32 39 01 03 21 01 06     A9 02 00 1E 41 08 41 6C 61 72 
6D 5F 33 30 01 03 21 01 06 A9     02 00 1F 41 08 41 6C 61 72 6D 
5F 33 31 01 03 21 01 06 A9 02     00 20 41 08 41 6C 61 72 6D 5F 
33 32 01 03 21 01 06 A9 02 00     21 41 08 41 6C 61 72 6D 5F 33 
33 01 03 21 01 06 A9 02 00 22     41 08 41 6C 61 72 6D 5F 33 34 
01 03 21 01 06 A9 02 00 23 41     08 41 6C 61 72 6D 5F 33 35 01 
03 21 01 06 A9 02 00 24 41 08     41 6C 61 72 6D 5F 33 36 01 03 
21 01 06 A9 02 00 25 41 08 41     6C 61 72 6D 5F 33 37 01 03 21 
01 06 A9 02 00 26 41 08 41 6C     61 72 6D 5F 33 38 01 03 21 01 
06 A9 02 00 27 41 08 41 6C 61     72 6D 5F 33 39 01 03 21 01 06 
A9 02 00 28 41 08 41 6C 61 72     6D 5F 34 30 01 03 21 01 06 A9 
02 00 29 41 08 41 6C 61 72 6D     5F 34 31 01 03 21 01 06 A9 02 
00 2A 41 08 41 6C 61 72 6D 5F     34 32 01 03 21 01 06 A9 02 00 
2B 41 08 41 6C 61 72 6D 5F 34     33 01 03 21 01 06 A9 02 00 2C 
41 08 41 6C 61 72 6D 5F 34 34     01 03 21 01 06 A9 02 00 2D 41 
08 41 6C 61 72 6D 5F 34 35 01     03 21 01 06 A9 02 00 2E 41 08 
41 6C 61 72 6D 5F 34 36 01 03     21 01 06 A9 02 00 2F 41 08 41 
6C 61 72 6D 5F 34 37 01 03 21     01 06 A9 02 00 30 41 08 41 6C 
61 72 6D 5F 34 38 01 03 21 01     06 A9 02 00 31 41 08 41 6C 61 
72 6D 5F 34 39 01 03 21 01 06     A9 02 00 32 41 08 41 6C 61 72 
6D 5F 35 30 01 03 21 01 06 A9     02 00 33 41 08 41 6C 61 72 6D 
5F 35 31 01 03 21 01 06 A9 02     00 34 41 08 41 6C 61 72 6D 5F 
35 32 01 03 21 01 06 A9 02 00     35 41 08 41 6C 61 72 6D 5F 35 
33 01 03 21 01 06 A9 02 00 36     41 08 41 6C 61 72 6D 5F 35 34 
01 03 21 01 06 A9 02 00 37 41     08 41 6C 61 72 6D 5F 35 35 01 
03 21 01 06 A9 02 00 38 41 08     41 6C 61 72 6D 5F 35 36 01 03 
21 01 06 A9 02 00 39 41 08 41     6C 61 72 6D 5F 35 37 01 03 21 
01 06 A9 02 00 3A 41 08 41 6C     61 72 6D 5F 35 38 01 03 21 01 
06 A9 02 00 3B 41 08 41 6C 61     72 6D 5F 35 39 01 03 21 01 06 
A9 02 00 3C 41 08 41 6C 61 72     6D 5F 36 30 01 03 21 01 06 A9 
02 00 3D 41 08 41 6C 61 72 6D     5F 36 31 01 03 21 01 06 A9 02 
00 3E 41 08 41 6C 61 72 6D 5F     36 32 01 03 21 01 06 A9 02 00 
3F 41 08 41 6C 61 72 6D 5F 36     33 01 03 21 01 06 A9 02 00 40 
41 08 41 6C 61 72 6D 5F 36 34     01 03 21 01 06 A9 02 00 41 41 
08 41 6C 61 72 6D 5F 36 35 01     03 21 01 06 A9 02 00 42 41 08 
41 6C 61 72 6D 5F 36 36 01 03     21 01 06 A9 02 00 43 41 08 41 
6C 61 72 6D 5F 36 37 01 03 21     01 06 A9 02 00 44 41 08 41 6C 
61 72 6D 5F 36 38 01 03 21 01     06 A9 02 00 45 41 08 41 6C 61 
72 6D 5F 36 39 01 03 21 01 06     A9 02 00 46 41 08 41 6C 61 72 
6D 5F 37 30 01 03 21 01 06 A9     02 00 47 41 08 41 6C 61 72 6D 
5F 37 31 01 03 21 01 06 A9 02     00 48 41 08 41 6C 61 72 6D 5F 
37 32 01 03 21 01 06 A9 02 00     49 41 08 41 6C 61 72 6D 5F 37 
33 01 03 21 01 06 A9 02 00 4A     41 08 41 6C 61 72 6D 5F 37 34 
01 03 21 01 06 A9 02 00 4B 41     08 41 6C 61 72 6D 5F 37 35 01 
03 21 01 06 A9 02 00 4C 41 08     41 6C 61 72 6D 5F 37 36 01 03 
21 01 06 A9 02 00 4D 41 08 41     6C 61 72 6D 5F 37 37 01 03 21 
01 06 A9 02 00 4E 41 08 41 6C     61 72 6D 5F 37 38 01 03 21 01 
06 A9 02 00 4F 41 08 41 6C 61     72 6D 5F 37 39 01 03 21 01 06 
A9 02 00 50 41 08 41 6C 61 72     6D 5F 38 30 01 03 21 01 06 A9 
02 00 51 41 08 41 6C 61 72 6D     5F 38 31 01 03 21 01 06 A9 02 
00 52 41 08 41 6C 61 72 6D 5F     38 32 01 03 21 01 06 A9 02 00 
53 41 08 41 6C 61 72 6D 5F 38     33 01 03 21 01 06 A9 02 00 54 
41 08 41 6C 61 72 6D 5F 38 34     01 03 21 01 06 A9 02 00 55 41 
08 41 6C 61 72 6D 5F 38 35 01     03 21 01 06 A9 02 00 56 41 08 
41 6C 61 72 6D 5F 38 36 01 03     21 01 06 A9 02 00 57 41 08 41 
6C 61 72 6D 5F 38 37 01 03 21     01 06 A9 02 00 58 41 08 41 6C 
61 72 6D 5F 38 38 01 03 21 01     06 A9 02 00 59 41 08 41 6C 61 
72 6D 5F 38 39 01 03 21 01 06     A9 02 00 5A 41 08 41 6C 61 72 
6D 5F 39 30 01 03 21 01 06 A9     02 00 5B 41 08 41 6C 61 72 6D 
5F 39 31 01 03 21 01 06 A9 02     00 5C 41 08 41 6C 61 72 6D 5F 
39 32 01 03 21 01 06 A9 02 00     5D 41 08 41 6C 61 72 6D 5F 39 
33 01 03 21 01 06 A9 02 00 5E     41 08 41 6C 61 72 6D 5F 39 34 
01 03 21 01 06 A9 02 00 5F 41     08 41 6C 61 72 6D 5F 39 35 01 
03 21 01 06 A9 02 00 60 41 08     41 6C 61 72 6D 5F 39 36 01 03 
21 01 06 A9 02 00 61 41 08 41     6C 61 72 6D 5F 39 37 01 03 21 
01 06 A9 02 00 62 41 08 41 6C     61 72 6D 5F 39 38 01 03 21 01 
06 A9 02 00 63 41 08 41 6C 61     72 6D 5F 39 39 01 03 21 01 06 
A9 02 00 64 41 09 41 6C 61 72     6D 5F 31 30 30 01 03 21 01 06 
A9 02 00 65 41 09 41 6C 61 72     6D 5F 31 30 31 01 03 21 01 06 
A9 02 00 66 41 09 41 6C 61 72     6D 5F 31 30 32 01 03 21 01 06 
A9 02 00 67 41 09 41 6C 61 72     6D 5F 31 30 33 01 03 21 01 06 
A9 02 00 68 41 09 41 6C 61 72     6D 5F 31 30 34 01 03 21 01 06 
A9 02 00 69 41 09 41 6C 61 72     6D 5F 31 30 35 01 03 21 01 06 
A9 02 00 6A 41 09 41 6C 61 72     6D 5F 31 30 36 01 03 21 01 06 
A9 02 00 6B 41 09 41 6C 61 72     6D 5F 31 30 37 01 03 21 01 06 
A9 02 00 6C 41 09 41 6C 61 72     6D 5F 31 30 38 01 03 21 01 06 
A9 02 00 6D 41 09 41 6C 61 72     6D 5F 31 30 39 01 03 21 01 06 
A9 02 00 6E 41 09 41 6C 61 72     6D 5F 31 31 30 01 03 21 01 06 
A9 02 00 6F 41 09 41 6C 61 72     6D 5F 31 31 31 01 03 21 01 06 
A9 02 00 70 41 09 41 6C 61 72     6D 5F 31 31 32 01 03 21 01 06 
A9 02 00 71 41 09 41 6C 61 72     6D 5F 31 31 33 01 03 21 01 06 
A9 02 00 72 41 09 41 6C 61 72     6D 5F 31 31 34 01 03 21 01 06 
A9 02 00 73 41 09 41 6C 61 72     6D 5F 31 31 35 01 03 21 01 06 
A9 02 00 74 41 09 41 6C 61 72     6D 5F 31 31 36 01 03 21 01 06 
A9 02 00 75 41 09 41 6C 61 72     6D 5F 31 31 37 01 03 21 01 06 
A9 02 00 76 41 09 41 6C 61 72     6D 5F 31 31 38 01 03 21 01 06 
A9 02 00 77 41 09 41 6C 61 72     6D 5F 31 31 39 01 03 21 01 06 
A9 02 00 78 41 09 41 6C 61 72     6D 5F 31 32 30 01 03 21 01 06 
A9 02 00 79 41 09 41 6C 61 72     6D 5F 31 32 31 01 03 21 01 06 
A9 02 00 7A 41 09 41 6C 61 72     6D 5F 31 32 32 01 03 21 01 06 
A9 02 00 7B 41 09 41 6C 61 72     6D 5F 31 32 33 01 03 21 01 06 
A9 02 00 7C 41 09 41 6C 61 72     6D 5F 31 32 34 01 03 21 01 06 
A9 02 00 7D 41 09 41 6C 61 72     6D 5F 31 32 35 01 03 21 01 06 
A9 02 00 7E 41 09 41 6C 61 72     6D 5F 31 32 36 01 03 21 01 06 
A9 02 00 7F 41 09 41 6C 61 72     6D 5F 31 32 37 01 03 21 01 06 
A9 02 00 80 41 09 41 6C 61 72     6D 5F 31 32 38 01 03 21 01 06 
A9 02 00 81 41 09 41 6C 61 72     6D 5F 31 32 39 01 03 21 01 06 
A9 02 00 82 41 09 41 6C 61 72     6D 5F 31 33 30 01 03 21 01 06 
A9 02 00 83 41 09 41 6C 61 72     6D 5F 31 33 31 01 03 21 01 06 
A9 02 00 84 41 09 41 6C 61 72     6D 5F 31 33 32 01 03 21 01 06 
A9 02 00 85 41 09 41 6C 61 72     6D 5F 31 33 33 01 03 21 01 06 
A9 02 00 86 41 09 41 6C 61 72     6D 5F 31 33 34 01 03 21 01 06 
A9 02 00 87 41 09 41 6C 61 72     6D 5F 31 33 35 01 03 21 01 06 
A9 02 00 88 41 09 41 6C 61 72     6D 5F 31 33 36 01 03 21 01 06 
A9 02 00 89 41 09 41 6C 61 72     6D 5F 31 33 37 01 03 21 01 06 
A9 02 00 8A 41 09 41 6C 61 72     6D 5F 31 33 38 01 03 21 01 06 
A9 02 00 8B 41 09 41 6C 61 72     6D 5F 31 33 39 01 03 21 01 06 
A9 02 00 8C 41 09 41 6C 61 72     6D 5F 31 34 30 01 03 21 01 06 
A9 02 00 8D 41 09 41 6C 61 72     6D 5F 31 34 31 01 03 21 01 06 
A9 02 00 8E 41 09 41 6C 61 72     6D 5F 31 34 32 01 03 21 01 06 
A9 02 00 8F 41 09 41 6C 61 72     6D 5F 31 34 33 01 03 21 01 06 
A9 02 00 90 41 09 41 6C 61 72     6D 5F 31 34 34 01 03 21 01 06 
A9 02 00 91 41 09 41 6C 61 72     6D 5F 31 34 35 01 03 21 01 06 
A9 02 00 92 41 09 41 6C 61 72     6D 5F 31 34 36 01 03 21 01 06 
A9 02 00 93 41 09 41 6C 61 72     6D 5F 31 34 37 01 03 21 01 06 
A9 02 00 94 41 09 41 6C 61 72     6D 5F 31 34 38 01 03 21 01 06 
A9 02 00 95 41 09 41 6C 61 72     6D 5F 31 34 39 01 03 21 01 06 
A9 02 00 96 41 09 41 6C 61 72     6D 5F 31 35 30 01 03 21 01 06 
A9 02 00 97 41 09 41 6C 61 72     6D 5F 31 35 31 01 03 21 01 06 
A9 02 00 98 41 09 41 6C 61 72     6D 5F 31 35 32 01 03 21 01 06 
A9 02 00 99 41 09 41 6C 61 72     6D 5F 31 35 33 01 03 21 01 06 
A9 02 00 9A 41 09 41 6C 61 72     6D 5F 31 35 34 01 03 21 01 06 
A9 02 00 9B 41 09 41 6C 61 72     6D 5F 31 35 35 01 03 21 01 06 
A9 02 00 9C 41 09 41 6C 61 72     6D 5F 31 35 36 01 03 21 01 06 
A9 02 00 9D 41 09 41 6C 61 72     6D 5F 31 35 37 01 03 21 01 06 
A9 02 00 9E 41 09 41 6C 61 72     6D 5F 31 35 38 01 03 21 01 06 
A9 02 00 9F 41 09 41 6C 61 72     6D 5F 31 35 39 01 03 21 01 06 
A9 02 00 A0 41 09 41 6C 61 72     6D 5F 31 36 30 01 03 21 01 06 
A9 02 00 A1 41 09 41 6C 61 72     6D 5F 31 36 31 01 03 21 01 06 
A9 02 00 A2 41 09 41 6C 61 72     6D 5F 31 36 32 01 03 21 01 06 
A9 02 00 A3 41 09 41 6C 61 72     6D 5F 31 36 33 01 03 21 01 06 
A9 02 00 A4 41 09 41 6C 61 72     6D 5F 31 36 34 01 03 21 01 06 
A9 02 00 A5 41 09 41 6C 61 72     6D 5F 31 36 35 01 03 21 01 06 
A9 02 00 A6 41 09 41 6C 61 72     6D 5F 31 36 36 01 03 21 01 06 
A9 02 00 A7 41 09 41 6C 61 72     6D 5F 31 36 37 01 03 21 01 06 
A9 02 00 A8 41 09 41 6C 61 72     6D 5F 31 36 38 01 03 21 01 06 
A9 02 00 A9 41 09 41 6C 61 72     6D 5F 31 36 39 01 03 21 01 06 
A9 02 00 AA 41 09 41 6C 61 72     6D 5F 31 37 30 01 03 21 01 06 
A9 02 00 AB 41 09 41 6C 61 72     6D 5F 31 37 31 01 03 21 01 06 
A9 02 00 AC 41 09 41 6C 61 72     6D 5F 31 37 32 01 03 21 01 06 
A9 02 00 AD 41 09 41 6C 61 72     6D 5F 31 37 33 01 03 21 01 06 
A9 02 00 AE 41 09 41 6C 61 72     6D 5F 31 37 34 01 03 21 01 06 
A9 02 00 AF 41 09 41 6C 61 72     6D 5F 31 37 35 01 03 21 01 06 
A9 02 00 B0 41 09 41 6C 61 72     6D 5F 31 37 36 01 03 21 01 06 
A9 02 00 B1 41 09 41 6C 61 72     6D 5F 31 37 37 01 03 21 01 06 
A9 02 00 B2 41 09 41 6C 61 72     6D 5F 31 37 38 01 03 21 01 06 
A9 02 00 B3 41 09 41 6C 61 72     6D 5F 31 37 39 01 03 21 01 06 
A9 02 00 B4 41 09 41 6C 61 72     6D 5F 31 38 30 01 03 21 01 06 
A9 02 00 B5 41 09 41 6C 61 72     6D 5F 31 38 31 01 03 21 01 06 
A9 02 00 B6 41 09 41 6C 61 72     6D 5F 31 38 32 01 03 21 01 06 
A9 02 00 B7 41 09 41 6C 61 72     6D 5F 31 38 33 01 03 21 01 06 
A9 02 00 B8 41 09 41 6C 61 72     6D 5F 31 38 34 01 03 21 01 06 
A9 02 00 B9 41 09 41 6C 61 72     6D 5F 31 38 35 01 03 21 01 06 
A9 02 00 BA 41 09 41 6C 61 72     6D 5F 31 38 36 01 03 21 01 06 
A9 02 00 BB 41 09 41 6C 61 72     6D 5F 31 38 37 01 03 21 01 06 
A9 02 00 BC 41 09 41 6C 61 72     6D 5F 31 38 38 01 03 21 01 06 
A9 02 00 BD 41 09 41 6C 61 72     6D 5F 31 38 39 01 03 21 01 06 
A9 02 00 BE 41 09 41 6C 61 72     6D 5F 31 39 30 01 03 21 01 06 
A9 02 00 BF 41 09 41 6C 61 72     6D 5F 31 39 31 01 03 21 01 06 
A9 02 00 C0 41 09 41 6C 61 72     6D 5F 31 39 32 01 03 21 01 06 
A9 02 00 C1 41 09 41 6C 61 72     6D 5F 31 39 33 01 03 21 01 06 
A9 02 00 C2 41 09 41 6C 61 72     6D 5F 31 39 34 01 03 21 01 06 
A9 02 00 C3 41 09 41 6C 61 72     6D 5F 31 39 35 01 03 21 01 06 
A9 02 00 C4 41 09 41 6C 61 72     6D 5F 31 39 36 01 03 21 01 06 
A9 02 00 C5 41 09 41 6C 61 72     6D 5F 31 39 37 01 03 21 01 06 
A9 02 00 C6 41 09 41 6C 61 72     6D 5F 31 39 38 01 03 21 01 06 
A9 02 00 C7 41 09 41 6C 61 72     6D 5F 31 39 39 01 03 21 01 06 
A9 02 00 C8 41 09 41 6C 61 72     6D 5F 32 30 30 01 03 21 01 06 
A9 02 00 C9 41 09 41 6C 61 72     6D 5F 32 30 31 01 03 21 01 06 
A9 02 00 CA 41 09 41 6C 61 72     6D 5F 32 30 32 01 03 21 01 06 
A9 02 00 CB 41 09 41 6C 61 72     6D 5F 32 30 33 01 03 21 01 06 
A9 02 00 CC 41 09 41 6C 61 72     6D 5F 32 30 34 01 03 21 01 06 
A9 02 00 CD 41 09 41 6C 61 72     6D 5F 32 30 35 01 03 21 01 06 
A9 02 00 CE 41 09 41 6C 61 72     6D 5F 32 30 36 01 03 21 01 06 
A9 02 00 CF 41 09 41 6C 61 72     6D 5F 32 30 37 01 03 21 01 06 
A9 02 00 D0 41 09 41 6C 61 72     6D 5F 32 30 38 01 03 21 01 06 
A9 02 00 D1 41 09 41 6C 61 72     6D 5F 32 30 39 01 03 21 01 06 
A9 02 00 D2 41 09 41 6C 61 72     6D 5F 32 31 30 01 03 21 01 06 
A9 02 00 D3 41 09 41 6C 61 72     6D 5F 32 31 31 01 03 21 01 06 
A9 02 00 D4 41 09 41 6C 61 72     6D 5F 32 31 32 01 03 21 01 06 
A9 02 00 D5 41 09 41 6C 61 72     6D 5F 32 31 33 01 03 21 01 06 
A9 02 00 D6 41 09 41 6C 61 72     6D 5F 32 31 34 01 03 21 01 06 
A9 02 00 D7 41 09 41 6C 61 72     6D 5F 32 31 35 01 03 21 01 06 
A9 02 00 D8 41 09 41 6C 61 72     6D 5F 32 31 36 01 03 21 01 06 
A9 02 00 D9 41 09 41 6C 61 72     6D 5F 32 31 37 01 03 21 01 06 
A9 02 00 DA 41 09 41 6C 61 72     6D 5F 32 31 38 01 03 21 01 06 
A9 02 00 DB 41 09 41 6C 61 72     6D 5F 32 31 39 01 03 21 01 06 
A9 02 00 DC 41 09 41 6C 61 72     6D 5F 32 32 30 01 03 21 01 06 
A9 02 00 DD 41 09 41 6C 61 72     6D 5F 32 32 31 01 03 21 01 06 
A9 02 00 DE 41 09 41 6C 61 72     6D 5F 32 32 32 01 03 21 01 06 
A9 02 00 DF 41 09 41 6C 61 72     6D 5F 32 32 33 01 03 21 01 06 
A9 02 00 E0 41 09 41 6C 61 72     6D 5F 32 32 34 01 03 21 01 06 
A9 02 00 E1 41 09 41 6C 61 72     6D 5F 32 32 35 01 03 21 01 06 
A9 02 00 E2 41 09 41 6C 61 72     6D 5F 32 32 36 01 03 21 01 06 
A9 02 00 E3 41 09 41 6C 61 72     6D 5F 32 32 37 01 03 21 01 06 
A9 02 00 E4 41 09 41 6C 61 72     6D 5F 32 32 38 01 03 21 01 06 
A9 02 00 E5 41 09 41 6C 61 72     6D 5F 32 32 39 01 03 21 01 06 
A9 02 00 E6 41 09 41 6C 61 72     6D 5F 32 33 30 01 03 21 01 06 
A9 02 00 E7 41 09 41 6C 61 72     6D 5F 32 33 31 01 03 21 01 06 
A9 02 00 E8 41 09 41 6C 61 72     6D 5F 32 33 32 01 03 21 01 06 
A9 02 00 E9 41 09 41 6C 61 72     6D 5F 32 33 33 01 03 21 01 06 
A9 02 00 EA 41 09 41 6C 61 72     6D 5F 32 33 34 01 03 21 01 06 
A9 02 00 EB 41 09 41 6C 61 72     6D 5F 32 33 35 01 03 21 01 06 
A9 02 00 EC 41 09 41 6C 61 72     6D 5F 32 33 36 01 03 21 01 06 
A9 02 00 ED 41 09 41 6C 61 72     6D 5F 32 33 37 01 03 21 01 06 
A9 02 00 EE 41 09 41 6C 61 72     6D 5F 32 33 38 01 03 21 01 06 
A9 02 00 EF 41 09 41 6C 61 72     6D 5F 32 33 39 01 03 21 01 06 
A9 02 00 F0 41 09 41 6C 61 72     6D 5F 32 34 30 01 03 21 01 06 
A9 02 00 F1 41 09 41 6C 61 72     6D 5F 32 34 31 01 03 21 01 06 
A9 02 00 F2 41 09 41 6C 61 72     6D 5F 32 34 32 01 03 21 01 06 
A9 02 00 F3 41 09 41 6C 61 72     6D 5F 32 34 33 01 03 21 01 06 
A9 02 00 F4 41 09 41 6C 61 72     6D 5F 32 34 34 01 03 21 01 06 
A9 02 00 F5 41 09 41 6C 61 72     6D 5F 32 34 35 01 03 21 01 06 
A9 02 00 F6 41 09 41 6C 61 72     6D 5F 32 34 36 01 03 21 01 06 
A9 02 00 F7 41 09 41 6C 61 72     6D 5F 32 34 37 01 03 21 01 06 
A9 02 00 F8 41 09 41 6C 61 72     6D 5F 32 34 38 01 03 21 01 06 
A9 02 00 F9 41 09 41 6C 61 72     6D 5F 32 34 39 01 03 21 01 06 
A9 02 00 FA 41 09 41 6C 61 72     6D 5F 32 35 30 01 03 21 01 06 
A9 02 00 FB 41 09 41 6C 61 72     6D 5F 32 35 31 01 03 21 01 06 
A9 02 00 FC 41 09 41 6C 61 72     6D 5F 32 35 32 01 03 21 01 06 
A9 02 00 FD 41 09 41 6C 61 72     6D 5F 32 35 33 01 03 21 01 06 
A9 02 00 FE 41 09 41 6C 61 72     6D 5F 32 35 34 01 03 21 01 06 
A9 02 00 FF 41 09 41 6C 61 72     6D 5F 32 35 35 01 03 21 01 06 
A9 02 01 00 41 09 41 6C 61 72     6D 5F 32 35 36 01 03 21 01 06 
A9 02 01 01 41 09 41 6C 61 72     6D 5F 32 35 37 01 03 21 01 06 
A9 02 01 02 41 09 41 6C 61 72     6D 5F 32 35 38 01 03 21 01 06 
A9 02 01 03 41 09 41 6C 61 72     6D 5F 32 35 39 01 03 21 01 06 
A9 02 01 04 41 09 41 6C 61 72     6D 5F 32 36 30 01 03 21 01 06 
A9 02 01 05 41 09 41 6C 61 72     6D 5F 32 36 31 01 03 21 01 06 
A9 02 01 06 41 09 41 6C 61 72     6D 5F 32 36 32 01 03 21 01 06 
A9 02 01 07 41 09 41 6C 61 72     6D 5F 32 36 33  
     <L,263 
        <L,3 
            <B,1 , '6'>,
            <U2,1 , '1'>,
            <A,7 , 'Alarm_1'>,
        >
        <L,3 
            <B,1 , '6'>,
            <U2,1 , '2'>,
            <A,7 , 'Alarm_2'>,
        >
        <L,3 
            <B,1 , '6'>,
            <U2,1 , '3'>,
            <A,7 , 'Alarm_3'>,
        >
        <L,3 
            <B,1 , '6'>,
            <U2,1 , '4'>,
            <A,7 , 'Alarm_4'>,
        >
        <L,3 
            <B,1 , '6'>,
            <U2,1 , '5'>,
            <A,7 , 'Alarm_5'>,
        >
        <L,3 
            <B,1 , '6'>,
            <U2,1 , '6'>,
            <A,7 , 'Alarm_6'>,
        >
        <L,3 
            <B,1 , '6'>,
            <U2,1 , '7'>,
            <A,7 , 'Alarm_7'>,
        >
        <L,3 
            <B,1 , '6'>,
            <U2,1 , '8'>,
            <A,7 , 'Alarm_8'>,
        >
        <L,3 
            <B,1 , '6'>,
            <U2,1 , '9'>,
            <A,7 , 'Alarm_9'>,
        >
        <L,3 
            <B,1 , '6'>,
            <U2,1 , '10'>,
            <A,8 , 'Alarm_10'>,
        >
        <L,3 
            <B,1 , '6'>,
            <U2,1 , '11'>,
            <A,8 , 'Alarm_11'>,
        >
        <L,3 
            <B,1 , '6'>,
            <U2,1 , '12'>,
            <A,8 , 'Alarm_12'>,
        >
        <L,3 
            <B,1 , '6'>,
            <U2,1 , '13'>,
            <A,8 , 'Alarm_13'>,
        >
        <L,3 
            <B,1 , '6'>,
            <U2,1 , '14'>,
            <A,8 , 'Alarm_14'>,
        >
        <L,3 
            <B,1 , '6'>,
            <U2,1 , '15'>,
            <A,8 , 'Alarm_15'>,
        >
        <L,3 
            <B,1 , '6'>,
            <U2,1 , '16'>,
            <A,8 , 'Alarm_16'>,
        >
        <L,3 
            <B,1 , '6'>,
            <U2,1 , '17'>,
            <A,8 , 'Alarm_17'>,
        >
        <L,3 
            <B,1 , '6'>,
            <U2,1 , '18'>,
            <A,8 , 'Alarm_18'>,
        >
        <L,3 
            <B,1 , '6'>,
            <U2,1 , '19'>,
            <A,8 , 'Alarm_19'>,
        >
        <L,3 
            <B,1 , '6'>,
            <U2,1 , '20'>,
            <A,8 , 'Alarm_20'>,
        >
        <L,3 
            <B,1 , '6'>,
            <U2,1 , '21'>,
            <A,8 , 'Alarm_21'>,
        >
        <L,3 
            <B,1 , '6'>,
            <U2,1 , '22'>,
            <A,8 , 'Alarm_22'>,
        >
        <L,3 
            <B,1 , '6'>,
            <U2,1 , '23'>,
            <A,8 , 'Alarm_23'>,
        >
        <L,3 
            <B,1 , '6'>,
            <U2,1 , '24'>,
            <A,8 , 'Alarm_24'>,
        >
        <L,3 
            <B,1 , '6'>,
            <U2,1 , '25'>,
            <A,8 , 'Alarm_25'>,
        >
        <L,3 
            <B,1 , '6'>,
            <U2,1 , '26'>,
            <A,8 , 'Alarm_26'>,
        >
        <L,3 
            <B,1 , '6'>,
            <U2,1 , '27'>,
            <A,8 , 'Alarm_27'>,
        >
        <L,3 
            <B,1 , '6'>,
            <U2,1 , '28'>,
            <A,8 , 'Alarm_28'>,
        >
        <L,3 
            <B,1 , '6'>,
            <U2,1 , '29'>,
            <A,8 , 'Alarm_29'>,
        >
        <L,3 
            <B,1 , '6'>,
            <U2,1 , '30'>,
            <A,8 , 'Alarm_30'>,
        >
        <L,3 
            <B,1 , '6'>,
            <U2,1 , '31'>,
            <A,8 , 'Alarm_31'>,
        >
        <L,3 
            <B,1 , '6'>,
            <U2,1 , '32'>,
            <A,8 , 'Alarm_32'>,
        >
        <L,3 
            <B,1 , '6'>,
            <U2,1 , '33'>,
            <A,8 , 'Alarm_33'>,
        >
        <L,3 
            <B,1 , '6'>,
            <U2,1 , '34'>,
            <A,8 , 'Alarm_34'>,
        >
        <L,3 
            <B,1 , '6'>,
            <U2,1 , '35'>,
            <A,8 , 'Alarm_35'>,
        >
        <L,3 
            <B,1 , '6'>,
            <U2,1 , '36'>,
            <A,8 , 'Alarm_36'>,
        >
        <L,3 
            <B,1 , '6'>,
            <U2,1 , '37'>,
            <A,8 , 'Alarm_37'>,
        >
        <L,3 
            <B,1 , '6'>,
            <U2,1 , '38'>,
            <A,8 , 'Alarm_38'>,
        >
        <L,3 
            <B,1 , '6'>,
            <U2,1 , '39'>,
            <A,8 , 'Alarm_39'>,
        >
        <L,3 
            <B,1 , '6'>,
            <U2,1 , '40'>,
            <A,8 , 'Alarm_40'>,
        >
        <L,3 
            <B,1 , '6'>,
            <U2,1 , '41'>,
            <A,8 , 'Alarm_41'>,
        >
        <L,3 
            <B,1 , '6'>,
            <U2,1 , '42'>,
            <A,8 , 'Alarm_42'>,
        >
        <L,3 
            <B,1 , '6'>,
            <U2,1 , '43'>,
            <A,8 , 'Alarm_43'>,
        >
        <L,3 
            <B,1 , '6'>,
            <U2,1 , '44'>,
            <A,8 , 'Alarm_44'>,
        >
        <L,3 
            <B,1 , '6'>,
            <U2,1 , '45'>,
            <A,8 , 'Alarm_45'>,
        >
        <L,3 
            <B,1 , '6'>,
            <U2,1 , '46'>,
            <A,8 , 'Alarm_46'>,
        >
        <L,3 
            <B,1 , '6'>,
            <U2,1 , '47'>,
            <A,8 , 'Alarm_47'>,
        >
        <L,3 
            <B,1 , '6'>,
            <U2,1 , '48'>,
            <A,8 , 'Alarm_48'>,
        >
        <L,3 
            <B,1 , '6'>,
            <U2,1 , '49'>,
            <A,8 , 'Alarm_49'>,
        >
        <L,3 
            <B,1 , '6'>,
            <U2,1 , '50'>,
            <A,8 , 'Alarm_50'>,
        >
        <L,3 
            <B,1 , '6'>,
            <U2,1 , '51'>,
            <A,8 , 'Alarm_51'>,
        >
        <L,3 
            <B,1 , '6'>,
            <U2,1 , '52'>,
            <A,8 , 'Alarm_52'>,
        >
        <L,3 
            <B,1 , '6'>,
            <U2,1 , '53'>,
            <A,8 , 'Alarm_53'>,
        >
        <L,3 
            <B,1 , '6'>,
            <U2,1 , '54'>,
            <A,8 , 'Alarm_54'>,
        >
        <L,3 
            <B,1 , '6'>,
            <U2,1 , '55'>,
            <A,8 , 'Alarm_55'>,
        >
        <L,3 
            <B,1 , '6'>,
            <U2,1 , '56'>,
            <A,8 , 'Alarm_56'>,
        >
        <L,3 
            <B,1 , '6'>,
            <U2,1 , '57'>,
            <A,8 , 'Alarm_57'>,
        >
        <L,3 
            <B,1 , '6'>,
            <U2,1 , '58'>,
            <A,8 , 'Alarm_58'>,
        >
        <L,3 
            <B,1 , '6'>,
            <U2,1 , '59'>,
            <A,8 , 'Alarm_59'>,
        >
        <L,3 
            <B,1 , '6'>,
            <U2,1 , '60'>,
            <A,8 , 'Alarm_60'>,
        >
        <L,3 
            <B,1 , '6'>,
            <U2,1 , '61'>,
            <A,8 , 'Alarm_61'>,
        >
        <L,3 
            <B,1 , '6'>,
            <U2,1 , '62'>,
            <A,8 , 'Alarm_62'>,
        >
        <L,3 
            <B,1 , '6'>,
            <U2,1 , '63'>,
            <A,8 , 'Alarm_63'>,
        >
        <L,3 
            <B,1 , '6'>,
            <U2,1 , '64'>,
            <A,8 , 'Alarm_64'>,
        >
        <L,3 
            <B,1 , '6'>,
            <U2,1 , '65'>,
            <A,8 , 'Alarm_65'>,
        >
        <L,3 
            <B,1 , '6'>,
            <U2,1 , '66'>,
            <A,8 , 'Alarm_66'>,
        >
        <L,3 
            <B,1 , '6'>,
            <U2,1 , '67'>,
            <A,8 , 'Alarm_67'>,
        >
        <L,3 
            <B,1 , '6'>,
            <U2,1 , '68'>,
            <A,8 , 'Alarm_68'>,
        >
        <L,3 
            <B,1 , '6'>,
            <U2,1 , '69'>,
            <A,8 , 'Alarm_69'>,
        >
        <L,3 
            <B,1 , '6'>,
            <U2,1 , '70'>,
            <A,8 , 'Alarm_70'>,
        >
        <L,3 
            <B,1 , '6'>,
            <U2,1 , '71'>,
            <A,8 , 'Alarm_71'>,
        >
        <L,3 
            <B,1 , '6'>,
            <U2,1 , '72'>,
            <A,8 , 'Alarm_72'>,
        >
        <L,3 
            <B,1 , '6'>,
            <U2,1 , '73'>,
            <A,8 , 'Alarm_73'>,
        >
        <L,3 
            <B,1 , '6'>,
            <U2,1 , '74'>,
            <A,8 , 'Alarm_74'>,
        >
        <L,3 
            <B,1 , '6'>,
            <U2,1 , '75'>,
            <A,8 , 'Alarm_75'>,
        >
        <L,3 
            <B,1 , '6'>,
            <U2,1 , '76'>,
            <A,8 , 'Alarm_76'>,
        >
        <L,3 
            <B,1 , '6'>,
            <U2,1 , '77'>,
            <A,8 , 'Alarm_77'>,
        >
        <L,3 
            <B,1 , '6'>,
            <U2,1 , '78'>,
            <A,8 , 'Alarm_78'>,
        >
        <L,3 
            <B,1 , '6'>,
            <U2,1 , '79'>,
            <A,8 , 'Alarm_79'>,
        >
        <L,3 
            <B,1 , '6'>,
            <U2,1 , '80'>,
            <A,8 , 'Alarm_80'>,
        >
        <L,3 
            <B,1 , '6'>,
            <U2,1 , '81'>,
            <A,8 , 'Alarm_81'>,
        >
        <L,3 
            <B,1 , '6'>,
            <U2,1 , '82'>,
            <A,8 , 'Alarm_82'>,
        >
        <L,3 
            <B,1 , '6'>,
            <U2,1 , '83'>,
            <A,8 , 'Alarm_83'>,
        >
        <L,3 
            <B,1 , '6'>,
            <U2,1 , '84'>,
            <A,8 , 'Alarm_84'>,
        >
        <L,3 
            <B,1 , '6'>,
            <U2,1 , '85'>,
            <A,8 , 'Alarm_85'>,
        >
        <L,3 
            <B,1 , '6'>,
            <U2,1 , '86'>,
            <A,8 , 'Alarm_86'>,
        >
        <L,3 
            <B,1 , '6'>,
            <U2,1 , '87'>,
            <A,8 , 'Alarm_87'>,
        >
        <L,3 
            <B,1 , '6'>,
            <U2,1 , '88'>,
            <A,8 , 'Alarm_88'>,
        >
        <L,3 
            <B,1 , '6'>,
            <U2,1 , '89'>,
            <A,8 , 'Alarm_89'>,
        >
        <L,3 
            <B,1 , '6'>,
            <U2,1 , '90'>,
            <A,8 , 'Alarm_90'>,
        >
        <L,3 
            <B,1 , '6'>,
            <U2,1 , '91'>,
            <A,8 , 'Alarm_91'>,
        >
        <L,3 
            <B,1 , '6'>,
            <U2,1 , '92'>,
            <A,8 , 'Alarm_92'>,
        >
        <L,3 
            <B,1 , '6'>,
            <U2,1 , '93'>,
            <A,8 , 'Alarm_93'>,
        >
        <L,3 
            <B,1 , '6'>,
            <U2,1 , '94'>,
            <A,8 , 'Alarm_94'>,
        >
        <L,3 
            <B,1 , '6'>,
            <U2,1 , '95'>,
            <A,8 , 'Alarm_95'>,
        >
        <L,3 
            <B,1 , '6'>,
            <U2,1 , '96'>,
            <A,8 , 'Alarm_96'>,
        >
        <L,3 
            <B,1 , '6'>,
            <U2,1 , '97'>,
            <A,8 , 'Alarm_97'>,
        >
        <L,3 
            <B,1 , '6'>,
            <U2,1 , '98'>,
            <A,8 , 'Alarm_98'>,
        >
        <L,3 
            <B,1 , '6'>,
            <U2,1 , '99'>,
            <A,8 , 'Alarm_99'>,
        >
        <L,3 
            <B,1 , '6'>,
            <U2,1 , '100'>,
            <A,9 , 'Alarm_100'>,
        >
        <L,3 
            <B,1 , '6'>,
            <U2,1 , '101'>,
            <A,9 , 'Alarm_101'>,
        >
        <L,3 
            <B,1 , '6'>,
            <U2,1 , '102'>,
            <A,9 , 'Alarm_102'>,
        >
        <L,3 
            <B,1 , '6'>,
            <U2,1 , '103'>,
            <A,9 , 'Alarm_103'>,
        >
        <L,3 
            <B,1 , '6'>,
            <U2,1 , '104'>,
            <A,9 , 'Alarm_104'>,
        >
        <L,3 
            <B,1 , '6'>,
            <U2,1 , '105'>,
            <A,9 , 'Alarm_105'>,
        >
        <L,3 
            <B,1 , '6'>,
            <U2,1 , '106'>,
            <A,9 , 'Alarm_106'>,
        >
        <L,3 
            <B,1 , '6'>,
            <U2,1 , '107'>,
            <A,9 , 'Alarm_107'>,
        >
        <L,3 
            <B,1 , '6'>,
            <U2,1 , '108'>,
            <A,9 , 'Alarm_108'>,
        >
        <L,3 
            <B,1 , '6'>,
            <U2,1 , '109'>,
            <A,9 , 'Alarm_109'>,
        >
        <L,3 
            <B,1 , '6'>,
            <U2,1 , '110'>,
            <A,9 , 'Alarm_110'>,
        >
        <L,3 
            <B,1 , '6'>,
            <U2,1 , '111'>,
            <A,9 , 'Alarm_111'>,
        >
        <L,3 
            <B,1 , '6'>,
            <U2,1 , '112'>,
            <A,9 , 'Alarm_112'>,
        >
        <L,3 
            <B,1 , '6'>,
            <U2,1 , '113'>,
            <A,9 , 'Alarm_113'>,
        >
        <L,3 
            <B,1 , '6'>,
            <U2,1 , '114'>,
            <A,9 , 'Alarm_114'>,
        >
        <L,3 
            <B,1 , '6'>,
            <U2,1 , '115'>,
            <A,9 , 'Alarm_115'>,
        >
        <L,3 
            <B,1 , '6'>,
            <U2,1 , '116'>,
            <A,9 , 'Alarm_116'>,
        >
        <L,3 
            <B,1 , '6'>,
            <U2,1 , '117'>,
            <A,9 , 'Alarm_117'>,
        >
        <L,3 
            <B,1 , '6'>,
            <U2,1 , '118'>,
            <A,9 , 'Alarm_118'>,
        >
        <L,3 
            <B,1 , '6'>,
            <U2,1 , '119'>,
            <A,9 , 'Alarm_119'>,
        >
        <L,3 
            <B,1 , '6'>,
            <U2,1 , '120'>,
            <A,9 , 'Alarm_120'>,
        >
        <L,3 
            <B,1 , '6'>,
            <U2,1 , '121'>,
            <A,9 , 'Alarm_121'>,
        >
        <L,3 
            <B,1 , '6'>,
            <U2,1 , '122'>,
            <A,9 , 'Alarm_122'>,
        >
        <L,3 
            <B,1 , '6'>,
            <U2,1 , '123'>,
            <A,9 , 'Alarm_123'>,
        >
        <L,3 
            <B,1 , '6'>,
            <U2,1 , '124'>,
            <A,9 , 'Alarm_124'>,
        >
        <L,3 
            <B,1 , '6'>,
            <U2,1 , '125'>,
            <A,9 , 'Alarm_125'>,
        >
        <L,3 
            <B,1 , '6'>,
            <U2,1 , '126'>,
            <A,9 , 'Alarm_126'>,
        >
        <L,3 
            <B,1 , '6'>,
            <U2,1 , '127'>,
            <A,9 , 'Alarm_127'>,
        >
        <L,3 
            <B,1 , '6'>,
            <U2,1 , '128'>,
            <A,9 , 'Alarm_128'>,
        >
        <L,3 
            <B,1 , '6'>,
            <U2,1 , '129'>,
            <A,9 , 'Alarm_129'>,
        >
        <L,3 
            <B,1 , '6'>,
            <U2,1 , '130'>,
            <A,9 , 'Alarm_130'>,
        >
        <L,3 
            <B,1 , '6'>,
            <U2,1 , '131'>,
            <A,9 , 'Alarm_131'>,
        >
        <L,3 
            <B,1 , '6'>,
            <U2,1 , '132'>,
            <A,9 , 'Alarm_132'>,
        >
        <L,3 
            <B,1 , '6'>,
            <U2,1 , '133'>,
            <A,9 , 'Alarm_133'>,
        >
        <L,3 
            <B,1 , '6'>,
            <U2,1 , '134'>,
            <A,9 , 'Alarm_134'>,
        >
        <L,3 
            <B,1 , '6'>,
            <U2,1 , '135'>,
            <A,9 , 'Alarm_135'>,
        >
        <L,3 
            <B,1 , '6'>,
            <U2,1 , '136'>,
            <A,9 , 'Alarm_136'>,
        >
        <L,3 
            <B,1 , '6'>,
            <U2,1 , '137'>,
            <A,9 , 'Alarm_137'>,
        >
        <L,3 
            <B,1 , '6'>,
            <U2,1 , '138'>,
            <A,9 , 'Alarm_138'>,
        >
        <L,3 
            <B,1 , '6'>,
            <U2,1 , '139'>,
            <A,9 , 'Alarm_139'>,
        >
        <L,3 
            <B,1 , '6'>,
            <U2,1 , '140'>,
            <A,9 , 'Alarm_140'>,
        >
        <L,3 
            <B,1 , '6'>,
            <U2,1 , '141'>,
            <A,9 , 'Alarm_141'>,
        >
        <L,3 
            <B,1 , '6'>,
            <U2,1 , '142'>,
            <A,9 , 'Alarm_142'>,
        >
        <L,3 
            <B,1 , '6'>,
            <U2,1 , '143'>,
            <A,9 , 'Alarm_143'>,
        >
        <L,3 
            <B,1 , '6'>,
            <U2,1 , '144'>,
            <A,9 , 'Alarm_144'>,
        >
        <L,3 
            <B,1 , '6'>,
            <U2,1 , '145'>,
            <A,9 , 'Alarm_145'>,
        >
        <L,3 
            <B,1 , '6'>,
            <U2,1 , '146'>,
            <A,9 , 'Alarm_146'>,
        >
        <L,3 
            <B,1 , '6'>,
            <U2,1 , '147'>,
            <A,9 , 'Alarm_147'>,
        >
        <L,3 
            <B,1 , '6'>,
            <U2,1 , '148'>,
            <A,9 , 'Alarm_148'>,
        >
        <L,3 
            <B,1 , '6'>,
            <U2,1 , '149'>,
            <A,9 , 'Alarm_149'>,
        >
        <L,3 
            <B,1 , '6'>,
            <U2,1 , '150'>,
            <A,9 , 'Alarm_150'>,
        >
        <L,3 
            <B,1 , '6'>,
            <U2,1 , '151'>,
            <A,9 , 'Alarm_151'>,
        >
        <L,3 
            <B,1 , '6'>,
            <U2,1 , '152'>,
            <A,9 , 'Alarm_152'>,
        >
        <L,3 
            <B,1 , '6'>,
            <U2,1 , '153'>,
            <A,9 , 'Alarm_153'>,
        >
        <L,3 
            <B,1 , '6'>,
            <U2,1 , '154'>,
            <A,9 , 'Alarm_154'>,
        >
        <L,3 
            <B,1 , '6'>,
            <U2,1 , '155'>,
            <A,9 , 'Alarm_155'>,
        >
        <L,3 
            <B,1 , '6'>,
            <U2,1 , '156'>,
            <A,9 , 'Alarm_156'>,
        >
        <L,3 
            <B,1 , '6'>,
            <U2,1 , '157'>,
            <A,9 , 'Alarm_157'>,
        >
        <L,3 
            <B,1 , '6'>,
            <U2,1 , '158'>,
            <A,9 , 'Alarm_158'>,
        >
        <L,3 
            <B,1 , '6'>,
            <U2,1 , '159'>,
            <A,9 , 'Alarm_159'>,
        >
        <L,3 
            <B,1 , '6'>,
            <U2,1 , '160'>,
            <A,9 , 'Alarm_160'>,
        >
        <L,3 
            <B,1 , '6'>,
            <U2,1 , '161'>,
            <A,9 , 'Alarm_161'>,
        >
        <L,3 
            <B,1 , '6'>,
            <U2,1 , '162'>,
            <A,9 , 'Alarm_162'>,
        >
        <L,3 
            <B,1 , '6'>,
            <U2,1 , '163'>,
            <A,9 , 'Alarm_163'>,
        >
        <L,3 
            <B,1 , '6'>,
            <U2,1 , '164'>,
            <A,9 , 'Alarm_164'>,
        >
        <L,3 
            <B,1 , '6'>,
            <U2,1 , '165'>,
            <A,9 , 'Alarm_165'>,
        >
        <L,3 
            <B,1 , '6'>,
            <U2,1 , '166'>,
            <A,9 , 'Alarm_166'>,
        >
        <L,3 
            <B,1 , '6'>,
            <U2,1 , '167'>,
            <A,9 , 'Alarm_167'>,
        >
        <L,3 
            <B,1 , '6'>,
            <U2,1 , '168'>,
            <A,9 , 'Alarm_168'>,
        >
        <L,3 
            <B,1 , '6'>,
            <U2,1 , '169'>,
            <A,9 , 'Alarm_169'>,
        >
        <L,3 
            <B,1 , '6'>,
            <U2,1 , '170'>,
            <A,9 , 'Alarm_170'>,
        >
        <L,3 
            <B,1 , '6'>,
            <U2,1 , '171'>,
            <A,9 , 'Alarm_171'>,
        >
        <L,3 
            <B,1 , '6'>,
            <U2,1 , '172'>,
            <A,9 , 'Alarm_172'>,
        >
        <L,3 
            <B,1 , '6'>,
            <U2,1 , '173'>,
            <A,9 , 'Alarm_173'>,
        >
        <L,3 
            <B,1 , '6'>,
            <U2,1 , '174'>,
            <A,9 , 'Alarm_174'>,
        >
        <L,3 
            <B,1 , '6'>,
            <U2,1 , '175'>,
            <A,9 , 'Alarm_175'>,
        >
        <L,3 
            <B,1 , '6'>,
            <U2,1 , '176'>,
            <A,9 , 'Alarm_176'>,
        >
        <L,3 
            <B,1 , '6'>,
            <U2,1 , '177'>,
            <A,9 , 'Alarm_177'>,
        >
        <L,3 
            <B,1 , '6'>,
            <U2,1 , '178'>,
            <A,9 , 'Alarm_178'>,
        >
        <L,3 
            <B,1 , '6'>,
            <U2,1 , '179'>,
            <A,9 , 'Alarm_179'>,
        >
        <L,3 
            <B,1 , '6'>,
            <U2,1 , '180'>,
            <A,9 , 'Alarm_180'>,
        >
        <L,3 
            <B,1 , '6'>,
            <U2,1 , '181'>,
            <A,9 , 'Alarm_181'>,
        >
        <L,3 
            <B,1 , '6'>,
            <U2,1 , '182'>,
            <A,9 , 'Alarm_182'>,
        >
        <L,3 
            <B,1 , '6'>,
            <U2,1 , '183'>,
            <A,9 , 'Alarm_183'>,
        >
        <L,3 
            <B,1 , '6'>,
            <U2,1 , '184'>,
            <A,9 , 'Alarm_184'>,
        >
        <L,3 
            <B,1 , '6'>,
            <U2,1 , '185'>,
            <A,9 , 'Alarm_185'>,
        >
        <L,3 
            <B,1 , '6'>,
            <U2,1 , '186'>,
            <A,9 , 'Alarm_186'>,
        >
        <L,3 
            <B,1 , '6'>,
            <U2,1 , '187'>,
            <A,9 , 'Alarm_187'>,
        >
        <L,3 
            <B,1 , '6'>,
            <U2,1 , '188'>,
            <A,9 , 'Alarm_188'>,
        >
        <L,3 
            <B,1 , '6'>,
            <U2,1 , '189'>,
            <A,9 , 'Alarm_189'>,
        >
        <L,3 
            <B,1 , '6'>,
            <U2,1 , '190'>,
            <A,9 , 'Alarm_190'>,
        >
        <L,3 
            <B,1 , '6'>,
            <U2,1 , '191'>,
            <A,9 , 'Alarm_191'>,
        >
        <L,3 
            <B,1 , '6'>,
            <U2,1 , '192'>,
            <A,9 , 'Alarm_192'>,
        >
        <L,3 
            <B,1 , '6'>,
            <U2,1 , '193'>,
            <A,9 , 'Alarm_193'>,
        >
        <L,3 
            <B,1 , '6'>,
            <U2,1 , '194'>,
            <A,9 , 'Alarm_194'>,
        >
        <L,3 
            <B,1 , '6'>,
            <U2,1 , '195'>,
            <A,9 , 'Alarm_195'>,
        >
        <L,3 
            <B,1 , '6'>,
            <U2,1 , '196'>,
            <A,9 , 'Alarm_196'>,
        >
        <L,3 
            <B,1 , '6'>,
            <U2,1 , '197'>,
            <A,9 , 'Alarm_197'>,
        >
        <L,3 
            <B,1 , '6'>,
            <U2,1 , '198'>,
            <A,9 , 'Alarm_198'>,
        >
        <L,3 
            <B,1 , '6'>,
            <U2,1 , '199'>,
            <A,9 , 'Alarm_199'>,
        >
        <L,3 
            <B,1 , '6'>,
            <U2,1 , '200'>,
            <A,9 , 'Alarm_200'>,
        >
        <L,3 
            <B,1 , '6'>,
            <U2,1 , '201'>,
            <A,9 , 'Alarm_201'>,
        >
        <L,3 
            <B,1 , '6'>,
            <U2,1 , '202'>,
            <A,9 , 'Alarm_202'>,
        >
        <L,3 
            <B,1 , '6'>,
            <U2,1 , '203'>,
            <A,9 , 'Alarm_203'>,
        >
        <L,3 
            <B,1 , '6'>,
            <U2,1 , '204'>,
            <A,9 , 'Alarm_204'>,
        >
        <L,3 
            <B,1 , '6'>,
            <U2,1 , '205'>,
            <A,9 , 'Alarm_205'>,
        >
        <L,3 
            <B,1 , '6'>,
            <U2,1 , '206'>,
            <A,9 , 'Alarm_206'>,
        >
        <L,3 
            <B,1 , '6'>,
            <U2,1 , '207'>,
            <A,9 , 'Alarm_207'>,
        >
        <L,3 
            <B,1 , '6'>,
            <U2,1 , '208'>,
            <A,9 , 'Alarm_208'>,
        >
        <L,3 
            <B,1 , '6'>,
            <U2,1 , '209'>,
            <A,9 , 'Alarm_209'>,
        >
        <L,3 
            <B,1 , '6'>,
            <U2,1 , '210'>,
            <A,9 , 'Alarm_210'>,
        >
        <L,3 
            <B,1 , '6'>,
            <U2,1 , '211'>,
            <A,9 , 'Alarm_211'>,
        >
        <L,3 
            <B,1 , '6'>,
            <U2,1 , '212'>,
            <A,9 , 'Alarm_212'>,
        >
        <L,3 
            <B,1 , '6'>,
            <U2,1 , '213'>,
            <A,9 , 'Alarm_213'>,
        >
        <L,3 
            <B,1 , '6'>,
            <U2,1 , '214'>,
            <A,9 , 'Alarm_214'>,
        >
        <L,3 
            <B,1 , '6'>,
            <U2,1 , '215'>,
            <A,9 , 'Alarm_215'>,
        >
        <L,3 
            <B,1 , '6'>,
            <U2,1 , '216'>,
            <A,9 , 'Alarm_216'>,
        >
        <L,3 
            <B,1 , '6'>,
            <U2,1 , '217'>,
            <A,9 , 'Alarm_217'>,
        >
        <L,3 
            <B,1 , '6'>,
            <U2,1 , '218'>,
            <A,9 , 'Alarm_218'>,
        >
        <L,3 
            <B,1 , '6'>,
            <U2,1 , '219'>,
            <A,9 , 'Alarm_219'>,
        >
        <L,3 
            <B,1 , '6'>,
            <U2,1 , '220'>,
            <A,9 , 'Alarm_220'>,
        >
        <L,3 
            <B,1 , '6'>,
            <U2,1 , '221'>,
            <A,9 , 'Alarm_221'>,
        >
        <L,3 
            <B,1 , '6'>,
            <U2,1 , '222'>,
            <A,9 , 'Alarm_222'>,
        >
        <L,3 
            <B,1 , '6'>,
            <U2,1 , '223'>,
            <A,9 , 'Alarm_223'>,
        >
        <L,3 
            <B,1 , '6'>,
            <U2,1 , '224'>,
            <A,9 , 'Alarm_224'>,
        >
        <L,3 
            <B,1 , '6'>,
            <U2,1 , '225'>,
            <A,9 , 'Alarm_225'>,
        >
        <L,3 
            <B,1 , '6'>,
            <U2,1 , '226'>,
            <A,9 , 'Alarm_226'>,
        >
        <L,3 
            <B,1 , '6'>,
            <U2,1 , '227'>,
            <A,9 , 'Alarm_227'>,
        >
        <L,3 
            <B,1 , '6'>,
            <U2,1 , '228'>,
            <A,9 , 'Alarm_228'>,
        >
        <L,3 
            <B,1 , '6'>,
            <U2,1 , '229'>,
            <A,9 , 'Alarm_229'>,
        >
        <L,3 
            <B,1 , '6'>,
            <U2,1 , '230'>,
            <A,9 , 'Alarm_230'>,
        >
        <L,3 
            <B,1 , '6'>,
            <U2,1 , '231'>,
            <A,9 , 'Alarm_231'>,
        >
        <L,3 
            <B,1 , '6'>,
            <U2,1 , '232'>,
            <A,9 , 'Alarm_232'>,
        >
        <L,3 
            <B,1 , '6'>,
            <U2,1 , '233'>,
            <A,9 , 'Alarm_233'>,
        >
        <L,3 
            <B,1 , '6'>,
            <U2,1 , '234'>,
            <A,9 , 'Alarm_234'>,
        >
        <L,3 
            <B,1 , '6'>,
            <U2,1 , '235'>,
            <A,9 , 'Alarm_235'>,
        >
        <L,3 
            <B,1 , '6'>,
            <U2,1 , '236'>,
            <A,9 , 'Alarm_236'>,
        >
        <L,3 
            <B,1 , '6'>,
            <U2,1 , '237'>,
            <A,9 , 'Alarm_237'>,
        >
        <L,3 
            <B,1 , '6'>,
            <U2,1 , '238'>,
            <A,9 , 'Alarm_238'>,
        >
        <L,3 
            <B,1 , '6'>,
            <U2,1 , '239'>,
            <A,9 , 'Alarm_239'>,
        >
        <L,3 
            <B,1 , '6'>,
            <U2,1 , '240'>,
            <A,9 , 'Alarm_240'>,
        >
        <L,3 
            <B,1 , '6'>,
            <U2,1 , '241'>,
            <A,9 , 'Alarm_241'>,
        >
        <L,3 
            <B,1 , '6'>,
            <U2,1 , '242'>,
            <A,9 , 'Alarm_242'>,
        >
        <L,3 
            <B,1 , '6'>,
            <U2,1 , '243'>,
            <A,9 , 'Alarm_243'>,
        >
        <L,3 
            <B,1 , '6'>,
            <U2,1 , '244'>,
            <A,9 , 'Alarm_244'>,
        >
        <L,3 
            <B,1 , '6'>,
            <U2,1 , '245'>,
            <A,9 , 'Alarm_245'>,
        >
        <L,3 
            <B,1 , '6'>,
            <U2,1 , '246'>,
            <A,9 , 'Alarm_246'>,
        >
        <L,3 
            <B,1 , '6'>,
            <U2,1 , '247'>,
            <A,9 , 'Alarm_247'>,
        >
        <L,3 
            <B,1 , '6'>,
            <U2,1 , '248'>,
            <A,9 , 'Alarm_248'>,
        >
        <L,3 
            <B,1 , '6'>,
            <U2,1 , '249'>,
            <A,9 , 'Alarm_249'>,
        >
        <L,3 
            <B,1 , '6'>,
            <U2,1 , '250'>,
            <A,9 , 'Alarm_250'>,
        >
        <L,3 
            <B,1 , '6'>,
            <U2,1 , '251'>,
            <A,9 , 'Alarm_251'>,
        >
        <L,3 
            <B,1 , '6'>,
            <U2,1 , '252'>,
            <A,9 , 'Alarm_252'>,
        >
        <L,3 
            <B,1 , '6'>,
            <U2,1 , '253'>,
            <A,9 , 'Alarm_253'>,
        >
        <L,3 
            <B,1 , '6'>,
            <U2,1 , '254'>,
            <A,9 , 'Alarm_254'>,
        >
        <L,3 
            <B,1 , '6'>,
            <U2,1 , '255'>,
            <A,9 , 'Alarm_255'>,
        >
        <L,3 
            <B,1 , '6'>,
            <U2,1 , '256'>,
            <A,9 , 'Alarm_256'>,
        >
        <L,3 
            <B,1 , '6'>,
            <U2,1 , '257'>,
            <A,9 , 'Alarm_257'>,
        >
        <L,3 
            <B,1 , '6'>,
            <U2,1 , '258'>,
            <A,9 , 'Alarm_258'>,
        >
        <L,3 
            <B,1 , '6'>,
            <U2,1 , '259'>,
            <A,9 , 'Alarm_259'>,
        >
        <L,3 
            <B,1 , '6'>,
            <U2,1 , '260'>,
            <A,9 , 'Alarm_260'>,
        >
        <L,3 
            <B,1 , '6'>,
            <U2,1 , '261'>,
            <A,9 , 'Alarm_261'>,
        >
        <L,3 
            <B,1 , '6'>,
            <U2,1 , '262'>,
            <A,9 , 'Alarm_262'>,
        >
        <L,3 
            <B,1 , '6'>,
            <U2,1 , '263'>,
            <A,9 , 'Alarm_263'>,
        >
    >


2024-01-29 12:21:29.0367[TRACE]SEND-S2F13 Wbit=[True] Systembytes=[9].
Header=00 00 82 0D 00 00 00 00 00 09  
 01 05 B1 04 00 00 08 14 B1 04     00 00 08 13 B1 04 00 00 04 B0 
B1 04 00 00 04 B1 B1 04 00 00     03 E8  
     <L,5 
        <U4,1 , '2068'>,
        <U4,1 , '2067'>,
        <U4,1 , '1200'>,
        <U4,1 , '1201'>,
        <U4,1 , '1000'>,
    >


2024-01-29 12:21:29.1878[TRACE]RECV-S2F14 Wbit=[False] Systembytes=[9].
Header=00 00 02 0E 00 00 00 00 00 09  
 01 05 25 01 00 25 01 01 A9 02     00 00 A9 02 00 00 A9 02 00 00  
     <L,5 
        <BOOL,1 , '0'>,
        <BOOL,1 , '1'>,
        <U2,1 , '0'>,
        <U2,1 , '0'>,
        <U2,1 , '0'>,
    >


2024-01-29 12:21:31.5985[TRACE]RECV-S5F1 Wbit=[True] Systembytes=[137261973].
Header=00 00 85 01 00 00 08 2E 73 95  
 01 03 21 01 86 A9 02 00 89 41     09 41 6C 61 72 6D 5F 31 33 37  
     <L,3 
        <B,1 , '134'>,
        <U2,1 , '137'>,
        <A,9 , 'Alarm_137'>,
    >


2024-01-29 12:21:31.6301[TRACE]SEND-S5F2 Wbit=[False] Systembytes=[137261973].
Header=00 00 05 02 00 00 08 2E 73 95  
 21 01 00  
     <B,1 , '0'>,


2024-01-29 12:21:31.6773[TRACE]RECV-S5F1 Wbit=[True] Systembytes=[204634009].
Header=00 00 85 01 00 00 0C 32 77 99  
 01 03 21 01 86 A9 02 00 C7 41     09 41 6C 61 72 6D 5F 31 39 39  
     <L,3 
        <B,1 , '134'>,
        <U2,1 , '199'>,
        <A,9 , 'Alarm_199'>,
    >


2024-01-29 12:21:31.6933[TRACE]SEND-S5F2 Wbit=[False] Systembytes=[204634009].
Header=00 00 05 02 00 00 0C 32 77 99  
 21 01 00  
     <B,1 , '0'>,


2024-01-29 12:21:31.7251[TRACE]RECV-S5F1 Wbit=[True] Systembytes=[272006045].
Header=00 00 85 01 00 00 10 36 7B 9D  
 01 03 21 01 86 A9 02 00 C8 41     09 41 6C 61 72 6D 5F 32 30 30  
     <L,3 
        <B,1 , '134'>,
        <U2,1 , '200'>,
        <A,9 , 'Alarm_200'>,
    >


2024-01-29 12:21:31.7408[TRACE]SEND-S5F2 Wbit=[False] Systembytes=[272006045].
Header=00 00 05 02 00 00 10 36 7B 9D  
 21 01 00  
     <B,1 , '0'>,


2024-01-29 12:21:34.1344[TRACE]RECV-S6F11 Wbit=[True] Systembytes=[4074663873].
Header=00 00 86 0B 00 00 F2 DE 6F C1  
 01 03 A9 02 00 F9 B1 04 00 00     00 72 01 01 01 02 A9 02 00 72 
01 01 25 01 01  
     <L,3 
        <U2,1 , '249'>,
        <U4,1 , '114'>,
        <L,1 
            <L,2 
                <U2,1 , '114'>,
                <L,1 
                    <BOOL,1 , '1'>,
                >
            >
        >
    >


2024-01-29 12:21:34.1501[TRACE]SEND-S6F12 Wbit=[False] Systembytes=[4074663873].
Header=00 00 06 0C 00 00 F2 DE 6F C1  
 21 01 00  
     <B,1 , '0'>,


2024-01-29 12:21:34.4680[TRACE]RECV-S5F1 Wbit=[True] Systembytes=[4142035909].
Header=00 00 85 01 00 00 F6 E2 73 C5  
 01 03 21 01 86 A9 02 01 07 41     09 41 6C 61 72 6D 5F 32 36 33  
     <L,3 
        <B,1 , '134'>,
        <U2,1 , '263'>,
        <A,9 , 'Alarm_263'>,
    >


2024-01-29 12:21:34.4997[TRACE]SEND-S5F2 Wbit=[False] Systembytes=[4142035909].
Header=00 00 05 02 00 00 F6 E2 73 C5  
 21 01 00  
     <B,1 , '0'>,


2024-01-29 12:21:34.5469[TRACE]RECV-S6F11 Wbit=[True] Systembytes=[4276779981].
Header=00 00 86 0B 00 00 FE EA 7B CD  
 01 03 A9 02 00 F9 B1 04 00 00     00 79 01 01 01 02 A9 02 00 78 
01 01 A9 02 00 02  
     <L,3 
        <U2,1 , '249'>,
        <U4,1 , '121'>,
        <L,1 
            <L,2 
                <U2,1 , '120'>,
                <L,1 
                    <U2,1 , '2'>,
                >
            >
        >
    >


2024-01-29 12:21:34.5628[TRACE]SEND-S6F12 Wbit=[False] Systembytes=[4276779981].
Header=00 00 06 0C 00 00 FE EA 7B CD  
 21 01 00  
     <B,1 , '0'>,


